#
# There is insufficient memory for the Java Runtime Environment to continue.
# Native memory allocation (malloc) failed to allocate 730240 bytes. Error detail: Chunk::new
# Possible reasons:
#   The system is out of physical RAM or swap space
#   This process is running with CompressedOops enabled, and the Java Heap may be blocking the growth of the native heap
# Possible solutions:
#   Reduce memory load on the system
#   Increase physical memory or swap space
#   Check if swap backing store is full
#   Decrease Java heap size (-Xmx/-Xms)
#   Decrease number of Java threads
#   Decrease Java thread stack sizes (-Xss)
#   Set larger code cache with -XX:ReservedCodeCacheSize=
#   JVM is running with Zero Based Compressed Oops mode in which the Java heap is
#     placed in the first 32GB address space. The Java Heap base address is the
#     maximum limit for the native heap growth. Please use -XX:HeapBaseMinAddress
#     to set the Java Heap base and to place the Java Heap above 32GB virtual address.
# This output file may be truncated or incomplete.
#
#  Out of Memory Error (arena.cpp:150), pid=22284, tid=25824
#
# JRE version: Java(TM) SE Runtime Environment (22.0.1+8) (build 22.0.1+8-16)
# Java VM: Java HotSpot(TM) 64-Bit Server VM (22.0.1+8-16, mixed mode, sharing, tiered, compressed oops, compressed class ptrs, g1 gc, windows-amd64)
# No core dump will be written. Minidumps are not enabled by default on client versions of Windows
#

---------------  S U M M A R Y ------------

Command Line: -ea -javaagent:C:\Users\mohamed\.m2\repository/org/aspectj/aspectjweaver/1.9.21.1/aspectjweaver-1.9.21.1.jar -Didea.test.cyclic.buffer.size=1048576 -javaagent:C:\Program Files\JetBrains\IntelliJ IDEA Community Edition 2024.3.4.1\lib\idea_rt.jar=52188 -javaagent:C:\Users\mohamed\AppData\Local\JetBrains\IdeaIC2024.3\captureAgent\debugger-agent.jar -Dkotlinx.coroutines.debug.enable.creation.stack.trace=false -Ddebugger.agent.enable.coroutines=true -Dkotlinx.coroutines.debug.enable.flows.stack.trace=true -Dkotlinx.coroutines.debug.enable.mutable.state.flows.stack.trace=true -Dfile.encoding=UTF-8 -Dsun.stdout.encoding=UTF-8 -Dsun.stderr.encoding=UTF-8 com.intellij.rt.testng.RemoteTestNGStarter -usedefaultlisteners false -socket52187 @w@C:\Users\mohamed\AppData\Local\Temp\idea_working_dirs_testng.tmp -temp C:\Users\mohamed\AppData\Local\Temp\idea_testng.tmp

Host: Intel(R) Core(TM) i7-4710MQ CPU @ 2.50GHz, 8 cores, 15G,  Windows 11 , 64 bit Build 22621 (10.0.22621.3958)
Time: Tue Apr 15 17:40:01 2025 Egypt Standard Time elapsed time: 22.852121 seconds (0d 0h 0m 22s)

---------------  T H R E A D  ---------------

Current thread (0x000001d9ff199e30):  JavaThread "C2 CompilerThread0" daemon [_thread_in_native, id=25824, stack(0x0000007d4a700000,0x0000007d4a800000) (1024K)]


Current CompileTask:
C2:22852 5177   !   4       org.aspectj.weaver.bcel.AtAjAttributes::readAj5ClassAttributes (1000 bytes)

Stack: [0x0000007d4a700000,0x0000007d4a800000]
Native frames: (J=compiled Java code, j=interpreted, Vv=VM code, C=native code)
V  [jvm.dll+0x6e2279]  (no source info available)
V  [jvm.dll+0x874e33]  (no source info available)
V  [jvm.dll+0x87725e]  (no source info available)
V  [jvm.dll+0x877933]  (no source info available)
V  [jvm.dll+0x27fd76]  (no source info available)
V  [jvm.dll+0xc3d0f]  (no source info available)
V  [jvm.dll+0xc3f6b]  (no source info available)
V  [jvm.dll+0x3bb10c]  (no source info available)
V  [jvm.dll+0x1df87e]  (no source info available)
V  [jvm.dll+0x247a5c]  (no source info available)
V  [jvm.dll+0x246fbf]  (no source info available)
V  [jvm.dll+0x1c4e90]  (no source info available)
V  [jvm.dll+0x2569fe]  (no source info available)
V  [jvm.dll+0x254cba]  (no source info available)
V  [jvm.dll+0x3f5336]  (no source info available)
V  [jvm.dll+0x81d44b]  (no source info available)
V  [jvm.dll+0x6e0915]  (no source info available)
C  [ucrtbase.dll+0x29333]  (no source info available)
C  [KERNEL32.DLL+0x1257d]  (no source info available)
C  [ntdll.dll+0x5af08]  (no source info available)


---------------  P R O C E S S  ---------------

Threads class SMR info:
_java_thread_list=0x000001d9e3a6c6e0, length=29, elements={
0x000001d9fb0419c0, 0x000001d9ff179f20, 0x000001d9ff17f970, 0x000001d9ff182c60,
0x000001d9ff186ef0, 0x000001d9ff187560, 0x000001d9ff18bd10, 0x000001d9ff199e30,
0x000001d9ff19a620, 0x000001d99d45a670, 0x000001d9e30b9080, 0x000001d9e32164a0,
0x000001d9e3773500, 0x000001d9e57cf680, 0x000001d9e57cc200, 0x000001d9e57cae50,
0x000001d9e57ce2d0, 0x000001d9e57cbb70, 0x000001d9e57cb4e0, 0x000001d9e57c9aa0,
0x000001d9e57ca130, 0x000001d9e57d03a0, 0x000001d9e57ca7c0, 0x000001d9e57c9410,
0x000001d9e57cc890, 0x000001d9e57ccf20, 0x000001d9e57cd5b0, 0x000001d9e57cdc40,
0x000001d9e70d1890
}

Java Threads: ( => current thread )
  0x000001d9fb0419c0 JavaThread "main"                              [_thread_in_Java, id=13012, stack(0x0000007d49900000,0x0000007d49a00000) (1024K)]
  0x000001d9ff179f20 JavaThread "Reference Handler"          daemon [_thread_blocked, id=23752, stack(0x0000007d4a100000,0x0000007d4a200000) (1024K)]
  0x000001d9ff17f970 JavaThread "Finalizer"                  daemon [_thread_blocked, id=27436, stack(0x0000007d4a200000,0x0000007d4a300000) (1024K)]
  0x000001d9ff182c60 JavaThread "Signal Dispatcher"          daemon [_thread_blocked, id=23044, stack(0x0000007d4a300000,0x0000007d4a400000) (1024K)]
  0x000001d9ff186ef0 JavaThread "Attach Listener"            daemon [_thread_blocked, id=17164, stack(0x0000007d4a400000,0x0000007d4a500000) (1024K)]
  0x000001d9ff187560 JavaThread "Service Thread"             daemon [_thread_blocked, id=16116, stack(0x0000007d4a500000,0x0000007d4a600000) (1024K)]
  0x000001d9ff18bd10 JavaThread "Monitor Deflation Thread"   daemon [_thread_blocked, id=19404, stack(0x0000007d4a600000,0x0000007d4a700000) (1024K)]
=>0x000001d9ff199e30 JavaThread "C2 CompilerThread0"         daemon [_thread_in_native, id=25824, stack(0x0000007d4a700000,0x0000007d4a800000) (1024K)]
  0x000001d9ff19a620 JavaThread "C1 CompilerThread0"         daemon [_thread_blocked, id=14976, stack(0x0000007d4a800000,0x0000007d4a900000) (1024K)]
  0x000001d99d45a670 JavaThread "Common-Cleaner"             daemon [_thread_blocked, id=18556, stack(0x0000007d4a900000,0x0000007d4aa00000) (1024K)]
  0x000001d9e30b9080 JavaThread "Monitor Ctrl-Break"         daemon [_thread_in_native, id=27284, stack(0x0000007d4ab00000,0x0000007d4ac00000) (1024K)]
  0x000001d9e32164a0 JavaThread "Notification Thread"        daemon [_thread_blocked, id=19844, stack(0x0000007d4b200000,0x0000007d4b300000) (1024K)]
  0x000001d9e3773500 JavaThread "HttpClient-1-SelectorManager" daemon [_thread_in_native, id=22924, stack(0x0000007d4b700000,0x0000007d4b800000) (1024K)]
  0x000001d9e57cf680 JavaThread "External Process Output Forwarder - C:\Users\mohamed\.cache\selenium\msedgedriver\win64\135.0.3179.73\msedgedriver.exe" daemon [_thread_in_native, id=21064, stack(0x0000007d4b800000,0x0000007d4b900000) (1024K)]
  0x000001d9e57cc200 JavaThread "Driver Service Executor"    daemon [_thread_blocked, id=22348, stack(0x0000007d4b900000,0x0000007d4ba00000) (1024K)]
  0x000001d9e57cae50 JavaThread "Driver Service Executor"    daemon [_thread_in_native, id=8004, stack(0x0000007d4ba00000,0x0000007d4bb00000) (1024K)]
  0x000001d9e57ce2d0 JavaThread "UrlChecker-2"               daemon [_thread_blocked, id=14004, stack(0x0000007d4bb00000,0x0000007d4bc00000) (1024K)]
  0x000001d9e57cbb70 JavaThread "JdkHttpClient-0-0"          daemon [_thread_blocked, id=13680, stack(0x0000007d4bd00000,0x0000007d4be00000) (1024K)]
  0x000001d9e57cb4e0 JavaThread "CompletableFutureDelayScheduler" daemon [_thread_blocked, id=26788, stack(0x0000007d4be00000,0x0000007d4bf00000) (1024K)]
  0x000001d9e57c9aa0 JavaThread "JdkHttpClient-0-1"          daemon [_thread_blocked, id=24244, stack(0x0000007d4bf00000,0x0000007d4c000000) (1024K)]
  0x000001d9e57ca130 JavaThread "JdkHttpClient-0-2"          daemon [_thread_blocked, id=11764, stack(0x0000007d4c000000,0x0000007d4c100000) (1024K)]
  0x000001d9e57d03a0 JavaThread "JdkHttpClient-0-3"          daemon [_thread_blocked, id=14112, stack(0x0000007d4c100000,0x0000007d4c200000) (1024K)]
  0x000001d9e57ca7c0 JavaThread "HttpClient-2-SelectorManager" daemon [_thread_in_native, id=11216, stack(0x0000007d4c200000,0x0000007d4c300000) (1024K)]
  0x000001d9e57c9410 JavaThread "JdkHttpClient-1-0"          daemon [_thread_blocked, id=22152, stack(0x0000007d4c300000,0x0000007d4c400000) (1024K)]
  0x000001d9e57cc890 JavaThread "JdkHttpClient-1-1"          daemon [_thread_blocked, id=26456, stack(0x0000007d4c400000,0x0000007d4c500000) (1024K)]
  0x000001d9e57ccf20 JavaThread "JdkHttpClient-1-2"          daemon [_thread_blocked, id=5196, stack(0x0000007d4c500000,0x0000007d4c600000) (1024K)]
  0x000001d9e57cd5b0 JavaThread "Forwarding screenshot on session 5b4c2be4aafc255ce52d1943354d6b70 to remote" daemon [_thread_blocked, id=23284, stack(0x0000007d4b600000,0x0000007d4b700000) (1024K)]
  0x000001d9e57cdc40 JavaThread "JdkHttpClient-0-4"          daemon [_thread_blocked, id=23784, stack(0x0000007d4c600000,0x0000007d4c700000) (1024K)]
  0x000001d9e70d1890 JavaThread "C2 CompilerThread1"         daemon [_thread_in_native, id=15580, stack(0x0000007d4aa00000,0x0000007d4ab00000) (1024K)]
Total: 29

Other Threads:
  0x000001d9ff15ec30 VMThread "VM Thread"                           [id=16596, stack(0x0000007d4a000000,0x0000007d4a100000) (1024K)]
  0x000001d9ff147d10 WatcherThread "VM Periodic Task Thread"        [id=4768, stack(0x0000007d49f00000,0x0000007d4a000000) (1024K)]
  0x000001d9fd3a6d30 WorkerThread "GC Thread#0"                     [id=20744, stack(0x0000007d49a00000,0x0000007d49b00000) (1024K)]
  0x000001d9e31faa80 WorkerThread "GC Thread#1"                     [id=27100, stack(0x0000007d4ac00000,0x0000007d4ad00000) (1024K)]
  0x000001d9e322e160 WorkerThread "GC Thread#2"                     [id=22440, stack(0x0000007d4ad00000,0x0000007d4ae00000) (1024K)]
  0x000001d9e322e510 WorkerThread "GC Thread#3"                     [id=2860, stack(0x0000007d4ae00000,0x0000007d4af00000) (1024K)]
  0x000001d9e322e8c0 WorkerThread "GC Thread#4"                     [id=17392, stack(0x0000007d4af00000,0x0000007d4b000000) (1024K)]
  0x000001d9e30afa90 WorkerThread "GC Thread#5"                     [id=9900, stack(0x0000007d4b000000,0x0000007d4b100000) (1024K)]
  0x000001d9e3214db0 WorkerThread "GC Thread#6"                     [id=23820, stack(0x0000007d4b100000,0x0000007d4b200000) (1024K)]
  0x000001d9e33a7160 WorkerThread "GC Thread#7"                     [id=3864, stack(0x0000007d4b400000,0x0000007d4b500000) (1024K)]
  0x000001d9fd3b7cf0 ConcurrentGCThread "G1 Main Marker"            [id=19016, stack(0x0000007d49b00000,0x0000007d49c00000) (1024K)]
  0x000001d9fd3b8eb0 WorkerThread "G1 Conc#0"                       [id=17684, stack(0x0000007d49c00000,0x0000007d49d00000) (1024K)]
  0x000001d9e4d85600 WorkerThread "G1 Conc#1"                       [id=12720, stack(0x0000007d4b500000,0x0000007d4b600000) (1024K)]
  0x000001d9fd3eea90 ConcurrentGCThread "G1 Refine#0"               [id=18252, stack(0x0000007d49d00000,0x0000007d49e00000) (1024K)]
  0x000001d9ff007370 ConcurrentGCThread "G1 Service"                [id=8836, stack(0x0000007d49e00000,0x0000007d49f00000) (1024K)]
Total: 15

Threads with active compile tasks:
C2 CompilerThread0  22958 5177   !   4       org.aspectj.weaver.bcel.AtAjAttributes::readAj5ClassAttributes (1000 bytes)
C1 CompilerThread0  22958 5251       3       io.qameta.allure.internal.shadowed.jackson.databind.type.TypeFactory::_fromAny (173 bytes)
C2 CompilerThread1  22958 5216       4       org.aspectj.apache.bcel.generic.MethodGen::<init> (998 bytes)
Total: 3

VM state: not at safepoint (normal execution)

VM Mutex/Monitor currently owned by a thread: None

Heap address: 0x0000000700e00000, size: 4082 MB, Compressed Oops mode: Zero based, Oop shift amount: 3

CDS archive(s) mapped at: [0x000001d99e000000-0x000001d99ec60000-0x000001d99ec60000), size 12976128, SharedBaseAddress: 0x000001d99e000000, ArchiveRelocationMode: 1.
Compressed class space mapped at: 0x000001d99f000000-0x000001d9df000000, reserved size: 1073741824
Narrow klass base: 0x000001d99e000000, Narrow klass shift: 0, Narrow klass range: 0x41000000

GC Precious Log:
 CardTable entry size: 512
 Card Set container configuration: InlinePtr #cards 4 size 8 Array Of Cards #cards 16 size 48 Howl #buckets 8 coarsen threshold 3686 Howl Bitmap #cards 512 size 80 coarsen threshold 460 Card regions per heap region 1 cards per card region 4096
 CPUs: 8 total, 8 available
 Memory: 16321M
 Large Page Support: Disabled
 NUMA Support: Disabled
 Compressed Oops: Enabled (Zero based)
 Heap Region Size: 2M
 Heap Min Capacity: 8M
 Heap Initial Capacity: 256M
 Heap Max Capacity: 4082M
 Pre-touch: Disabled
 Parallel Workers: 8
 Concurrent Workers: 2
 Concurrent Refinement Workers: 8
 Periodic GC: Disabled

Heap:
 garbage-first heap   total reserved 4179968K, committed 124928K, used 88466K [0x0000000700e00000, 0x0000000800000000)
  region size 2048K, 19 young (38912K), 3 survivors (6144K)
 Metaspace       used 32088K, committed 32640K, reserved 1114112K
  class space    used 3562K, committed 3840K, reserved 1048576K

Heap Regions: E=young(eden), S=young(survivor), O=old, HS=humongous(starts), HC=humongous(continues), CS=collection set, F=free, TAMS=top-at-mark-start, PB=parsable bottom
|   0|0x0000000700e00000, 0x0000000701000000, 0x0000000701000000|100%| O|  |TAMS 0x0000000700e00000| PB 0x0000000700e00000| Untracked |  0
|   1|0x0000000701000000, 0x0000000701200000, 0x0000000701200000|100%| O|  |TAMS 0x0000000701000000| PB 0x0000000701000000| Untracked |  0
|   2|0x0000000701200000, 0x0000000701400000, 0x0000000701400000|100%| O|  |TAMS 0x0000000701200000| PB 0x0000000701200000| Untracked |  0
|   3|0x0000000701400000, 0x0000000701600000, 0x0000000701600000|100%| O|  |TAMS 0x0000000701400000| PB 0x0000000701400000| Untracked |  0
|   4|0x0000000701600000, 0x0000000701800000, 0x0000000701800000|100%| O|  |TAMS 0x0000000701600000| PB 0x0000000701600000| Untracked |  0
|   5|0x0000000701800000, 0x0000000701a00000, 0x0000000701a00000|100%| O|  |TAMS 0x0000000701800000| PB 0x0000000701800000| Untracked |  0
|   6|0x0000000701a00000, 0x0000000701c00000, 0x0000000701c00000|100%| O|  |TAMS 0x0000000701a00000| PB 0x0000000701a00000| Untracked |  0
|   7|0x0000000701c00000, 0x0000000701e00000, 0x0000000701e00000|100%| O|  |TAMS 0x0000000701c00000| PB 0x0000000701c00000| Untracked |  0
|   8|0x0000000701e00000, 0x0000000702000000, 0x0000000702000000|100%| O|  |TAMS 0x0000000701e00000| PB 0x0000000701e00000| Untracked |  0
|   9|0x0000000702000000, 0x0000000702200000, 0x0000000702200000|100%| O|  |TAMS 0x0000000702000000| PB 0x0000000702000000| Untracked |  0
|  10|0x0000000702200000, 0x0000000702400000, 0x0000000702400000|100%| O|  |TAMS 0x0000000702200000| PB 0x0000000702200000| Untracked |  0
|  11|0x0000000702400000, 0x0000000702600000, 0x0000000702600000|100%| O|  |TAMS 0x0000000702400000| PB 0x0000000702400000| Untracked |  0
|  12|0x0000000702600000, 0x0000000702800000, 0x0000000702800000|100%|HS|  |TAMS 0x0000000702600000| PB 0x0000000702600000| Complete |  0
|  13|0x0000000702800000, 0x0000000702a00000, 0x0000000702a00000|100%| O|  |TAMS 0x0000000702800000| PB 0x0000000702800000| Untracked |  0
|  14|0x0000000702a00000, 0x0000000702c00000, 0x0000000702c00000|100%| O|  |TAMS 0x0000000702a00000| PB 0x0000000702a00000| Untracked |  0
|  15|0x0000000702c00000, 0x0000000702e00000, 0x0000000702e00000|100%| O|  |TAMS 0x0000000702c00000| PB 0x0000000702c00000| Untracked |  0
|  16|0x0000000702e00000, 0x0000000703000000, 0x0000000703000000|100%| O|  |TAMS 0x0000000702e00000| PB 0x0000000702e00000| Untracked |  0
|  17|0x0000000703000000, 0x0000000703200000, 0x0000000703200000|100%|HS|  |TAMS 0x0000000703000000| PB 0x0000000703000000| Complete |  0
|  18|0x0000000703200000, 0x0000000703400000, 0x0000000703400000|100%|HS|  |TAMS 0x0000000703200000| PB 0x0000000703200000| Complete |  0
|  19|0x0000000703400000, 0x0000000703600000, 0x0000000703600000|100%|HS|  |TAMS 0x0000000703400000| PB 0x0000000703400000| Complete |  0
|  20|0x0000000703600000, 0x0000000703800000, 0x0000000703800000|100%|HS|  |TAMS 0x0000000703600000| PB 0x0000000703600000| Complete |  0
|  21|0x0000000703800000, 0x0000000703a00000, 0x0000000703a00000|100%|HS|  |TAMS 0x0000000703800000| PB 0x0000000703800000| Complete |  0
|  22|0x0000000703a00000, 0x0000000703a00000, 0x0000000703c00000|  0%| F|  |TAMS 0x0000000703a00000| PB 0x0000000703a00000| Untracked |  0
|  23|0x0000000703c00000, 0x0000000703c00000, 0x0000000703e00000|  0%| F|  |TAMS 0x0000000703c00000| PB 0x0000000703c00000| Untracked |  0
|  24|0x0000000703e00000, 0x0000000703e00000, 0x0000000704000000|  0%| F|  |TAMS 0x0000000703e00000| PB 0x0000000703e00000| Untracked |  0
|  25|0x0000000704000000, 0x0000000704000000, 0x0000000704200000|  0%| F|  |TAMS 0x0000000704000000| PB 0x0000000704000000| Untracked |  0
|  26|0x0000000704200000, 0x0000000704200000, 0x0000000704400000|  0%| F|  |TAMS 0x0000000704200000| PB 0x0000000704200000| Untracked |  0
|  27|0x0000000704400000, 0x0000000704400000, 0x0000000704600000|  0%| F|  |TAMS 0x0000000704400000| PB 0x0000000704400000| Untracked |  0
|  28|0x0000000704600000, 0x0000000704800000, 0x0000000704800000|100%| O|  |TAMS 0x0000000704600000| PB 0x0000000704600000| Untracked |  0
|  29|0x0000000704800000, 0x0000000704a00000, 0x0000000704a00000|100%| O|  |TAMS 0x0000000704800000| PB 0x0000000704800000| Untracked |  0
|  30|0x0000000704a00000, 0x0000000704c00000, 0x0000000704c00000|100%| O|  |TAMS 0x0000000704a00000| PB 0x0000000704a00000| Untracked |  0
|  31|0x0000000704c00000, 0x0000000704e00000, 0x0000000704e00000|100%| O|  |TAMS 0x0000000704c00000| PB 0x0000000704c00000| Untracked |  0
|  32|0x0000000704e00000, 0x0000000704e00000, 0x0000000705000000|  0%| F|  |TAMS 0x0000000704e00000| PB 0x0000000704e00000| Untracked |  0
|  33|0x0000000705000000, 0x0000000705000000, 0x0000000705200000|  0%| F|  |TAMS 0x0000000705000000| PB 0x0000000705000000| Untracked |  0
|  34|0x0000000705200000, 0x000000070534f4b0, 0x0000000705400000| 65%| S|CS|TAMS 0x0000000705200000| PB 0x0000000705200000| Complete |  0
|  35|0x0000000705400000, 0x0000000705600000, 0x0000000705600000|100%| S|CS|TAMS 0x0000000705400000| PB 0x0000000705400000| Complete |  0
|  36|0x0000000705600000, 0x0000000705800000, 0x0000000705800000|100%| S|CS|TAMS 0x0000000705600000| PB 0x0000000705600000| Complete |  0
|  37|0x0000000705800000, 0x0000000705800000, 0x0000000705a00000|  0%| F|  |TAMS 0x0000000705800000| PB 0x0000000705800000| Untracked |  0
|  38|0x0000000705a00000, 0x0000000705a00000, 0x0000000705c00000|  0%| F|  |TAMS 0x0000000705a00000| PB 0x0000000705a00000| Untracked |  0
|  39|0x0000000705c00000, 0x0000000705c00000, 0x0000000705e00000|  0%| F|  |TAMS 0x0000000705c00000| PB 0x0000000705c00000| Untracked |  0
|  40|0x0000000705e00000, 0x0000000705e00000, 0x0000000706000000|  0%| F|  |TAMS 0x0000000705e00000| PB 0x0000000705e00000| Untracked |  0
|  41|0x0000000706000000, 0x0000000706000000, 0x0000000706200000|  0%| F|  |TAMS 0x0000000706000000| PB 0x0000000706000000| Untracked |  0
|  42|0x0000000706200000, 0x0000000706200000, 0x0000000706400000|  0%| F|  |TAMS 0x0000000706200000| PB 0x0000000706200000| Untracked |  0
|  43|0x0000000706400000, 0x0000000706400000, 0x0000000706600000|  0%| F|  |TAMS 0x0000000706400000| PB 0x0000000706400000| Untracked |  0
|  44|0x0000000706600000, 0x00000007066a3c00, 0x0000000706800000| 31%| E|  |TAMS 0x0000000706600000| PB 0x0000000706600000| Complete |  0
|  45|0x0000000706800000, 0x0000000706a00000, 0x0000000706a00000|100%| E|CS|TAMS 0x0000000706800000| PB 0x0000000706800000| Complete |  0
|  46|0x0000000706a00000, 0x0000000706c00000, 0x0000000706c00000|100%| E|CS|TAMS 0x0000000706a00000| PB 0x0000000706a00000| Complete |  0
|  47|0x0000000706c00000, 0x0000000706e00000, 0x0000000706e00000|100%| E|CS|TAMS 0x0000000706c00000| PB 0x0000000706c00000| Complete |  0
|  48|0x0000000706e00000, 0x0000000707000000, 0x0000000707000000|100%| E|CS|TAMS 0x0000000706e00000| PB 0x0000000706e00000| Complete |  0
|  49|0x0000000707000000, 0x0000000707200000, 0x0000000707200000|100%| E|CS|TAMS 0x0000000707000000| PB 0x0000000707000000| Complete |  0
|  50|0x0000000707200000, 0x0000000707400000, 0x0000000707400000|100%| E|CS|TAMS 0x0000000707200000| PB 0x0000000707200000| Complete |  0
|  51|0x0000000707400000, 0x0000000707600000, 0x0000000707600000|100%| E|CS|TAMS 0x0000000707400000| PB 0x0000000707400000| Complete |  0
|  52|0x0000000707600000, 0x0000000707800000, 0x0000000707800000|100%| E|  |TAMS 0x0000000707600000| PB 0x0000000707600000| Complete |  0
| 114|0x000000070f200000, 0x000000070f400000, 0x000000070f400000|100%| E|CS|TAMS 0x000000070f200000| PB 0x000000070f200000| Complete |  0
| 115|0x000000070f400000, 0x000000070f600000, 0x000000070f600000|100%| E|CS|TAMS 0x000000070f400000| PB 0x000000070f400000| Complete |  0
| 116|0x000000070f600000, 0x000000070f800000, 0x000000070f800000|100%| E|CS|TAMS 0x000000070f600000| PB 0x000000070f600000| Complete |  0
| 117|0x000000070f800000, 0x000000070fa00000, 0x000000070fa00000|100%| E|CS|TAMS 0x000000070f800000| PB 0x000000070f800000| Complete |  0
| 118|0x000000070fa00000, 0x000000070fc00000, 0x000000070fc00000|100%| E|CS|TAMS 0x000000070fa00000| PB 0x000000070fa00000| Complete |  0
| 126|0x0000000710a00000, 0x0000000710c00000, 0x0000000710c00000|100%| E|CS|TAMS 0x0000000710a00000| PB 0x0000000710a00000| Complete |  0
| 127|0x0000000710c00000, 0x0000000710e00000, 0x0000000710e00000|100%| E|CS|TAMS 0x0000000710c00000| PB 0x0000000710c00000| Complete |  0
|2040|0x00000007ffe00000, 0x00000007fff155f0, 0x0000000800000000| 54%| O|  |TAMS 0x00000007ffe00000| PB 0x00000007ffe00000| Untracked |  0

Card table byte_map: [0x000001d9fdf20000,0x000001d9fe720000] _byte_map_base: 0x000001d9fa719000

Marking Bits: (CMBitMap*) 0x000001d9fd3a7350
 Bits: [0x000001d997280000, 0x000001d99b248000)

Polling page: 0x000001d9fb270000

Metaspace:

Usage:
  Non-class:     27.86 MB used.
      Class:      3.48 MB used.
       Both:     31.34 MB used.

Virtual space:
  Non-class space:       64.00 MB reserved,      28.12 MB ( 44%) committed,  1 nodes.
      Class space:        1.00 GB reserved,       3.75 MB ( <1%) committed,  1 nodes.
             Both:        1.06 GB reserved,      31.88 MB (  3%) committed. 

Chunk freelists:
   Non-Class:  3.81 MB
       Class:  12.19 MB
        Both:  16.00 MB

MaxMetaspaceSize: unlimited
CompressedClassSpaceSize: 1.00 GB
Initial GC threshold: 21.00 MB
Current GC threshold: 35.94 MB
CDS: on
 - commit_granule_bytes: 65536.
 - commit_granule_words: 8192.
 - virtual_space_node_default_size: 8388608.
 - enlarge_chunks_in_place: 1.
 - use_allocation_guard: 0.


Internal statistics:

num_allocs_failed_limit: 6.
num_arena_births: 546.
num_arena_deaths: 2.
num_vsnodes_births: 2.
num_vsnodes_deaths: 0.
num_space_committed: 510.
num_space_uncommitted: 0.
num_chunks_returned_to_freelist: 8.
num_chunks_taken_from_freelist: 1406.
num_chunk_merges: 0.
num_chunk_splits: 931.
num_chunks_enlarged: 628.
num_inconsistent_stats: 0.

CodeHeap 'non-profiled nmethods': size=120000Kb used=3641Kb max_used=3641Kb free=116359Kb
 bounds [0x000001d98fd50000, 0x000001d9900e0000, 0x000001d997280000]
CodeHeap 'profiled nmethods': size=120000Kb used=12626Kb max_used=12626Kb free=107373Kb
 bounds [0x000001d988280000, 0x000001d988ee0000, 0x000001d98f7b0000]
CodeHeap 'non-nmethods': size=5760Kb used=1592Kb max_used=1636Kb free=4167Kb
 bounds [0x000001d98f7b0000, 0x000001d98fa20000, 0x000001d98fd50000]
 total_blobs=5887 nmethods=5241 adapters=549
 compilation: enabled
              stopped_count=0, restarted_count=0
 full_count=0

Compilation events (20 events):
Event: 22.770 Thread 0x000001d9e70d1890 5191       4       org.aspectj.weaver.bcel.BcelMethod::getKind (16 bytes)
Event: 22.771 Thread 0x000001d9e70d1890 nmethod 5191 0x000001d9900d8390 code [0x000001d9900d8500, 0x000001d9900d85a8]
Event: 22.771 Thread 0x000001d9e70d1890 5188       4       org.aspectj.weaver.TypeFactory::locateMatchingEndAngleBracket (73 bytes)
Event: 22.775 Thread 0x000001d9e70d1890 nmethod 5188 0x000001d9900d8690 code [0x000001d9900d8840, 0x000001d9900d8a68]
Event: 22.775 Thread 0x000001d9e70d1890 5173       4       org.aspectj.weaver.JoinPointSignatureIterator::<init> (90 bytes)
Event: 22.800 Thread 0x000001d9e70d1890 nmethod 5173 0x000001d9900d8c90 code [0x000001d9900d8e80, 0x000001d9900d9818]
Event: 22.800 Thread 0x000001d9e70d1890 5174       4       org.aspectj.weaver.JoinPointSignatureIterator::shouldWalkUpHierarchy (53 bytes)
Event: 22.802 Thread 0x000001d9e70d1890 nmethod 5174 0x000001d9900d9b10 code [0x000001d9900d9ca0, 0x000001d9900d9dc8]
Event: 22.819 Thread 0x000001d9ff19a620 5196       3       java.lang.reflect.Method::getRoot (5 bytes)
Event: 22.819 Thread 0x000001d9ff19a620 nmethod 5196 0x000001d988eba010 code [0x000001d988eba1a0, 0x000001d988eba2c8]
Event: 22.823 Thread 0x000001d9ff19a620 5197       3       java.lang.Boolean::equals (29 bytes)
Event: 22.823 Thread 0x000001d9ff19a620 nmethod 5197 0x000001d988eba390 code [0x000001d988eba540, 0x000001d988eba8d0]
Event: 22.823 Thread 0x000001d9ff19a620 5198       3       io.qameta.allure.internal.shadowed.jackson.databind.introspect.AnnotatedMember::getAnnotation (18 bytes)
Event: 22.824 Thread 0x000001d9ff19a620 nmethod 5198 0x000001d988eba990 code [0x000001d988ebab60, 0x000001d988ebaf38]
Event: 22.824 Thread 0x000001d9ff19a620 5199       3       io.qameta.allure.internal.shadowed.jackson.databind.introspect.AnnotationMap::get (21 bytes)
Event: 22.824 Thread 0x000001d9ff19a620 nmethod 5199 0x000001d988ebb090 code [0x000001d988ebb240, 0x000001d988ebb568]
Event: 22.824 Thread 0x000001d9ff19a620 5200       3       io.qameta.allure.internal.shadowed.jackson.databind.AnnotationIntrospector::_findAnnotation (6 bytes)
Event: 22.824 Thread 0x000001d9ff19a620 nmethod 5200 0x000001d988ebb690 code [0x000001d988ebb840, 0x000001d988ebba20]
Event: 22.845 Thread 0x000001d9ff19a620 5201       3       java.util.Properties::getProperty (50 bytes)
Event: 22.846 Thread 0x000001d9ff19a620 nmethod 5201 0x000001d988ebbb10 code [0x000001d988ebbce0, 0x000001d988ebc208]

GC Heap History (16 events):
Event: 1.028 GC heap before
{Heap before GC invocations=0 (full 0):
 garbage-first heap   total reserved 4179968K, committed 262144K, used 22528K [0x0000000700e00000, 0x0000000800000000)
  region size 2048K, 12 young (24576K), 0 survivors (0K)
 Metaspace       used 7172K, committed 7360K, reserved 1114112K
  class space    used 670K, committed 768K, reserved 1048576K
}
Event: 1.033 GC heap after
{Heap after GC invocations=1 (full 0):
 garbage-first heap   total reserved 4179968K, committed 262144K, used 5255K [0x0000000700e00000, 0x0000000800000000)
  region size 2048K, 2 young (4096K), 2 survivors (4096K)
 Metaspace       used 7172K, committed 7360K, reserved 1114112K
  class space    used 670K, committed 768K, reserved 1048576K
}
Event: 2.009 GC heap before
{Heap before GC invocations=1 (full 0):
 garbage-first heap   total reserved 4179968K, committed 262144K, used 42119K [0x0000000700e00000, 0x0000000800000000)
  region size 2048K, 20 young (40960K), 2 survivors (4096K)
 Metaspace       used 11064K, committed 11264K, reserved 1114112K
  class space    used 1041K, committed 1152K, reserved 1048576K
}
Event: 2.018 GC heap after
{Heap after GC invocations=2 (full 0):
 garbage-first heap   total reserved 4179968K, committed 262144K, used 13994K [0x0000000700e00000, 0x0000000800000000)
  region size 2048K, 3 young (6144K), 3 survivors (6144K)
 Metaspace       used 11064K, committed 11264K, reserved 1114112K
  class space    used 1041K, committed 1152K, reserved 1048576K
}
Event: 2.748 GC heap before
{Heap before GC invocations=2 (full 0):
 garbage-first heap   total reserved 4179968K, committed 262144K, used 67242K [0x0000000700e00000, 0x0000000800000000)
  region size 2048K, 30 young (61440K), 3 survivors (6144K)
 Metaspace       used 14499K, committed 14720K, reserved 1114112K
  class space    used 1314K, committed 1408K, reserved 1048576K
}
Event: 2.760 GC heap after
{Heap after GC invocations=3 (full 0):
 garbage-first heap   total reserved 4179968K, committed 262144K, used 24738K [0x0000000700e00000, 0x0000000800000000)
  region size 2048K, 4 young (8192K), 4 survivors (8192K)
 Metaspace       used 14499K, committed 14720K, reserved 1114112K
  class space    used 1314K, committed 1408K, reserved 1048576K
}
Event: 3.901 GC heap before
{Heap before GC invocations=3 (full 0):
 garbage-first heap   total reserved 4179968K, committed 262144K, used 92322K [0x0000000700e00000, 0x0000000800000000)
  region size 2048K, 38 young (77824K), 4 survivors (8192K)
 Metaspace       used 18950K, committed 19200K, reserved 1114112K
  class space    used 1944K, committed 2048K, reserved 1048576K
}
Event: 3.913 GC heap after
{Heap after GC invocations=4 (full 0):
 garbage-first heap   total reserved 4179968K, committed 262144K, used 33083K [0x0000000700e00000, 0x0000000800000000)
  region size 2048K, 4 young (8192K), 4 survivors (8192K)
 Metaspace       used 18950K, committed 19200K, reserved 1114112K
  class space    used 1944K, committed 2048K, reserved 1048576K
}
Event: 4.803 GC heap before
{Heap before GC invocations=4 (full 0):
 garbage-first heap   total reserved 4179968K, committed 262144K, used 49467K [0x0000000700e00000, 0x0000000800000000)
  region size 2048K, 13 young (26624K), 4 survivors (8192K)
 Metaspace       used 21152K, committed 21504K, reserved 1114112K
  class space    used 2249K, committed 2432K, reserved 1048576K
}
Event: 4.809 GC heap after
{Heap after GC invocations=5 (full 0):
 garbage-first heap   total reserved 4179968K, committed 262144K, used 34126K [0x0000000700e00000, 0x0000000800000000)
  region size 2048K, 5 young (10240K), 5 survivors (10240K)
 Metaspace       used 21152K, committed 21504K, reserved 1114112K
  class space    used 2249K, committed 2432K, reserved 1048576K
}
Event: 11.402 GC heap before
{Heap before GC invocations=6 (full 0):
 garbage-first heap   total reserved 4179968K, committed 122880K, used 95566K [0x0000000700e00000, 0x0000000800000000)
  region size 2048K, 36 young (73728K), 5 survivors (10240K)
 Metaspace       used 29120K, committed 29568K, reserved 1114112K
  class space    used 3231K, committed 3392K, reserved 1048576K
}
Event: 11.425 GC heap after
{Heap after GC invocations=7 (full 0):
 garbage-first heap   total reserved 4179968K, committed 122880K, used 43071K [0x0000000700e00000, 0x0000000800000000)
  region size 2048K, 5 young (10240K), 5 survivors (10240K)
 Metaspace       used 29120K, committed 29568K, reserved 1114112K
  class space    used 3231K, committed 3392K, reserved 1048576K
}
Event: 15.105 GC heap before
{Heap before GC invocations=7 (full 0):
 garbage-first heap   total reserved 4179968K, committed 122880K, used 106559K [0x0000000700e00000, 0x0000000800000000)
  region size 2048K, 31 young (63488K), 5 survivors (10240K)
 Metaspace       used 30522K, committed 30976K, reserved 1114112K
  class space    used 3394K, committed 3584K, reserved 1048576K
}
Event: 15.122 GC heap after
{Heap after GC invocations=8 (full 0):
 garbage-first heap   total reserved 4179968K, committed 124928K, used 45957K [0x0000000700e00000, 0x0000000800000000)
  region size 2048K, 2 young (4096K), 2 survivors (4096K)
 Metaspace       used 30522K, committed 30976K, reserved 1114112K
  class space    used 3394K, committed 3584K, reserved 1048576K
}
Event: 21.403 GC heap before
{Heap before GC invocations=8 (full 0):
 garbage-first heap   total reserved 4179968K, committed 124928K, used 101253K [0x0000000700e00000, 0x0000000800000000)
  region size 2048K, 25 young (51200K), 2 survivors (4096K)
 Metaspace       used 31348K, committed 31808K, reserved 1114112K
  class space    used 3476K, committed 3712K, reserved 1048576K
}
Event: 21.407 GC heap after
{Heap after GC invocations=9 (full 0):
 garbage-first heap   total reserved 4179968K, committed 124928K, used 47506K [0x0000000700e00000, 0x0000000800000000)
  region size 2048K, 3 young (6144K), 3 survivors (6144K)
 Metaspace       used 31348K, committed 31808K, reserved 1114112K
  class space    used 3476K, committed 3712K, reserved 1048576K
}

Dll operation events (13 events):
Event: 0.015 Loaded shared library C:\Program Files\Java\jdk-22\bin\java.dll
Event: 0.017 Loaded shared library C:\Program Files\Java\jdk-22\bin\zip.dll
Event: 0.065 Loaded shared library C:\Program Files\Java\jdk-22\bin\jsvml.dll
Event: 0.225 Loaded shared library C:\Program Files\Java\jdk-22\bin\instrument.dll
Event: 0.231 Loaded shared library C:\Program Files\Java\jdk-22\bin\net.dll
Event: 0.234 Loaded shared library C:\Program Files\Java\jdk-22\bin\nio.dll
Event: 0.247 Loaded shared library C:\Program Files\Java\jdk-22\bin\zip.dll
Event: 0.375 Loaded shared library C:\Program Files\Java\jdk-22\bin\jimage.dll
Event: 0.414 Loaded shared library C:\Program Files\Java\jdk-22\bin\verify.dll
Event: 1.013 Loaded shared library C:\Program Files\Java\jdk-22\bin\extnet.dll
Event: 3.939 Loaded shared library C:\Program Files\Java\jdk-22\bin\management.dll
Event: 3.943 Loaded shared library C:\Program Files\Java\jdk-22\bin\management_ext.dll
Event: 5.009 Loaded shared library C:\Program Files\Java\jdk-22\bin\sunmscapi.dll

Deoptimization events (20 events):
Event: 19.897 Thread 0x000001d9fb0419c0 DEOPT PACKING pc=0x000001d99006c56c sp=0x0000007d499fc150
Event: 19.897 Thread 0x000001d9fb0419c0 DEOPT UNPACKING pc=0x000001d98f8046a2 sp=0x0000007d499fc140 mode 2
Event: 19.897 Thread 0x000001d9fb0419c0 Uncommon trap: trap_request=0xffffff45 fr.pc=0x000001d99002d9a8 relative=0x00000000000007a8
Event: 19.897 Thread 0x000001d9fb0419c0 Uncommon trap: reason=unstable_if action=reinterpret pc=0x000001d99002d9a8 method=org.openqa.selenium.json.JsonInput.readString()Ljava/lang/String; @ 25 c2
Event: 19.897 Thread 0x000001d9fb0419c0 DEOPT PACKING pc=0x000001d99002d9a8 sp=0x0000007d499fc160
Event: 19.897 Thread 0x000001d9fb0419c0 DEOPT UNPACKING pc=0x000001d98f8046a2 sp=0x0000007d499fc140 mode 2
Event: 20.327 Thread 0x000001d9e57cdc40 Uncommon trap: trap_request=0xffffff45 fr.pc=0x000001d98ff6c8c0 relative=0x0000000000000280
Event: 20.327 Thread 0x000001d9e57cdc40 Uncommon trap: reason=unstable_if action=reinterpret pc=0x000001d98ff6c8c0 method=java.util.concurrent.ConcurrentHashMap.get(Ljava/lang/Object;)Ljava/lang/Object; @ 86 c2
Event: 20.327 Thread 0x000001d9e57cdc40 DEOPT PACKING pc=0x000001d98ff6c8c0 sp=0x0000007d4c6fef30
Event: 20.327 Thread 0x000001d9e57cdc40 DEOPT UNPACKING pc=0x000001d98f8046a2 sp=0x0000007d4c6feea8 mode 2
Event: 20.612 Thread 0x000001d9fb0419c0 DEOPT PACKING pc=0x000001d988e3a789 sp=0x0000007d499fc110
Event: 20.612 Thread 0x000001d9fb0419c0 DEOPT UNPACKING pc=0x000001d98f804e42 sp=0x0000007d499fb638 mode 0
Event: 22.684 Thread 0x000001d9fb0419c0 DEOPT PACKING pc=0x000001d988bc50de sp=0x0000007d499f7ac0
Event: 22.684 Thread 0x000001d9fb0419c0 DEOPT UNPACKING pc=0x000001d98f804e42 sp=0x0000007d499f7080 mode 0
Event: 22.688 Thread 0x000001d9fb0419c0 Uncommon trap: trap_request=0xffffff45 fr.pc=0x000001d98ff35360 relative=0x00000000000008e0
Event: 22.688 Thread 0x000001d9fb0419c0 Uncommon trap: reason=unstable_if action=reinterpret pc=0x000001d98ff35360 method=java.util.WeakHashMap.remove(Ljava/lang/Object;)Ljava/lang/Object; @ 92 c2
Event: 22.688 Thread 0x000001d9fb0419c0 DEOPT PACKING pc=0x000001d98ff35360 sp=0x0000007d499fa080
Event: 22.688 Thread 0x000001d9fb0419c0 DEOPT UNPACKING pc=0x000001d98f8046a2 sp=0x0000007d499fa030 mode 2
Event: 22.802 Thread 0x000001d9fb0419c0 DEOPT PACKING pc=0x000001d988bc50de sp=0x0000007d499fade0
Event: 22.802 Thread 0x000001d9fb0419c0 DEOPT UNPACKING pc=0x000001d98f804e42 sp=0x0000007d499fa3a0 mode 0

Classes loaded (20 events):
Event: 22.834 Loading class io/qameta/allure/internal/shadowed/jackson/annotation/JsonPropertyOrder
Event: 22.834 Loading class io/qameta/allure/internal/shadowed/jackson/annotation/JsonPropertyOrder done
Event: 22.834 Loading class io/qameta/allure/internal/shadowed/jackson/annotation/JsonPropertyDescription
Event: 22.834 Loading class io/qameta/allure/internal/shadowed/jackson/annotation/JsonPropertyDescription done
Event: 22.835 Loading class io/qameta/allure/internal/shadowed/jackson/databind/PropertyMetadata
Event: 22.835 Loading class io/qameta/allure/internal/shadowed/jackson/databind/PropertyMetadata done
Event: 22.840 Loading class io/qameta/allure/internal/shadowed/jackson/databind/ext/OptionalHandlerFactory
Event: 22.840 Loading class io/qameta/allure/internal/shadowed/jackson/databind/ext/OptionalHandlerFactory done
Event: 22.842 Loading class org/w3c/dom/Node
Event: 22.842 Loading class org/w3c/dom/Node done
Event: 22.842 Loading class org/w3c/dom/Document
Event: 22.843 Loading class org/w3c/dom/Document done
Event: 22.843 Loading class io/qameta/allure/internal/shadowed/jackson/databind/ext/Java7Handlers
Event: 22.843 Loading class io/qameta/allure/internal/shadowed/jackson/databind/ext/Java7Handlers done
Event: 22.844 Loading class io/qameta/allure/internal/shadowed/jackson/databind/ext/Java7HandlersImpl
Event: 22.844 Loading class io/qameta/allure/internal/shadowed/jackson/databind/ext/Java7HandlersImpl done
Event: 22.845 Loading class io/qameta/allure/internal/shadowed/jackson/databind/ext/NioPathSerializer
Event: 22.845 Loading class io/qameta/allure/internal/shadowed/jackson/databind/ext/NioPathSerializer done
Event: 22.847 Loading class io/qameta/allure/internal/shadowed/jackson/databind/ext/NioPathDeserializer
Event: 22.847 Loading class io/qameta/allure/internal/shadowed/jackson/databind/ext/NioPathDeserializer done

Classes unloaded (1 events):
Event: 4.838 Thread 0x000001d9ff15ec30 Unloading class 0x000001d99f010000 'org/aspectj/mirror/AccessibleObject'

Classes redefined (1 events):
Event: 1.022 Thread 0x000001d9ff15ec30 redefined class name=java.lang.Throwable, count=1

Internal exceptions (20 events):
Event: 14.885 Thread 0x000001d9fb0419c0 Exception <a 'java/lang/IncompatibleClassChangeError'{0x0000000706334008}: Found class java.lang.Object, but interface was expected> (0x0000000706334008) 
thrown [s\open\src\hotspot\share\interpreter\linkResolver.cpp, line 841]
Event: 14.885 Thread 0x000001d9fb0419c0 Exception <a 'java/lang/IncompatibleClassChangeError'{0x0000000706338cc8}: Found class java.lang.Object, but interface was expected> (0x0000000706338cc8) 
thrown [s\open\src\hotspot\share\interpreter\linkResolver.cpp, line 841]
Event: 14.885 Thread 0x000001d9fb0419c0 Exception <a 'java/lang/IncompatibleClassChangeError'{0x000000070633b888}: Found class java.lang.Object, but interface was expected> (0x000000070633b888) 
thrown [s\open\src\hotspot\share\interpreter\linkResolver.cpp, line 841]
Event: 15.653 Thread 0x000001d9e57cd5b0 Exception <a 'sun/nio/fs/WindowsException'{0x000000070f7dcd08}> (0x000000070f7dcd08) 
thrown [s\open\src\hotspot\share\prims\jni.cpp, line 520]
Event: 15.699 Thread 0x000001d9fb0419c0 Implicit null exception at 0x000001d98ff6aa6a to 0x000001d98ff6ad1c
Event: 15.848 Thread 0x000001d9fb0419c0 Implicit null exception at 0x000001d98ff69de5 to 0x000001d98ff6a078
Event: 16.108 Thread 0x000001d9e57cd5b0 Exception <a 'sun/nio/fs/WindowsException'{0x000000070f3bb190}> (0x000000070f3bb190) 
thrown [s\open\src\hotspot\share\prims\jni.cpp, line 520]
Event: 18.039 Thread 0x000001d9e57cd5b0 Exception <a 'sun/nio/fs/WindowsException'{0x000000070f3c4d18}> (0x000000070f3c4d18) 
thrown [s\open\src\hotspot\share\prims\jni.cpp, line 520]
Event: 18.493 Thread 0x000001d9e57cd5b0 Exception <a 'sun/nio/fs/WindowsException'{0x00000007071f96e8}> (0x00000007071f96e8) 
thrown [s\open\src\hotspot\share\prims\jni.cpp, line 520]
Event: 19.907 Thread 0x000001d9e57cd5b0 Exception <a 'sun/nio/fs/WindowsException'{0x0000000706b761c0}> (0x0000000706b761c0) 
thrown [s\open\src\hotspot\share\prims\jni.cpp, line 520]
Event: 20.406 Thread 0x000001d9e57cd5b0 Exception <a 'sun/nio/fs/WindowsException'{0x0000000706bad580}> (0x0000000706bad580) 
thrown [s\open\src\hotspot\share\prims\jni.cpp, line 520]
Event: 20.925 Thread 0x000001d9e57cd5b0 Exception <a 'sun/nio/fs/WindowsException'{0x0000000706bb7110}> (0x0000000706bb7110) 
thrown [s\open\src\hotspot\share\prims\jni.cpp, line 520]
Event: 21.419 Thread 0x000001d9e57cd5b0 Exception <a 'sun/nio/fs/WindowsException'{0x0000000710cec0a8}> (0x0000000710cec0a8) 
thrown [s\open\src\hotspot\share\prims\jni.cpp, line 520]
Event: 22.030 Thread 0x000001d9e57cd5b0 Exception <a 'sun/nio/fs/WindowsException'{0x0000000710cfa448}> (0x0000000710cfa448) 
thrown [s\open\src\hotspot\share\prims\jni.cpp, line 520]
Event: 22.623 Thread 0x000001d9e57cd5b0 Exception <a 'sun/nio/fs/WindowsException'{0x000000070f5f9450}> (0x000000070f5f9450) 
thrown [s\open\src\hotspot\share\prims\jni.cpp, line 520]
Event: 22.663 Thread 0x000001d9fb0419c0 Exception <a 'java/lang/IncompatibleClassChangeError'{0x00000007077e1cb8}: Found class java.lang.Object, but interface was expected> (0x00000007077e1cb8) 
thrown [s\open\src\hotspot\share\interpreter\linkResolver.cpp, line 841]
Event: 22.663 Thread 0x000001d9fb0419c0 Exception <a 'java/lang/IncompatibleClassChangeError'{0x00000007077e4850}: Found class java.lang.Object, but interface was expected> (0x00000007077e4850) 
thrown [s\open\src\hotspot\share\interpreter\linkResolver.cpp, line 841]
Event: 22.664 Thread 0x000001d9fb0419c0 Exception <a 'java/lang/IncompatibleClassChangeError'{0x00000007077e7428}: Found class java.lang.Object, but interface was expected> (0x00000007077e7428) 
thrown [s\open\src\hotspot\share\interpreter\linkResolver.cpp, line 841]
Event: 22.664 Thread 0x000001d9fb0419c0 Exception <a 'java/lang/IncompatibleClassChangeError'{0x00000007077e9fd8}: Found class java.lang.Object, but interface was expected> (0x00000007077e9fd8) 
thrown [s\open\src\hotspot\share\interpreter\linkResolver.cpp, line 841]
Event: 22.664 Thread 0x000001d9fb0419c0 Exception <a 'java/lang/IncompatibleClassChangeError'{0x00000007077ecbb0}: Found class java.lang.Object, but interface was expected> (0x00000007077ecbb0) 
thrown [s\open\src\hotspot\share\interpreter\linkResolver.cpp, line 841]

ZGC Phase Switch (0 events):
No events

VM Operations (20 events):
Event: 16.173 Executing VM operation: Cleanup
Event: 16.173 Executing VM operation: Cleanup done
Event: 17.178 Executing VM operation: Cleanup
Event: 17.178 Executing VM operation: Cleanup done
Event: 18.189 Executing VM operation: Cleanup
Event: 18.189 Executing VM operation: Cleanup done
Event: 20.201 Executing VM operation: Cleanup
Event: 20.201 Executing VM operation: Cleanup done
Event: 21.207 Executing VM operation: Cleanup
Event: 21.207 Executing VM operation: Cleanup done
Event: 21.403 Executing VM operation: G1TryInitiateConcMark (G1 Humongous Allocation)
Event: 21.407 Executing VM operation: G1TryInitiateConcMark (G1 Humongous Allocation) done
Event: 22.416 Executing VM operation: Cleanup
Event: 22.416 Executing VM operation: Cleanup done
Event: 22.662 Executing VM operation: HandshakeAllThreads (Deoptimize)
Event: 22.662 Executing VM operation: HandshakeAllThreads (Deoptimize) done
Event: 22.712 Executing VM operation: HandshakeAllThreads (Deoptimize)
Event: 22.712 Executing VM operation: HandshakeAllThreads (Deoptimize) done
Event: 22.761 Executing VM operation: HandshakeAllThreads (Deoptimize)
Event: 22.775 Executing VM operation: HandshakeAllThreads (Deoptimize) done

Events (20 events):
Event: 7.932 Thread 0x000001d9e57cc890 Thread added: 0x000001d9e57cc890
Event: 7.965 Thread 0x000001d9e57ccf20 Thread added: 0x000001d9e57ccf20
Event: 10.985 Thread 0x000001d9e70d3aa0 Thread exited: 0x000001d9e70d3aa0
Event: 10.993 Thread 0x000001d9e57cd5b0 Thread added: 0x000001d9e57cd5b0
Event: 11.057 Thread 0x000001d9e70d0420 Thread added: 0x000001d9e70d0420
Event: 11.220 Thread 0x000001d9e70d1890 Thread added: 0x000001d9e70d1890
Event: 12.047 Thread 0x000001d9e70d1890 Thread exited: 0x000001d9e70d1890
Event: 12.047 Thread 0x000001d9e70d0420 Thread exited: 0x000001d9e70d0420
Event: 12.053 Thread 0x000001d9e57cdc40 Thread added: 0x000001d9e57cdc40
Event: 12.146 Thread 0x000001d9e70d0420 Thread added: 0x000001d9e70d0420
Event: 12.596 Thread 0x000001d9e70d0420 Thread exited: 0x000001d9e70d0420
Event: 14.933 Thread 0x000001d9e70d2630 Thread added: 0x000001d9e70d2630
Event: 15.092 Thread 0x000001d9e70ce210 Thread added: 0x000001d9e70ce210
Event: 15.650 Thread 0x000001d9e70ce210 Thread exited: 0x000001d9e70ce210
Event: 15.799 Thread 0x000001d9e70d2630 Thread exited: 0x000001d9e70d2630
Event: 16.613 Thread 0x000001d9e3771ac0 Thread exited: 0x000001d9e3771ac0
Event: 16.908 Thread 0x000001d9e57c8d80 Thread exited: 0x000001d9e57c8d80
Event: 18.070 Thread 0x000001d9e70ce8e0 Thread added: 0x000001d9e70ce8e0
Event: 18.253 Thread 0x000001d9e70ce8e0 Thread exited: 0x000001d9e70ce8e0
Event: 22.747 Thread 0x000001d9e70d1890 Thread added: 0x000001d9e70d1890


Dynamic libraries:
0x00007ff7ff8a0000 - 0x00007ff7ff8b0000 	C:\Program Files\Java\jdk-22\bin\java.exe
0x00007ffd99870000 - 0x00007ffd99a87000 	C:\Windows\SYSTEM32\ntdll.dll
0x00007ffd98410000 - 0x00007ffd984d4000 	C:\Windows\System32\KERNEL32.DLL
0x00007ffd96c30000 - 0x00007ffd96fe7000 	C:\Windows\System32\KERNELBASE.dll
0x00007ffd97220000 - 0x00007ffd97331000 	C:\Windows\System32\ucrtbase.dll
0x00007ffd75a10000 - 0x00007ffd75a27000 	C:\Program Files\Java\jdk-22\bin\jli.dll
0x00007ffd759c0000 - 0x00007ffd759db000 	C:\Program Files\Java\jdk-22\bin\VCRUNTIME140.dll
0x00007ffd98780000 - 0x00007ffd98832000 	C:\Windows\System32\ADVAPI32.dll
0x00007ffd97f90000 - 0x00007ffd98037000 	C:\Windows\System32\msvcrt.dll
0x00007ffd97ee0000 - 0x00007ffd97f88000 	C:\Windows\System32\sechost.dll
0x00007ffd97340000 - 0x00007ffd97368000 	C:\Windows\System32\bcrypt.dll
0x00007ffd982f0000 - 0x00007ffd98404000 	C:\Windows\System32\RPCRT4.dll
0x00007ffd97770000 - 0x00007ffd9791f000 	C:\Windows\System32\USER32.dll
0x00007ffd96c00000 - 0x00007ffd96c26000 	C:\Windows\System32\win32u.dll
0x00007ffd85b70000 - 0x00007ffd85e03000 	C:\Windows\WinSxS\amd64_microsoft.windows.common-controls_6595b64144ccf1df_6.0.22621.3672_none_2713b9d173822955\COMCTL32.dll
0x00007ffd98570000 - 0x00007ffd98599000 	C:\Windows\System32\GDI32.dll
0x00007ffd97370000 - 0x00007ffd97488000 	C:\Windows\System32\gdi32full.dll
0x00007ffd97490000 - 0x00007ffd9752a000 	C:\Windows\System32\msvcp_win.dll
0x00007ffd8d020000 - 0x00007ffd8d02a000 	C:\Windows\SYSTEM32\VERSION.dll
0x00007ffd985a0000 - 0x00007ffd985d1000 	C:\Windows\System32\IMM32.DLL
0x00007ffd90da0000 - 0x00007ffd90dac000 	C:\Program Files\Java\jdk-22\bin\vcruntime140_1.dll
0x00007ffd54570000 - 0x00007ffd545fe000 	C:\Program Files\Java\jdk-22\bin\msvcp140.dll
0x00007ffd52690000 - 0x00007ffd533d7000 	C:\Program Files\Java\jdk-22\bin\server\jvm.dll
0x00007ffd98700000 - 0x00007ffd98771000 	C:\Windows\System32\WS2_32.dll
0x00007ffd959f0000 - 0x00007ffd95a3d000 	C:\Windows\SYSTEM32\POWRPROF.dll
0x00007ffd92400000 - 0x00007ffd92434000 	C:\Windows\SYSTEM32\WINMM.dll
0x00007ffd959d0000 - 0x00007ffd959e3000 	C:\Windows\SYSTEM32\UMPDC.dll
0x00007ffd95c80000 - 0x00007ffd95c98000 	C:\Windows\SYSTEM32\kernel.appcore.dll
0x00007ffd90c20000 - 0x00007ffd90c2a000 	C:\Program Files\Java\jdk-22\bin\jimage.dll
0x00007ffd84c80000 - 0x00007ffd84eb2000 	C:\Windows\SYSTEM32\DBGHELP.DLL
0x00007ffd97af0000 - 0x00007ffd97e7e000 	C:\Windows\System32\combase.dll
0x00007ffd99670000 - 0x00007ffd99747000 	C:\Windows\System32\OLEAUT32.dll
0x00007ffd803d0000 - 0x00007ffd80402000 	C:\Windows\SYSTEM32\dbgcore.DLL
0x00007ffd96b80000 - 0x00007ffd96bfb000 	C:\Windows\System32\bcryptPrimitives.dll
0x00007ffd8b490000 - 0x00007ffd8b49f000 	C:\Program Files\Java\jdk-22\bin\instrument.dll
0x00007ffd759a0000 - 0x00007ffd759be000 	C:\Program Files\Java\jdk-22\bin\java.dll
0x00007ffd98e00000 - 0x00007ffd99669000 	C:\Windows\System32\SHELL32.dll
0x00007ffd98040000 - 0x00007ffd981e5000 	C:\Windows\System32\ole32.dll
0x00007ffd70c40000 - 0x00007ffd70c57000 	C:\Program Files\Java\jdk-22\bin\zip.dll
0x00007ffd94ab0000 - 0x00007ffd953af000 	C:\Windows\SYSTEM32\windows.storage.dll
0x00007ffd94970000 - 0x00007ffd94aaf000 	C:\Windows\SYSTEM32\wintypes.dll
0x00007ffd98600000 - 0x00007ffd986f9000 	C:\Windows\System32\SHCORE.dll
0x00007ffd99750000 - 0x00007ffd997ae000 	C:\Windows\System32\shlwapi.dll
0x00007ffd96ab0000 - 0x00007ffd96ad7000 	C:\Windows\SYSTEM32\profapi.dll
0x00007ffd54490000 - 0x00007ffd54567000 	C:\Program Files\Java\jdk-22\bin\jsvml.dll
0x00007ffd88c10000 - 0x00007ffd88c20000 	C:\Program Files\Java\jdk-22\bin\net.dll
0x00007ffd960e0000 - 0x00007ffd96149000 	C:\Windows\system32\mswsock.dll
0x00007ffd6df40000 - 0x00007ffd6df56000 	C:\Program Files\Java\jdk-22\bin\nio.dll
0x00007ffd86050000 - 0x00007ffd86060000 	C:\Program Files\Java\jdk-22\bin\verify.dll
0x00007ffd82de0000 - 0x00007ffd82de9000 	C:\Program Files\Java\jdk-22\bin\extnet.dll
0x00007ffd96430000 - 0x00007ffd9644b000 	C:\Windows\SYSTEM32\CRYPTSP.dll
0x00007ffd95be0000 - 0x00007ffd95c15000 	C:\Windows\system32\rsaenh.dll
0x00007ffd96180000 - 0x00007ffd961a8000 	C:\Windows\SYSTEM32\USERENV.dll
0x00007ffd96410000 - 0x00007ffd9641c000 	C:\Windows\SYSTEM32\CRYPTBASE.dll
0x00007ffd956c0000 - 0x00007ffd956ed000 	C:\Windows\SYSTEM32\IPHLPAPI.DLL
0x00007ffd985e0000 - 0x00007ffd985e9000 	C:\Windows\System32\NSI.dll
0x00007ffd956f0000 - 0x00007ffd957f2000 	C:\Windows\SYSTEM32\DNSAPI.dll
0x000000005fcd0000 - 0x000000005fcf6000 	C:\Program Files\Bonjour\mdnsNSP.dll
0x00007ffd8cd10000 - 0x00007ffd8cd1a000 	C:\Windows\System32\rasadhlp.dll
0x00007ffd901a0000 - 0x00007ffd90223000 	C:\Windows\System32\fwpuclnt.dll
0x00007ffd82360000 - 0x00007ffd8236a000 	C:\Program Files\Java\jdk-22\bin\management.dll
0x00007ffd820c0000 - 0x00007ffd820cb000 	C:\Program Files\Java\jdk-22\bin\management_ext.dll
0x00007ffd975a0000 - 0x00007ffd975a8000 	C:\Windows\System32\PSAPI.DLL
0x00007ffd85410000 - 0x00007ffd8541e000 	C:\Program Files\Java\jdk-22\bin\sunmscapi.dll
0x00007ffd970b0000 - 0x00007ffd97216000 	C:\Windows\System32\CRYPT32.dll
0x00007ffd96540000 - 0x00007ffd9656d000 	C:\Windows\SYSTEM32\ncrypt.dll
0x00007ffd96500000 - 0x00007ffd96537000 	C:\Windows\SYSTEM32\NTASN1.dll
0x00007ffd92600000 - 0x00007ffd92608000 	C:\Windows\system32\wshunix.dll
0x00007ffd6f250000 - 0x00007ffd6f267000 	C:\Windows\system32\napinsp.dll
0x00007ffd6d720000 - 0x00007ffd6d73b000 	C:\Windows\system32\pnrpnsp.dll
0x00007ffd6d700000 - 0x00007ffd6d711000 	C:\Windows\System32\winrnr.dll
0x00007ffd90a60000 - 0x00007ffd90a75000 	C:\Windows\system32\wshbth.dll
0x00007ffd6d6d0000 - 0x00007ffd6d6f7000 	C:\Windows\system32\nlansp_c.dll
0x00007ffd95d90000 - 0x00007ffd95dc4000 	C:\Windows\SYSTEM32\ntmarta.dll

dbghelp: loaded successfully - version: 4.0.5 - missing functions: none
symbol engine: initialized successfully - sym options: 0x614 - pdb path: .;C:\Program Files\Java\jdk-22\bin;C:\Windows\SYSTEM32;C:\Windows\WinSxS\amd64_microsoft.windows.common-controls_6595b64144ccf1df_6.0.22621.3672_none_2713b9d173822955;C:\Program Files\Java\jdk-22\bin\server;C:\Program Files\Bonjour

VM Arguments:
jvm_args: -ea -javaagent:C:\Users\mohamed\.m2\repository/org/aspectj/aspectjweaver/1.9.21.1/aspectjweaver-1.9.21.1.jar -Didea.test.cyclic.buffer.size=1048576 -javaagent:C:\Program Files\JetBrains\IntelliJ IDEA Community Edition 2024.3.4.1\lib\idea_rt.jar=52188 -javaagent:C:\Users\mohamed\AppData\Local\JetBrains\IdeaIC2024.3\captureAgent\debugger-agent.jar -Dkotlinx.coroutines.debug.enable.creation.stack.trace=false -Ddebugger.agent.enable.coroutines=true -Dkotlinx.coroutines.debug.enable.flows.stack.trace=true -Dkotlinx.coroutines.debug.enable.mutable.state.flows.stack.trace=true -Dfile.encoding=UTF-8 -Dsun.stdout.encoding=UTF-8 -Dsun.stderr.encoding=UTF-8 
java_command: com.intellij.rt.testng.RemoteTestNGStarter -usedefaultlisteners false -socket52187 @w@C:\Users\mohamed\AppData\Local\Temp\idea_working_dirs_testng.tmp -temp C:\Users\mohamed\AppData\Local\Temp\idea_testng.tmp
java_class_path (initial): C:\Program Files\JetBrains\IntelliJ IDEA Community Edition 2024.3.4.1\lib\idea_rt.jar;C:\Program Files\JetBrains\IntelliJ IDEA Community Edition 2024.3.4.1\plugins\testng\lib\testng-rt.jar;G:\restAssured\lambda3\test-outputs\target\test-classes;G:\restAssured\lambda3\test-outputs\target\classes;C:\Users\mohamed\.m2\repository\org\seleniumhq\selenium\selenium-java\4.28.1\selenium-java-4.28.1.jar;C:\Users\mohamed\.m2\repository\org\seleniumhq\selenium\selenium-api\4.28.1\selenium-api-4.28.1.jar;C:\Users\mohamed\.m2\repository\org\jspecify\jspecify\1.0.0\jspecify-1.0.0.jar;C:\Users\mohamed\.m2\repository\org\seleniumhq\selenium\selenium-chrome-driver\4.28.1\selenium-chrome-driver-4.28.1.jar;C:\Users\mohamed\.m2\repository\com\google\auto\service\auto-service-annotations\1.1.1\auto-service-annotations-1.1.1.jar;C:\Users\mohamed\.m2\repository\org\seleniumhq\selenium\selenium-chromium-driver\4.28.1\selenium-chromium-driver-4.28.1.jar;C:\Users\mohamed\.m2\repository\org\seleniumhq\selenium\selenium-json\4.28.1\selenium-json-4.28.1.jar;C:\Users\mohamed\.m2\repository\org\seleniumhq\selenium\selenium-manager\4.28.1\selenium-manager-4.28.1.jar;C:\Users\mohamed\.m2\repository\org\seleniumhq\selenium\selenium-devtools-v130\4.28.1\selenium-devtools-v130-4.28.1.jar;C:\Users\mohamed\.m2\repository\org\seleniumhq\selenium\selenium-devtools-v131\4.28.1\selenium-devtools-v131-4.28.1.jar;C:\Users\mohamed\.m2\repository\org\seleniumhq\selenium\selenium-devtools-v132\4.28.1\selenium-devtools-v132-4.28.1.jar;C:\Users\mohamed\.m2\repository\org\seleniumhq\selenium\selenium-devtools-v85\4.28.1\selenium-devtools-v85-4.28.1.jar;C:\Users\mohamed\.m2\repository\org\seleniumhq\selenium\selenium-edge-driver\4.28.1\selenium-edge-driver-4.28.1.jar;C:\Users\mohamed\.m2\repository\org\seleniumhq\selenium\selenium-firefox-driver\4.28.1\selenium-firefox-driver-4.28.1.jar;C:\Users\mohamed\.m2\repository\org\seleniumhq\selenium\selenium-http\4.28.1\selenium-http-4.28.1.jar;C:\Users\mohamed\.m2\repository\org\seleniumhq\selenium\selenium-ie-driver\4.28.1\selenium-ie-driver-4.28.1.jar;C:\Users\mohamed\.m2\repository\org\seleniumhq\selenium\selenium-remote-driver\4.28.1\selenium-remote-driver-4.28.1.jar;C:\Users\mohamed\.m2\repository\com\google\guava\guava\33.4.0-jre\guava-33.4.0-jre.jar;C:\Users\mohamed\.m2\repository\com\google\guava\failureaccess\1.0.2\failureaccess-1.0.2.jar;C:\Users\mohamed\.m2\repository\com\google\guava\listenablefuture\9999.0-empty-to-avoid-conflict-with-guava\listenablefuture-9999.0-empty-to-avoid-conflict-with-guava.jar;C:\Users\mohamed\.m2\repository\com\google\code\findbugs\jsr305\3.0.2\jsr305-3.0.2.jar;C:\Users\mohamed\.m2\repository\org\checkerframework\checker-qual\3.43.0\checker-qual-3.43.0.jar;C:\Users\mohamed\.m2\repository\com\google\j2objc\j2objc-annotations\3.0.0\j2objc-annotations-3.0.0.jar;C:\Users\mohamed\.m2\repository\io\opentelemetry\semconv\opentelemetry-semconv\1.28.0-alpha\opentelemetry-semconv-1.28.0-alpha.jar;C:\Users\mohamed\.m2\repository\io\opentelemetry\opentelemetry-api\1.46.0\opentelemetry-api-1.46.0.jar;C:\Users\mohamed\.m2\repository\io\opentelemetry\opentelemetry-context\1.46.0\opentelemetry-context-1.46.0.jar;C:\Users\mohamed\.m2\repository\io\opentelemetry\opentelemetry-exporter-logging\1.46.0\opentelemetry-exporter-logging-1.46.0.jar;C:\Users\mohamed\.m2\repository\io\opentelemetry\opentelemetry-sdk-common\1.46.0\opentelemetry-sdk-common-1.46.0.jar;C:\Users\mohamed\.m2\repository\io\opentelemetry\opentelemetry-sdk-extension-autoconfigure-spi\1.46.0\opentelemetry-sdk-extension-autoconfigure-spi-1.46.0.jar;C:\Users\mohamed\.m2\repository\io\opentelemetry\opentelemetry-sdk-extension-autoconfigure\1.46.0\opentelemetry-sdk-extension-autoconfigure-1.46.0.jar;C:\Users\mohamed\.m2\repository\io\opentelemetry\opentelemetry-api-incubator\1.46.0-alpha\opentelemetry-api-incubator-1.46.0-alpha.jar;C:\Users\mohamed\.m2\repository\io\opentelemetry\opentelemetry-sdk-trace\1.46.0\opentelemetry-sdk-trace-1.46.0.jar;C:\Users\mohamed\.m2\repository\io\opentelemetry\opentelemetry-sdk\1.46.0\opentelemetry-sdk-1.46.0.jar;C:\Users\mohamed\.m2\repository\io\opentelemetry\opentelemetry-sdk-metrics\1.46.0\opentelemetry-sdk-metrics-1.46.0.jar;C:\Users\mohamed\.m2\repository\io\opentelemetry\opentelemetry-sdk-logs\1.46.0\opentelemetry-sdk-logs-1.46.0.jar;C:\Users\mohamed\.m2\repository\net\bytebuddy\byte-buddy\1.15.11\byte-buddy-1.15.11.jar;C:\Users\mohamed\.m2\repository\org\seleniumhq\selenium\selenium-os\4.28.1\selenium-os-4.28.1.jar;C:\Users\mohamed\.m2\repository\org\apache\commons\commons-exec\1.4.0\commons-exec-1.4.0.jar;C:\Users\mohamed\.m2\repository\org\seleniumhq\selenium\selenium-safari-driver\4.28.1\selenium-safari-driver-4.28.1.jar;C:\Users\mohamed\.m2\repository\org\seleniumhq\selenium\selenium-support\4.28.1\selenium-support-4.28.1.jar;C:\Users\mohamed\.m2\repository\org\testng\testng\7.10.2\testng-7.10.2.jar;C:\Users\mohamed\.m2\repository\com\beust\jcommander\1.82\jcommander-1.82.jar;C:\Users\mohamed\.m2\repository\org\webjars\jquery\3.7.1\jquery-3.7.1.jar;C:\Users\mohamed\.m2\repository\commons-io\commons-io\2.18.0\commons-io-2.18.0.jar;C:\Users\mohamed\.m2\repository\com\google\code\gson\gson\2.12.1\gson-2.12.1.jar;C:\Users\mohamed\.m2\repository\com\google\errorprone\error_prone_annotations\2.36.0\error_prone_annotations-2.36.0.jar;C:\Users\mohamed\.m2\repository\org\slf4j\slf4j-api\2.0.17\slf4j-api-2.0.17.jar;C:\Users\mohamed\.m2\repository\org\slf4j\slf4j-simple\2.0.16\slf4j-simple-2.0.16.jar;C:\Users\mohamed\.m2\repository\io\qameta\allure\allure-testng\2.29.1\allure-testng-2.29.1.jar;C:\Users\mohamed\.m2\repository\io\qameta\allure\allure-java-commons\2.29.1\allure-java-commons-2.29.1.jar;C:\Users\mohamed\.m2\repository\io\qameta\allure\allure-model\2.29.1\allure-model-2.29.1.jar;C:\Users\mohamed\.m2\repository\io\qameta\allure\allure-test-filter\2.29.1\allure-test-filter-2.29.1.jar;C:\Users\mohamed\.m2\repository\org\apache\logging\log4j\log4j-core\2.23.0\log4j-core-2.23.0.jar;C:\Users\mohamed\.m2\repository\org\apache\logging\log4j\log4j-api\2.23.0\log4j-api-2.23.0.jar;C:\Users\mohamed\.m2\repository\com\jayway\jsonpath\json-path\2.9.0\json-path-2.9.0.jar;C:\Users\mohamed\.m2\repository\net\minidev\json-smart\2.5.0\json-smart-2.5.0.jar;C:\Users\mohamed\.m2\repository\net\minidev\accessors-smart\2.5.0\accessors-smart-2.5.0.jar;C:\Users\mohamed\.m2\repository\org\ow2\asm\asm\9.3\asm-9.3.jar;C:\Users\mohamed\.m2\repository\com\github\javafaker\javafaker\1.0.2\javafaker-1.0.2.jar;C:\Users\mohamed\.m2\repository\org\apache\commons\commons-lang3\3.5\commons-lang3-3.5.jar;C:\Users\mohamed\.m2\repository\org\yaml\snakeyaml\1.23\snakeyaml-1.23-android.jar;C:\Users\mohamed\.m2\repository\com\github\mifmif\generex\1.0.2\generex-1.0.2.jar;C:\Users\mohamed\.m2\repository\dk\brics\automaton\automaton\1.11-8\automaton-1.11-8.jar;C:\Users\mohamed\.m2\repository\com\github\stephenc\monte\monte-screen-recorder\0.7.7.0\monte-screen-recorder-0.7.7.0.jar
Launcher Type: SUN_STANDARD

[Global flags]
     intx CICompilerCount                          = 4                                         {product} {ergonomic}
     uint ConcGCThreads                            = 2                                         {product} {ergonomic}
     uint G1ConcRefinementThreads                  = 8                                         {product} {ergonomic}
   size_t G1HeapRegionSize                         = 2097152                                   {product} {ergonomic}
   size_t InitialHeapSize                          = 268435456                                 {product} {ergonomic}
   size_t MarkStackSize                            = 4194304                                   {product} {ergonomic}
   size_t MaxHeapSize                              = 4280287232                                {product} {ergonomic}
   size_t MaxNewSize                               = 2566914048                                {product} {ergonomic}
   size_t MinHeapDeltaBytes                        = 2097152                                   {product} {ergonomic}
   size_t MinHeapSize                              = 8388608                                   {product} {ergonomic}
    uintx NonNMethodCodeHeapSize                   = 5839372                                {pd product} {ergonomic}
    uintx NonProfiledCodeHeapSize                  = 122909434                              {pd product} {ergonomic}
    uintx ProfiledCodeHeapSize                     = 122909434                              {pd product} {ergonomic}
    uintx ReservedCodeCacheSize                    = 251658240                              {pd product} {ergonomic}
     bool SegmentedCodeCache                       = true                                      {product} {ergonomic}
   size_t SoftMaxHeapSize                          = 4280287232                             {manageable} {ergonomic}
     bool UseCompressedOops                        = true                           {product lp64_product} {ergonomic}
     bool UseG1GC                                  = true                                      {product} {ergonomic}
     bool UseLargePagesIndividualAllocation        = false                                  {pd product} {ergonomic}

Logging:
Log output configuration:
 #0: stdout all=warning uptime,level,tags foldmultilines=false
 #1: stderr all=off uptime,level,tags foldmultilines=false

Environment Variables:
JAVA_HOME=C:\Program Files\Eclipse Adoptium\jdk-21.0.3.9-hotspot\
PATH=C:\Program Files\Eclipse Adoptium\jdk-21.0.3.9-hotspot\bin;C:\Program Files\Common Files\Oracle\Java\javapath;C:\Program Files (x86)\VMware\VMware Workstation\bin\;C:\Program Files (x86)\Common Files\Oracle\Java\javapath;C:\Windows\system32;C:\Windows;C:\Windows\System32\Wbem;C:\Windows\System32\WindowsPowerShell\v1.0\;C:\Windows\System32\OpenSSH\;C:\Program Files\Microchip\xc8\v2.41\bin;C:\Program Files\Git\cmd;C:\Program Files\dotnet\;C:\Program Files\Go\bin;C:\Program Files (x86)\PuTTY\;C:\Program Files\nodejs\;C:\Program Files (x86)\Microsoft SQL Server\110\Tools\Binn\;C:\Program Files\Microsoft SQL Server\110\Tools\Binn\;C:\Program Files\Microsoft SQL Server\110\DTS\Binn\;C:\Program Files (x86)\Microsoft SQL Server\110\Tools\Binn\ManagementStudio\;C:\Program Files (x86)\Microsoft SQL Server\110\DTS\Binn\;C:\Program Files\MySQL\MySQL Shell 8.0\bin\;C:\Users\mohamed\scoop\shims;C:\Users\mohamed\anaconda3;C:\Users\mohamed\anaconda3\Library\mingw-w64\bin;C:\Users\mohamed\anaconda3\Library\usr\bin;C:\Users\mohamed\anaconda3\Library\bin;C:\Users\mohamed\anaconda3\Scripts;C:\Users\mohamed\AppData\Local\Microsoft\WindowsApps;C:\Users\mohamed\AppData\Local\Programs\Microsoft VS Code\bin;C:\Users\mohamed\anaconda3\pkgs\protego-0.1.16-py_0\info\test\tests\test_data\ffmpeg.org;C:\MinGW\bin;C:\Program Files\CodeBlocks;C:\Program Files\qemu\qemu-system-arm.exe;C:\Program Files\qemu;C:\xpack-openocd-0.10.0-15\xpack-openocd-0.10.0-15\bin;C:\Program Files\qemu;C:\Users\mohamed\AppData\Local\Programs\Python\Python36\Scripts\pip3.6.exe;C:\Users\mohamed\AppData\Local\Programs\Python\Python36-32\Scripts\pip3.6.exe;C:\Users\mohamed\AppData\Local\Programs\Python\Python36-32\Scripts\pip3.6.exe;C:\Program Files (x86)\Labcenter Electronics\Proteus 8 Professional\Tools\Python\python.exe;C:\Program Files (x86)\Labcenter Electronics\Proteus 8 Demonstration\Tools\Python;C:\Users\mohamed\AppData\Roaming\npm;C:\Users\mohamed\AppData\Local\Programs\Python\Python36-32\Scripts\pip3.6.exe;C:\Users\mohamed\AppData\Local\Programs\Python\Python36-32\python.exe;C:\Users\mohamed\AppData\Local\Programs\Python\Python36-32;C:\Users\mohamed\AppData\Local\Programs\Python\Python36\Scripts\pip3.6.exe;C:\Users\mohamed\Downloads\Cypress;C:\Users\mohamed\Downloads\apache-jmeter-5.6.3\apache-jmeter-5.6.3\bin;C:\apache-maven-3.9.9\bin;C:\apache-maven-3.9.9\bin;C:\Program Files\JetBrains\IntelliJ IDEA 2024.3.1.1\bin;;C:\Program Files\Java\jdk-22\bin;C:\Program Files\JetBrains\IntelliJ IDEA Community Edition 2024.3.4.1\bin;;C:\Users\mohamed\AppData\Local\Programs\Appium Server GUI;C:\Users\mohamed\AppData\Local\Android\Sdk\platform-tools;C:\Users\mohamed\AppData\Local\Android\Sdk\tools\bin;C:\Program Files\Eclipse Adoptium\jdk-21.0.3.9-hotspot\bin\;C:\Program Files\Java\jdk-22\bin\;C:\Users\mohamed\AppData\Local\Muse Hub\lib;C:\ffmpeg\bin;
USERNAME=mohamed
OS=Windows_NT
PROCESSOR_IDENTIFIER=Intel64 Family 6 Model 60 Stepping 3, GenuineIntel
TMP=C:\Users\mohamed\AppData\Local\Temp
TEMP=C:\Users\mohamed\AppData\Local\Temp




Periodic native trim disabled

---------------  S Y S T E M  ---------------

OS:
 Windows 11 , 64 bit Build 22621 (10.0.22621.3958)
OS uptime: 0 days 18:22 hours
Hyper-V role detected

CPU: total 8 (initial active 8) (4 cores per cpu, 2 threads per core) family 6 model 60 stepping 3 microcode 0x28, cx8, cmov, fxsr, ht, mmx, sse, sse2, sse3, ssse3, sse4.1, sse4.2, popcnt, lzcnt, tsc, tscinvbit, avx, avx2, aes, erms, clmul, bmi1, bmi2, fma, vzeroupper, clflush, hv, rdtscp, f16c
Processor Information for all 8 processors :
  Max Mhz: 2501, Current Mhz: 2501, Mhz Limit: 2501

Memory: 4k page, system-wide physical 16321M (3373M free)
TotalPageFile size 34184M (AvailPageFile size 2M)
current process WorkingSet (physical memory assigned to process): 264M, peak: 290M
current process commit charge ("private bytes"): 304M, peak: 443M

vm_info: Java HotSpot(TM) 64-Bit Server VM (22.0.1+8-16) for windows-amd64 JRE (22.0.1+8-16), built on 2024-03-12T10:33:16Z by "mach5one" with MS VC++ 17.6 (VS2022)

END.
