#
# There is insufficient memory for the Java Runtime Environment to continue.
# Native memory allocation (malloc) failed to allocate 1733296 bytes. Error detail: Chunk::new
# Possible reasons:
#   The system is out of physical RAM or swap space
#   This process is running with CompressedOops enabled, and the Java Heap may be blocking the growth of the native heap
# Possible solutions:
#   Reduce memory load on the system
#   Increase physical memory or swap space
#   Check if swap backing store is full
#   Decrease Java heap size (-Xmx/-Xms)
#   Decrease number of Java threads
#   Decrease Java thread stack sizes (-Xss)
#   Set larger code cache with -XX:ReservedCodeCacheSize=
#   JVM is running with Zero Based Compressed Oops mode in which the Java heap is
#     placed in the first 32GB address space. The Java Heap base address is the
#     maximum limit for the native heap growth. Please use -XX:HeapBaseMinAddress
#     to set the Java Heap base and to place the Java Heap above 32GB virtual address.
# This output file may be truncated or incomplete.
#
#  Out of Memory Error (arena.cpp:150), pid=13808, tid=9436
#
# JRE version: Java(TM) SE Runtime Environment (22.0.1+8) (build 22.0.1+8-16)
# Java VM: Java HotSpot(TM) 64-Bit Server VM (22.0.1+8-16, mixed mode, sharing, tiered, compressed oops, compressed class ptrs, g1 gc, windows-amd64)
# No core dump will be written. Minidumps are not enabled by default on client versions of Windows
#

---------------  S U M M A R Y ------------

Command Line: -ea -javaagent:C:\Users\mohamed\.m2\repository/org/aspectj/aspectjweaver/1.9.21.1/aspectjweaver-1.9.21.1.jar -Didea.test.cyclic.buffer.size=1048576 -javaagent:C:\Program Files\JetBrains\IntelliJ IDEA Community Edition 2024.3.4.1\lib\idea_rt.jar=54757 -javaagent:C:\Users\mohamed\AppData\Local\JetBrains\IdeaIC2024.3\captureAgent\debugger-agent.jar -Dkotlinx.coroutines.debug.enable.creation.stack.trace=false -Ddebugger.agent.enable.coroutines=true -Dkotlinx.coroutines.debug.enable.flows.stack.trace=true -Dkotlinx.coroutines.debug.enable.mutable.state.flows.stack.trace=true -Dfile.encoding=UTF-8 -Dsun.stdout.encoding=UTF-8 -Dsun.stderr.encoding=UTF-8 com.intellij.rt.testng.RemoteTestNGStarter -usedefaultlisteners false -socket54756 @w@C:\Users\mohamed\AppData\Local\Temp\idea_working_dirs_testng.tmp -temp C:\Users\mohamed\AppData\Local\Temp\idea_testng.tmp

Host: Intel(R) Core(TM) i7-4710MQ CPU @ 2.50GHz, 8 cores, 15G,  Windows 11 , 64 bit Build 22621 (10.0.22621.3958)
Time: Tue Apr 15 17:55:54 2025 Egypt Standard Time elapsed time: 6.414740 seconds (0d 0h 0m 6s)

---------------  T H R E A D  ---------------

Current thread (0x000001d16d66b2e0):  JavaThread "C2 CompilerThread0" daemon [_thread_in_native, id=9436, stack(0x0000007100b00000,0x0000007100c00000) (1024K)]


Current CompileTask:
C2:6414 2537 %     4       org.aspectj.apache.bcel.classfile.Attribute::readAttribute @ 26 (568 bytes)

Stack: [0x0000007100b00000,0x0000007100c00000]
Native frames: (J=compiled Java code, j=interpreted, Vv=VM code, C=native code)
V  [jvm.dll+0x6e2279]  (no source info available)
V  [jvm.dll+0x874e33]  (no source info available)
V  [jvm.dll+0x87725e]  (no source info available)
V  [jvm.dll+0x877933]  (no source info available)
V  [jvm.dll+0x27fd76]  (no source info available)
V  [jvm.dll+0xc3d0f]  (no source info available)
V  [jvm.dll+0xc3f6b]  (no source info available)
V  [jvm.dll+0x3bb0d2]  (no source info available)
V  [jvm.dll+0x387b6b]  (no source info available)
V  [jvm.dll+0x386fda]  (no source info available)
V  [jvm.dll+0x247918]  (no source info available)
V  [jvm.dll+0x246fbf]  (no source info available)
V  [jvm.dll+0x1c4e90]  (no source info available)
V  [jvm.dll+0x2569fe]  (no source info available)
V  [jvm.dll+0x254cba]  (no source info available)
V  [jvm.dll+0x3f5336]  (no source info available)
V  [jvm.dll+0x81d44b]  (no source info available)
V  [jvm.dll+0x6e0915]  (no source info available)
C  [ucrtbase.dll+0x29333]  (no source info available)
C  [KERNEL32.DLL+0x1257d]  (no source info available)
C  [ntdll.dll+0x5af08]  (no source info available)


---------------  P R O C E S S  ---------------

Threads class SMR info:
_java_thread_list=0x000001d145f0b490, length=14, elements={
0x000001d14c3bf260, 0x000001d16d654750, 0x000001d16d65ad50, 0x000001d16d65f0a0,
0x000001d16d662c20, 0x000001d16d665770, 0x000001d16d669c00, 0x000001d16d66b2e0,
0x000001d16d66d210, 0x000001d145210d30, 0x000001d1452120e0, 0x000001d145212e00,
0x000001d145cc9190, 0x000001d145d699e0
}

Java Threads: ( => current thread )
  0x000001d14c3bf260 JavaThread "main"                              [_thread_in_Java, id=14288, stack(0x000000717fd00000,0x000000717fe00000) (1024K)]
  0x000001d16d654750 JavaThread "Reference Handler"          daemon [_thread_blocked, id=3948, stack(0x0000007100500000,0x0000007100600000) (1024K)]
  0x000001d16d65ad50 JavaThread "Finalizer"                  daemon [_thread_blocked, id=13932, stack(0x0000007100600000,0x0000007100700000) (1024K)]
  0x000001d16d65f0a0 JavaThread "Signal Dispatcher"          daemon [_thread_blocked, id=27632, stack(0x0000007100700000,0x0000007100800000) (1024K)]
  0x000001d16d662c20 JavaThread "Attach Listener"            daemon [_thread_blocked, id=20492, stack(0x0000007100800000,0x0000007100900000) (1024K)]
  0x000001d16d665770 JavaThread "Service Thread"             daemon [_thread_blocked, id=23072, stack(0x0000007100900000,0x0000007100a00000) (1024K)]
  0x000001d16d669c00 JavaThread "Monitor Deflation Thread"   daemon [_thread_blocked, id=20280, stack(0x0000007100a00000,0x0000007100b00000) (1024K)]
=>0x000001d16d66b2e0 JavaThread "C2 CompilerThread0"         daemon [_thread_in_native, id=9436, stack(0x0000007100b00000,0x0000007100c00000) (1024K)]
  0x000001d16d66d210 JavaThread "C1 CompilerThread0"         daemon [_thread_blocked, id=26972, stack(0x0000007100c00000,0x0000007100d00000) (1024K)]
  0x000001d145210d30 JavaThread "Common-Cleaner"             daemon [_thread_blocked, id=19260, stack(0x0000007100d00000,0x0000007100e00000) (1024K)]
  0x000001d1452120e0 JavaThread "Monitor Ctrl-Break"         daemon [_thread_in_native, id=16808, stack(0x0000007101000000,0x0000007101100000) (1024K)]
  0x000001d145212e00 JavaThread "Notification Thread"        daemon [_thread_blocked, id=19584, stack(0x0000007101700000,0x0000007101800000) (1024K)]
  0x000001d145cc9190 JavaThread "C2 CompilerThread1"         daemon [_thread_in_native, id=20632, stack(0x0000007100e00000,0x0000007100f00000) (1024K)]
  0x000001d145d699e0 JavaThread "C2 CompilerThread2"         daemon [_thread_in_native, id=9960, stack(0x0000007100f00000,0x0000007101000000) (1024K)]
Total: 14

Other Threads:
  0x000001d16d63a530 VMThread "VM Thread"                           [id=25644, stack(0x0000007100400000,0x0000007100500000) (1024K)]
  0x000001d16d6238f0 WatcherThread "VM Periodic Task Thread"        [id=18604, stack(0x0000007100300000,0x0000007100400000) (1024K)]
  0x000001d14e627380 WorkerThread "GC Thread#0"                     [id=22612, stack(0x000000717fe00000,0x000000717ff00000) (1024K)]
  0x000001d145ebae90 WorkerThread "GC Thread#1"                     [id=2652, stack(0x0000007101100000,0x0000007101200000) (1024K)]
  0x000001d145d79e20 WorkerThread "GC Thread#2"                     [id=15112, stack(0x0000007101200000,0x0000007101300000) (1024K)]
  0x000001d145d7a1d0 WorkerThread "GC Thread#3"                     [id=1924, stack(0x0000007101300000,0x0000007101400000) (1024K)]
  0x000001d145d7a580 WorkerThread "GC Thread#4"                     [id=26460, stack(0x0000007101400000,0x0000007101500000) (1024K)]
  0x000001d145d97200 WorkerThread "GC Thread#5"                     [id=9680, stack(0x0000007101500000,0x0000007101600000) (1024K)]
  0x000001d145efa330 WorkerThread "GC Thread#6"                     [id=26236, stack(0x0000007101600000,0x0000007101700000) (1024K)]
  0x000001d145dba780 WorkerThread "GC Thread#7"                     [id=3392, stack(0x0000007101800000,0x0000007101900000) (1024K)]
  0x000001d14e638280 ConcurrentGCThread "G1 Main Marker"            [id=13460, stack(0x000000717ff00000,0x0000007180000000) (1024K)]
  0x000001d14e638d90 WorkerThread "G1 Conc#0"                       [id=12436, stack(0x0000007100000000,0x0000007100100000) (1024K)]
  0x000001d14e66e9a0 ConcurrentGCThread "G1 Refine#0"               [id=22332, stack(0x0000007100100000,0x0000007100200000) (1024K)]
  0x000001d16d4e4900 ConcurrentGCThread "G1 Service"                [id=3120, stack(0x0000007100200000,0x0000007100300000) (1024K)]
Total: 14

Threads with active compile tasks:
C2 CompilerThread0  6494 2537 %     4       org.aspectj.apache.bcel.classfile.Attribute::readAttribute @ 26 (568 bytes)
C2 CompilerThread1  6494 2746   !   4       org.aspectj.apache.bcel.generic.Instruction::readInstruction (1235 bytes)
C2 CompilerThread2  6494 2591       4       org.aspectj.apache.bcel.classfile.Method::<init> (12 bytes)
Total: 3

VM state: not at safepoint (normal execution)

VM Mutex/Monitor currently owned by a thread: None

Heap address: 0x0000000700e00000, size: 4082 MB, Compressed Oops mode: Zero based, Oop shift amount: 3

CDS archive(s) mapped at: [0x000001d100000000-0x000001d100c60000-0x000001d100c60000), size 12976128, SharedBaseAddress: 0x000001d100000000, ArchiveRelocationMode: 1.
Compressed class space mapped at: 0x000001d101000000-0x000001d141000000, reserved size: 1073741824
Narrow klass base: 0x000001d100000000, Narrow klass shift: 0, Narrow klass range: 0x41000000

GC Precious Log:
 CardTable entry size: 512
 Card Set container configuration: InlinePtr #cards 4 size 8 Array Of Cards #cards 16 size 48 Howl #buckets 8 coarsen threshold 3686 Howl Bitmap #cards 512 size 80 coarsen threshold 460 Card regions per heap region 1 cards per card region 4096
 CPUs: 8 total, 8 available
 Memory: 16321M
 Large Page Support: Disabled
 NUMA Support: Disabled
 Compressed Oops: Enabled (Zero based)
 Heap Region Size: 2M
 Heap Min Capacity: 8M
 Heap Initial Capacity: 256M
 Heap Max Capacity: 4082M
 Pre-touch: Disabled
 Parallel Workers: 8
 Concurrent Workers: 2
 Concurrent Refinement Workers: 8
 Periodic GC: Disabled

Heap:
 garbage-first heap   total reserved 4179968K, committed 262144K, used 61681K [0x0000000700e00000, 0x0000000800000000)
  region size 2048K, 26 young (53248K), 4 survivors (8192K)
 Metaspace       used 16654K, committed 16896K, reserved 1114112K
  class space    used 1598K, committed 1728K, reserved 1048576K

Heap Regions: E=young(eden), S=young(survivor), O=old, HS=humongous(starts), HC=humongous(continues), CS=collection set, F=free, TAMS=top-at-mark-start, PB=parsable bottom
|   0|0x0000000700e00000, 0x0000000701000000, 0x0000000701000000|100%| O|  |TAMS 0x0000000700e00000| PB 0x0000000700e00000| Untracked |  0
|   1|0x0000000701000000, 0x0000000701200000, 0x0000000701200000|100%| O|  |TAMS 0x0000000701000000| PB 0x0000000701000000| Untracked |  0
|   2|0x0000000701200000, 0x0000000701400000, 0x0000000701400000|100%| O|  |TAMS 0x0000000701200000| PB 0x0000000701200000| Untracked |  0
|   3|0x0000000701400000, 0x0000000701600000, 0x0000000701600000|100%| O|  |TAMS 0x0000000701400000| PB 0x0000000701400000| Untracked |  0
|   4|0x0000000701600000, 0x0000000701800000, 0x0000000701800000|100%| O|  |TAMS 0x0000000701600000| PB 0x0000000701600000| Untracked |  0
|   5|0x0000000701800000, 0x0000000701a00000, 0x0000000701a00000|100%| O|  |TAMS 0x0000000701800000| PB 0x0000000701800000| Untracked |  0
|   6|0x0000000701a00000, 0x0000000701a3c560, 0x0000000701c00000| 11%| O|  |TAMS 0x0000000701a00000| PB 0x0000000701a00000| Untracked |  0
|   7|0x0000000701c00000, 0x0000000701c00000, 0x0000000701e00000|  0%| F|  |TAMS 0x0000000701c00000| PB 0x0000000701c00000| Untracked |  0
|   8|0x0000000701e00000, 0x0000000701e00000, 0x0000000702000000|  0%| F|  |TAMS 0x0000000701e00000| PB 0x0000000701e00000| Untracked |  0
|   9|0x0000000702000000, 0x0000000702000000, 0x0000000702200000|  0%| F|  |TAMS 0x0000000702000000| PB 0x0000000702000000| Untracked |  0
|  10|0x0000000702200000, 0x0000000702200000, 0x0000000702400000|  0%| F|  |TAMS 0x0000000702200000| PB 0x0000000702200000| Untracked |  0
|  11|0x0000000702400000, 0x0000000702400000, 0x0000000702600000|  0%| F|  |TAMS 0x0000000702400000| PB 0x0000000702400000| Untracked |  0
|  12|0x0000000702600000, 0x0000000702600000, 0x0000000702800000|  0%| F|  |TAMS 0x0000000702600000| PB 0x0000000702600000| Untracked |  0
|  13|0x0000000702800000, 0x0000000702800000, 0x0000000702a00000|  0%| F|  |TAMS 0x0000000702800000| PB 0x0000000702800000| Untracked |  0
|  14|0x0000000702a00000, 0x0000000702a00000, 0x0000000702c00000|  0%| F|  |TAMS 0x0000000702a00000| PB 0x0000000702a00000| Untracked |  0
|  15|0x0000000702c00000, 0x0000000702c00000, 0x0000000702e00000|  0%| F|  |TAMS 0x0000000702c00000| PB 0x0000000702c00000| Untracked |  0
|  16|0x0000000702e00000, 0x0000000702e00000, 0x0000000703000000|  0%| F|  |TAMS 0x0000000702e00000| PB 0x0000000702e00000| Untracked |  0
|  17|0x0000000703000000, 0x0000000703000000, 0x0000000703200000|  0%| F|  |TAMS 0x0000000703000000| PB 0x0000000703000000| Untracked |  0
|  18|0x0000000703200000, 0x0000000703200000, 0x0000000703400000|  0%| F|  |TAMS 0x0000000703200000| PB 0x0000000703200000| Untracked |  0
|  19|0x0000000703400000, 0x0000000703400000, 0x0000000703600000|  0%| F|  |TAMS 0x0000000703400000| PB 0x0000000703400000| Untracked |  0
|  20|0x0000000703600000, 0x0000000703600000, 0x0000000703800000|  0%| F|  |TAMS 0x0000000703600000| PB 0x0000000703600000| Untracked |  0
|  21|0x0000000703800000, 0x0000000703800000, 0x0000000703a00000|  0%| F|  |TAMS 0x0000000703800000| PB 0x0000000703800000| Untracked |  0
|  22|0x0000000703a00000, 0x0000000703a00000, 0x0000000703c00000|  0%| F|  |TAMS 0x0000000703a00000| PB 0x0000000703a00000| Untracked |  0
|  23|0x0000000703c00000, 0x0000000703c00000, 0x0000000703e00000|  0%| F|  |TAMS 0x0000000703c00000| PB 0x0000000703c00000| Untracked |  0
|  24|0x0000000703e00000, 0x0000000703e00000, 0x0000000704000000|  0%| F|  |TAMS 0x0000000703e00000| PB 0x0000000703e00000| Untracked |  0
|  25|0x0000000704000000, 0x0000000704000000, 0x0000000704200000|  0%| F|  |TAMS 0x0000000704000000| PB 0x0000000704000000| Untracked |  0
|  26|0x0000000704200000, 0x0000000704200000, 0x0000000704400000|  0%| F|  |TAMS 0x0000000704200000| PB 0x0000000704200000| Untracked |  0
|  27|0x0000000704400000, 0x0000000704400000, 0x0000000704600000|  0%| F|  |TAMS 0x0000000704400000| PB 0x0000000704400000| Untracked |  0
|  28|0x0000000704600000, 0x0000000704600000, 0x0000000704800000|  0%| F|  |TAMS 0x0000000704600000| PB 0x0000000704600000| Untracked |  0
|  29|0x0000000704800000, 0x0000000704800000, 0x0000000704a00000|  0%| F|  |TAMS 0x0000000704800000| PB 0x0000000704800000| Untracked |  0
|  30|0x0000000704a00000, 0x0000000704a00000, 0x0000000704c00000|  0%| F|  |TAMS 0x0000000704a00000| PB 0x0000000704a00000| Untracked |  0
|  31|0x0000000704c00000, 0x0000000704c00000, 0x0000000704e00000|  0%| F|  |TAMS 0x0000000704c00000| PB 0x0000000704c00000| Untracked |  0
|  32|0x0000000704e00000, 0x0000000704e00000, 0x0000000705000000|  0%| F|  |TAMS 0x0000000704e00000| PB 0x0000000704e00000| Untracked |  0
|  33|0x0000000705000000, 0x0000000705000000, 0x0000000705200000|  0%| F|  |TAMS 0x0000000705000000| PB 0x0000000705000000| Untracked |  0
|  34|0x0000000705200000, 0x0000000705200000, 0x0000000705400000|  0%| F|  |TAMS 0x0000000705200000| PB 0x0000000705200000| Untracked |  0
|  35|0x0000000705400000, 0x0000000705400000, 0x0000000705600000|  0%| F|  |TAMS 0x0000000705400000| PB 0x0000000705400000| Untracked |  0
|  36|0x0000000705600000, 0x0000000705600000, 0x0000000705800000|  0%| F|  |TAMS 0x0000000705600000| PB 0x0000000705600000| Untracked |  0
|  37|0x0000000705800000, 0x0000000705800000, 0x0000000705a00000|  0%| F|  |TAMS 0x0000000705800000| PB 0x0000000705800000| Untracked |  0
|  38|0x0000000705a00000, 0x0000000705a00000, 0x0000000705c00000|  0%| F|  |TAMS 0x0000000705a00000| PB 0x0000000705a00000| Untracked |  0
|  39|0x0000000705c00000, 0x0000000705c00000, 0x0000000705e00000|  0%| F|  |TAMS 0x0000000705c00000| PB 0x0000000705c00000| Untracked |  0
|  40|0x0000000705e00000, 0x0000000705e00000, 0x0000000706000000|  0%| F|  |TAMS 0x0000000705e00000| PB 0x0000000705e00000| Untracked |  0
|  41|0x0000000706000000, 0x0000000706000000, 0x0000000706200000|  0%| F|  |TAMS 0x0000000706000000| PB 0x0000000706000000| Untracked |  0
|  42|0x0000000706200000, 0x0000000706200000, 0x0000000706400000|  0%| F|  |TAMS 0x0000000706200000| PB 0x0000000706200000| Untracked |  0
|  43|0x0000000706400000, 0x0000000706400000, 0x0000000706600000|  0%| F|  |TAMS 0x0000000706400000| PB 0x0000000706400000| Untracked |  0
|  44|0x0000000706600000, 0x0000000706600000, 0x0000000706800000|  0%| F|  |TAMS 0x0000000706600000| PB 0x0000000706600000| Untracked |  0
|  45|0x0000000706800000, 0x0000000706800000, 0x0000000706a00000|  0%| F|  |TAMS 0x0000000706800000| PB 0x0000000706800000| Untracked |  0
|  46|0x0000000706a00000, 0x0000000706a00000, 0x0000000706c00000|  0%| F|  |TAMS 0x0000000706a00000| PB 0x0000000706a00000| Untracked |  0
|  47|0x0000000706c00000, 0x0000000706c00000, 0x0000000706e00000|  0%| F|  |TAMS 0x0000000706c00000| PB 0x0000000706c00000| Untracked |  0
|  48|0x0000000706e00000, 0x0000000706e00000, 0x0000000707000000|  0%| F|  |TAMS 0x0000000706e00000| PB 0x0000000706e00000| Untracked |  0
|  49|0x0000000707000000, 0x0000000707000000, 0x0000000707200000|  0%| F|  |TAMS 0x0000000707000000| PB 0x0000000707000000| Untracked |  0
|  50|0x0000000707200000, 0x0000000707200000, 0x0000000707400000|  0%| F|  |TAMS 0x0000000707200000| PB 0x0000000707200000| Untracked |  0
|  51|0x0000000707400000, 0x0000000707400000, 0x0000000707600000|  0%| F|  |TAMS 0x0000000707400000| PB 0x0000000707400000| Untracked |  0
|  52|0x0000000707600000, 0x0000000707600000, 0x0000000707800000|  0%| F|  |TAMS 0x0000000707600000| PB 0x0000000707600000| Untracked |  0
|  53|0x0000000707800000, 0x0000000707800000, 0x0000000707a00000|  0%| F|  |TAMS 0x0000000707800000| PB 0x0000000707800000| Untracked |  0
|  54|0x0000000707a00000, 0x0000000707a00000, 0x0000000707c00000|  0%| F|  |TAMS 0x0000000707a00000| PB 0x0000000707a00000| Untracked |  0
|  55|0x0000000707c00000, 0x0000000707c00000, 0x0000000707e00000|  0%| F|  |TAMS 0x0000000707c00000| PB 0x0000000707c00000| Untracked |  0
|  56|0x0000000707e00000, 0x0000000707e00000, 0x0000000708000000|  0%| F|  |TAMS 0x0000000707e00000| PB 0x0000000707e00000| Untracked |  0
|  57|0x0000000708000000, 0x0000000708000000, 0x0000000708200000|  0%| F|  |TAMS 0x0000000708000000| PB 0x0000000708000000| Untracked |  0
|  58|0x0000000708200000, 0x0000000708200000, 0x0000000708400000|  0%| F|  |TAMS 0x0000000708200000| PB 0x0000000708200000| Untracked |  0
|  59|0x0000000708400000, 0x0000000708400000, 0x0000000708600000|  0%| F|  |TAMS 0x0000000708400000| PB 0x0000000708400000| Untracked |  0
|  60|0x0000000708600000, 0x0000000708600000, 0x0000000708800000|  0%| F|  |TAMS 0x0000000708600000| PB 0x0000000708600000| Untracked |  0
|  61|0x0000000708800000, 0x0000000708800000, 0x0000000708a00000|  0%| F|  |TAMS 0x0000000708800000| PB 0x0000000708800000| Untracked |  0
|  62|0x0000000708a00000, 0x0000000708a00000, 0x0000000708c00000|  0%| F|  |TAMS 0x0000000708a00000| PB 0x0000000708a00000| Untracked |  0
|  63|0x0000000708c00000, 0x0000000708c00000, 0x0000000708e00000|  0%| F|  |TAMS 0x0000000708c00000| PB 0x0000000708c00000| Untracked |  0
|  64|0x0000000708e00000, 0x0000000708e00000, 0x0000000709000000|  0%| F|  |TAMS 0x0000000708e00000| PB 0x0000000708e00000| Untracked |  0
|  65|0x0000000709000000, 0x0000000709000000, 0x0000000709200000|  0%| F|  |TAMS 0x0000000709000000| PB 0x0000000709000000| Untracked |  0
|  66|0x0000000709200000, 0x0000000709200000, 0x0000000709400000|  0%| F|  |TAMS 0x0000000709200000| PB 0x0000000709200000| Untracked |  0
|  67|0x0000000709400000, 0x0000000709400000, 0x0000000709600000|  0%| F|  |TAMS 0x0000000709400000| PB 0x0000000709400000| Untracked |  0
|  68|0x0000000709600000, 0x0000000709600000, 0x0000000709800000|  0%| F|  |TAMS 0x0000000709600000| PB 0x0000000709600000| Untracked |  0
|  69|0x0000000709800000, 0x0000000709800000, 0x0000000709a00000|  0%| F|  |TAMS 0x0000000709800000| PB 0x0000000709800000| Untracked |  0
|  70|0x0000000709a00000, 0x0000000709a00000, 0x0000000709c00000|  0%| F|  |TAMS 0x0000000709a00000| PB 0x0000000709a00000| Untracked |  0
|  71|0x0000000709c00000, 0x0000000709c00000, 0x0000000709e00000|  0%| F|  |TAMS 0x0000000709c00000| PB 0x0000000709c00000| Untracked |  0
|  72|0x0000000709e00000, 0x0000000709e00000, 0x000000070a000000|  0%| F|  |TAMS 0x0000000709e00000| PB 0x0000000709e00000| Untracked |  0
|  73|0x000000070a000000, 0x000000070a000000, 0x000000070a200000|  0%| F|  |TAMS 0x000000070a000000| PB 0x000000070a000000| Untracked |  0
|  74|0x000000070a200000, 0x000000070a200000, 0x000000070a400000|  0%| F|  |TAMS 0x000000070a200000| PB 0x000000070a200000| Untracked |  0
|  75|0x000000070a400000, 0x000000070a400000, 0x000000070a600000|  0%| F|  |TAMS 0x000000070a400000| PB 0x000000070a400000| Untracked |  0
|  76|0x000000070a600000, 0x000000070a600000, 0x000000070a800000|  0%| F|  |TAMS 0x000000070a600000| PB 0x000000070a600000| Untracked |  0
|  77|0x000000070a800000, 0x000000070a800000, 0x000000070aa00000|  0%| F|  |TAMS 0x000000070a800000| PB 0x000000070a800000| Untracked |  0
|  78|0x000000070aa00000, 0x000000070aa00000, 0x000000070ac00000|  0%| F|  |TAMS 0x000000070aa00000| PB 0x000000070aa00000| Untracked |  0
|  79|0x000000070ac00000, 0x000000070ac00000, 0x000000070ae00000|  0%| F|  |TAMS 0x000000070ac00000| PB 0x000000070ac00000| Untracked |  0
|  80|0x000000070ae00000, 0x000000070ae00000, 0x000000070b000000|  0%| F|  |TAMS 0x000000070ae00000| PB 0x000000070ae00000| Untracked |  0
|  81|0x000000070b000000, 0x000000070b000000, 0x000000070b200000|  0%| F|  |TAMS 0x000000070b000000| PB 0x000000070b000000| Untracked |  0
|  82|0x000000070b200000, 0x000000070b200000, 0x000000070b400000|  0%| F|  |TAMS 0x000000070b200000| PB 0x000000070b200000| Untracked |  0
|  83|0x000000070b400000, 0x000000070b400000, 0x000000070b600000|  0%| F|  |TAMS 0x000000070b400000| PB 0x000000070b400000| Untracked |  0
|  84|0x000000070b600000, 0x000000070b600000, 0x000000070b800000|  0%| F|  |TAMS 0x000000070b600000| PB 0x000000070b600000| Untracked |  0
|  85|0x000000070b800000, 0x000000070b800000, 0x000000070ba00000|  0%| F|  |TAMS 0x000000070b800000| PB 0x000000070b800000| Untracked |  0
|  86|0x000000070ba00000, 0x000000070ba00000, 0x000000070bc00000|  0%| F|  |TAMS 0x000000070ba00000| PB 0x000000070ba00000| Untracked |  0
|  87|0x000000070bc00000, 0x000000070bc00000, 0x000000070be00000|  0%| F|  |TAMS 0x000000070bc00000| PB 0x000000070bc00000| Untracked |  0
|  88|0x000000070be00000, 0x000000070be00000, 0x000000070c000000|  0%| F|  |TAMS 0x000000070be00000| PB 0x000000070be00000| Untracked |  0
|  89|0x000000070c000000, 0x000000070c000000, 0x000000070c200000|  0%| F|  |TAMS 0x000000070c000000| PB 0x000000070c000000| Untracked |  0
|  90|0x000000070c200000, 0x000000070c200000, 0x000000070c400000|  0%| F|  |TAMS 0x000000070c200000| PB 0x000000070c200000| Untracked |  0
|  91|0x000000070c400000, 0x000000070c400000, 0x000000070c600000|  0%| F|  |TAMS 0x000000070c400000| PB 0x000000070c400000| Untracked |  0
|  92|0x000000070c600000, 0x000000070c600000, 0x000000070c800000|  0%| F|  |TAMS 0x000000070c600000| PB 0x000000070c600000| Untracked |  0
|  93|0x000000070c800000, 0x000000070c800000, 0x000000070ca00000|  0%| F|  |TAMS 0x000000070c800000| PB 0x000000070c800000| Untracked |  0
|  94|0x000000070ca00000, 0x000000070cc00000, 0x000000070cc00000|100%| S|CS|TAMS 0x000000070ca00000| PB 0x000000070ca00000| Complete |  0
|  95|0x000000070cc00000, 0x000000070ce00000, 0x000000070ce00000|100%| S|CS|TAMS 0x000000070cc00000| PB 0x000000070cc00000| Complete |  0
|  96|0x000000070ce00000, 0x000000070d000000, 0x000000070d000000|100%| S|CS|TAMS 0x000000070ce00000| PB 0x000000070ce00000| Complete |  0
|  97|0x000000070d000000, 0x000000070d200000, 0x000000070d200000|100%| S|CS|TAMS 0x000000070d000000| PB 0x000000070d000000| Complete |  0
|  98|0x000000070d200000, 0x000000070d200000, 0x000000070d400000|  0%| F|  |TAMS 0x000000070d200000| PB 0x000000070d200000| Untracked |  0
|  99|0x000000070d400000, 0x000000070d400000, 0x000000070d600000|  0%| F|  |TAMS 0x000000070d400000| PB 0x000000070d400000| Untracked |  0
| 100|0x000000070d600000, 0x000000070d600000, 0x000000070d800000|  0%| F|  |TAMS 0x000000070d600000| PB 0x000000070d600000| Untracked |  0
| 101|0x000000070d800000, 0x000000070d800000, 0x000000070da00000|  0%| F|  |TAMS 0x000000070d800000| PB 0x000000070d800000| Untracked |  0
| 102|0x000000070da00000, 0x000000070da00000, 0x000000070dc00000|  0%| F|  |TAMS 0x000000070da00000| PB 0x000000070da00000| Untracked |  0
| 103|0x000000070dc00000, 0x000000070dc00000, 0x000000070de00000|  0%| F|  |TAMS 0x000000070dc00000| PB 0x000000070dc00000| Untracked |  0
| 104|0x000000070de00000, 0x000000070de00000, 0x000000070e000000|  0%| F|  |TAMS 0x000000070de00000| PB 0x000000070de00000| Untracked |  0
| 105|0x000000070e000000, 0x000000070e000000, 0x000000070e200000|  0%| F|  |TAMS 0x000000070e000000| PB 0x000000070e000000| Untracked |  0
| 106|0x000000070e200000, 0x000000070e2feb28, 0x000000070e400000| 49%| E|  |TAMS 0x000000070e200000| PB 0x000000070e200000| Complete |  0
| 107|0x000000070e400000, 0x000000070e600000, 0x000000070e600000|100%| E|CS|TAMS 0x000000070e400000| PB 0x000000070e400000| Complete |  0
| 108|0x000000070e600000, 0x000000070e800000, 0x000000070e800000|100%| E|CS|TAMS 0x000000070e600000| PB 0x000000070e600000| Complete |  0
| 109|0x000000070e800000, 0x000000070ea00000, 0x000000070ea00000|100%| E|CS|TAMS 0x000000070e800000| PB 0x000000070e800000| Complete |  0
| 110|0x000000070ea00000, 0x000000070ec00000, 0x000000070ec00000|100%| E|CS|TAMS 0x000000070ea00000| PB 0x000000070ea00000| Complete |  0
| 111|0x000000070ec00000, 0x000000070ee00000, 0x000000070ee00000|100%| E|CS|TAMS 0x000000070ec00000| PB 0x000000070ec00000| Complete |  0
| 112|0x000000070ee00000, 0x000000070f000000, 0x000000070f000000|100%| E|  |TAMS 0x000000070ee00000| PB 0x000000070ee00000| Complete |  0
| 113|0x000000070f000000, 0x000000070f200000, 0x000000070f200000|100%| E|CS|TAMS 0x000000070f000000| PB 0x000000070f000000| Complete |  0
| 114|0x000000070f200000, 0x000000070f400000, 0x000000070f400000|100%| E|CS|TAMS 0x000000070f200000| PB 0x000000070f200000| Complete |  0
| 115|0x000000070f400000, 0x000000070f600000, 0x000000070f600000|100%| E|CS|TAMS 0x000000070f400000| PB 0x000000070f400000| Complete |  0
| 116|0x000000070f600000, 0x000000070f800000, 0x000000070f800000|100%| E|CS|TAMS 0x000000070f600000| PB 0x000000070f600000| Complete |  0
| 117|0x000000070f800000, 0x000000070fa00000, 0x000000070fa00000|100%| E|CS|TAMS 0x000000070f800000| PB 0x000000070f800000| Complete |  0
| 118|0x000000070fa00000, 0x000000070fc00000, 0x000000070fc00000|100%| E|CS|TAMS 0x000000070fa00000| PB 0x000000070fa00000| Complete |  0
| 119|0x000000070fc00000, 0x000000070fe00000, 0x000000070fe00000|100%| E|CS|TAMS 0x000000070fc00000| PB 0x000000070fc00000| Complete |  0
| 120|0x000000070fe00000, 0x0000000710000000, 0x0000000710000000|100%| E|CS|TAMS 0x000000070fe00000| PB 0x000000070fe00000| Complete |  0
| 121|0x0000000710000000, 0x0000000710200000, 0x0000000710200000|100%| E|CS|TAMS 0x0000000710000000| PB 0x0000000710000000| Complete |  0
| 122|0x0000000710200000, 0x0000000710400000, 0x0000000710400000|100%| E|CS|TAMS 0x0000000710200000| PB 0x0000000710200000| Complete |  0
| 123|0x0000000710400000, 0x0000000710600000, 0x0000000710600000|100%| E|CS|TAMS 0x0000000710400000| PB 0x0000000710400000| Complete |  0
| 124|0x0000000710600000, 0x0000000710800000, 0x0000000710800000|100%| E|CS|TAMS 0x0000000710600000| PB 0x0000000710600000| Complete |  0
| 125|0x0000000710800000, 0x0000000710a00000, 0x0000000710a00000|100%| E|CS|TAMS 0x0000000710800000| PB 0x0000000710800000| Complete |  0
| 126|0x0000000710a00000, 0x0000000710c00000, 0x0000000710c00000|100%| E|CS|TAMS 0x0000000710a00000| PB 0x0000000710a00000| Complete |  0
| 127|0x0000000710c00000, 0x0000000710e00000, 0x0000000710e00000|100%| E|CS|TAMS 0x0000000710c00000| PB 0x0000000710c00000| Complete |  0

Card table byte_map: [0x000001d166420000,0x000001d166c20000] _byte_map_base: 0x000001d162c19000

Marking Bits: (CMBitMap*) 0x000001d14e627a90
 Bits: [0x000001d166c20000, 0x000001d16abe8000)

Polling page: 0x000001d14c540000

Metaspace:

Usage:
  Non-class:     14.71 MB used.
      Class:      1.56 MB used.
       Both:     16.27 MB used.

Virtual space:
  Non-class space:       64.00 MB reserved,      14.81 MB ( 23%) committed,  1 nodes.
      Class space:        1.00 GB reserved,       1.69 MB ( <1%) committed,  1 nodes.
             Both:        1.06 GB reserved,      16.50 MB (  2%) committed. 

Chunk freelists:
   Non-Class:  720.00 KB
       Class:  14.22 MB
        Both:  14.92 MB

MaxMetaspaceSize: unlimited
CompressedClassSpaceSize: 1.00 GB
Initial GC threshold: 21.00 MB
Current GC threshold: 21.00 MB
CDS: on
 - commit_granule_bytes: 65536.
 - commit_granule_words: 8192.
 - virtual_space_node_default_size: 8388608.
 - enlarge_chunks_in_place: 1.
 - use_allocation_guard: 0.


Internal statistics:

num_allocs_failed_limit: 0.
num_arena_births: 174.
num_arena_deaths: 0.
num_vsnodes_births: 2.
num_vsnodes_deaths: 0.
num_space_committed: 264.
num_space_uncommitted: 0.
num_chunks_returned_to_freelist: 0.
num_chunks_taken_from_freelist: 587.
num_chunk_merges: 0.
num_chunk_splits: 429.
num_chunks_enlarged: 324.
num_inconsistent_stats: 0.

CodeHeap 'non-profiled nmethods': size=120000Kb used=2201Kb max_used=2201Kb free=117798Kb
 bounds [0x000001d15e3c0000, 0x000001d15e630000, 0x000001d1658f0000]
CodeHeap 'profiled nmethods': size=120000Kb used=6920Kb max_used=6920Kb free=113079Kb
 bounds [0x000001d1568f0000, 0x000001d156fc0000, 0x000001d15de20000]
CodeHeap 'non-nmethods': size=5760Kb used=1443Kb max_used=1512Kb free=4316Kb
 bounds [0x000001d15de20000, 0x000001d15e090000, 0x000001d15e3c0000]
 total_blobs=3279 nmethods=2750 adapters=433
 compilation: enabled
              stopped_count=0, restarted_count=0
 full_count=0

Compilation events (20 events):
Event: 6.403 Thread 0x000001d16d66d210 2692       3       java.lang.invoke.LambdaFormBuffer::ownedCount (7 bytes)
Event: 6.403 Thread 0x000001d16d66d210 nmethod 2692 0x000001d156f93c90 code [0x000001d156f93e20, 0x000001d156f93f30]
Event: 6.404 Thread 0x000001d16d66d210 2693       3       java.lang.invoke.LambdaForm$Name::<init> (19 bytes)
Event: 6.405 Thread 0x000001d16d66d210 nmethod 2693 0x000001d156f93f90 code [0x000001d156f941c0, 0x000001d156f94898]
Event: 6.405 Thread 0x000001d16d66d210 2694       3       jdk.internal.org.objectweb.asm.MethodWriter::visitTypeInsn (116 bytes)
Event: 6.406 Thread 0x000001d16d66d210 nmethod 2694 0x000001d156f94c10 code [0x000001d156f94e00, 0x000001d156f95208]
Event: 6.406 Thread 0x000001d16d66d210 2695       3       java.util.ImmutableCollections$List12::size (16 bytes)
Event: 6.406 Thread 0x000001d16d66d210 nmethod 2695 0x000001d156f95410 code [0x000001d156f955c0, 0x000001d156f95750]
Event: 6.406 Thread 0x000001d16d66d210 2696       3       jdk.internal.org.objectweb.asm.Frame::setLocal (65 bytes)
Event: 6.407 Thread 0x000001d16d66d210 nmethod 2696 0x000001d156f95810 code [0x000001d156f959e0, 0x000001d156f95ef8]
Event: 6.408 Thread 0x000001d16d66d210 2697   !   3       com.intellij.rt.debugger.agent.CaptureAgent$CaptureTransformer::transform (131 bytes)
Event: 6.409 Thread 0x000001d16d66d210 nmethod 2697 0x000001d156f96090 code [0x000001d156f96400, 0x000001d156f97790]
Event: 6.409 Thread 0x000001d16d66d210 2699       3       java.util.Arrays::copyOfRange (90 bytes)
Event: 6.410 Thread 0x000001d16d66d210 nmethod 2699 0x000001d156f98110 code [0x000001d156f983c0, 0x000001d156f99040]
Event: 6.410 Thread 0x000001d16d66d210 2701       3       java.util.ImmutableCollections$ListN::size (6 bytes)
Event: 6.410 Thread 0x000001d16d66d210 nmethod 2701 0x000001d156f99490 code [0x000001d156f99620, 0x000001d156f99738]
Event: 6.410 Thread 0x000001d16d66d210 2704       3       java.lang.reflect.Modifier::isPrivate (12 bytes)
Event: 6.411 Thread 0x000001d16d66d210 nmethod 2704 0x000001d156f99810 code [0x000001d156f999a0, 0x000001d156f99ae0]
Event: 6.411 Thread 0x000001d16d66d210 2705       3       java.lang.invoke.InvokerBytecodeGenerator::loadInsnOpcode (98 bytes)
Event: 6.411 Thread 0x000001d16d66d210 nmethod 2705 0x000001d156f99b90 code [0x000001d156f99e00, 0x000001d156f9a748]

GC Heap History (6 events):
Event: 1.465 GC heap before
{Heap before GC invocations=0 (full 0):
 garbage-first heap   total reserved 4179968K, committed 262144K, used 24576K [0x0000000700e00000, 0x0000000800000000)
  region size 2048K, 12 young (24576K), 0 survivors (0K)
 Metaspace       used 7110K, committed 7296K, reserved 1114112K
  class space    used 656K, committed 768K, reserved 1048576K
}
Event: 1.474 GC heap after
{Heap after GC invocations=1 (full 0):
 garbage-first heap   total reserved 4179968K, committed 262144K, used 5210K [0x0000000700e00000, 0x0000000800000000)
  region size 2048K, 2 young (4096K), 2 survivors (4096K)
 Metaspace       used 7110K, committed 7296K, reserved 1114112K
  class space    used 656K, committed 768K, reserved 1048576K
}
Event: 3.100 GC heap before
{Heap before GC invocations=1 (full 0):
 garbage-first heap   total reserved 4179968K, committed 262144K, used 40026K [0x0000000700e00000, 0x0000000800000000)
  region size 2048K, 19 young (38912K), 2 survivors (4096K)
 Metaspace       used 11105K, committed 11328K, reserved 1114112K
  class space    used 1042K, committed 1152K, reserved 1048576K
}
Event: 3.111 GC heap after
{Heap after GC invocations=2 (full 0):
 garbage-first heap   total reserved 4179968K, committed 262144K, used 12162K [0x0000000700e00000, 0x0000000800000000)
  region size 2048K, 3 young (6144K), 3 survivors (6144K)
 Metaspace       used 11105K, committed 11328K, reserved 1114112K
  class space    used 1042K, committed 1152K, reserved 1048576K
}
Event: 4.758 GC heap before
{Heap before GC invocations=2 (full 0):
 garbage-first heap   total reserved 4179968K, committed 262144K, used 67458K [0x0000000700e00000, 0x0000000800000000)
  region size 2048K, 30 young (61440K), 3 survivors (6144K)
 Metaspace       used 14394K, committed 14592K, reserved 1114112K
  class space    used 1301K, committed 1408K, reserved 1048576K
}
Event: 4.771 GC heap after
{Heap after GC invocations=3 (full 0):
 garbage-first heap   total reserved 4179968K, committed 262144K, used 20721K [0x0000000700e00000, 0x0000000800000000)
  region size 2048K, 4 young (8192K), 4 survivors (8192K)
 Metaspace       used 14394K, committed 14592K, reserved 1114112K
  class space    used 1301K, committed 1408K, reserved 1048576K
}

Dll operation events (10 events):
Event: 0.021 Loaded shared library C:\Program Files\Java\jdk-22\bin\java.dll
Event: 0.023 Loaded shared library C:\Program Files\Java\jdk-22\bin\zip.dll
Event: 0.090 Loaded shared library C:\Program Files\Java\jdk-22\bin\jsvml.dll
Event: 0.264 Loaded shared library C:\Program Files\Java\jdk-22\bin\instrument.dll
Event: 0.269 Loaded shared library C:\Program Files\Java\jdk-22\bin\net.dll
Event: 0.271 Loaded shared library C:\Program Files\Java\jdk-22\bin\nio.dll
Event: 0.282 Loaded shared library C:\Program Files\Java\jdk-22\bin\zip.dll
Event: 0.497 Loaded shared library C:\Program Files\Java\jdk-22\bin\jimage.dll
Event: 0.560 Loaded shared library C:\Program Files\Java\jdk-22\bin\verify.dll
Event: 1.480 Loaded shared library C:\Program Files\Java\jdk-22\bin\extnet.dll

Deoptimization events (20 events):
Event: 5.949 Thread 0x000001d14c3bf260 Uncommon trap: trap_request=0xffffffc6 fr.pc=0x000001d15e4b9534 relative=0x0000000000000c34
Event: 5.949 Thread 0x000001d14c3bf260 Uncommon trap: reason=bimorphic_or_optimized_type_check action=maybe_recompile pc=0x000001d15e4b9534 method=java.util.HashMap.putVal(ILjava/lang/Object;Ljava/lang/Object;ZZ)Ljava/lang/Object; @ 56 c2
Event: 5.949 Thread 0x000001d14c3bf260 DEOPT PACKING pc=0x000001d15e4b9534 sp=0x000000717fdfdaa0
Event: 5.949 Thread 0x000001d14c3bf260 DEOPT UNPACKING pc=0x000001d15de746a2 sp=0x000000717fdfd9d0 mode 2
Event: 5.949 Thread 0x000001d14c3bf260 Uncommon trap: trap_request=0xffffffc6 fr.pc=0x000001d15e4b9534 relative=0x0000000000000c34
Event: 5.949 Thread 0x000001d14c3bf260 Uncommon trap: reason=bimorphic_or_optimized_type_check action=maybe_recompile pc=0x000001d15e4b9534 method=java.util.HashMap.putVal(ILjava/lang/Object;Ljava/lang/Object;ZZ)Ljava/lang/Object; @ 56 c2
Event: 5.949 Thread 0x000001d14c3bf260 DEOPT PACKING pc=0x000001d15e4b9534 sp=0x000000717fdfdaa0
Event: 5.949 Thread 0x000001d14c3bf260 DEOPT UNPACKING pc=0x000001d15de746a2 sp=0x000000717fdfd9d0 mode 2
Event: 5.949 Thread 0x000001d14c3bf260 Uncommon trap: trap_request=0xffffffc6 fr.pc=0x000001d15e4b9554 relative=0x0000000000000c54
Event: 5.949 Thread 0x000001d14c3bf260 Uncommon trap: reason=bimorphic_or_optimized_type_check action=maybe_recompile pc=0x000001d15e4b9554 method=java.util.HashMap.putVal(ILjava/lang/Object;Ljava/lang/Object;ZZ)Ljava/lang/Object; @ 152 c2
Event: 5.949 Thread 0x000001d14c3bf260 DEOPT PACKING pc=0x000001d15e4b9554 sp=0x000000717fdfdaa0
Event: 5.949 Thread 0x000001d14c3bf260 DEOPT UNPACKING pc=0x000001d15de746a2 sp=0x000000717fdfd9d8 mode 2
Event: 5.949 Thread 0x000001d14c3bf260 Uncommon trap: trap_request=0xffffffc6 fr.pc=0x000001d15e4b9534 relative=0x0000000000000c34
Event: 5.949 Thread 0x000001d14c3bf260 Uncommon trap: reason=bimorphic_or_optimized_type_check action=maybe_recompile pc=0x000001d15e4b9534 method=java.util.HashMap.putVal(ILjava/lang/Object;Ljava/lang/Object;ZZ)Ljava/lang/Object; @ 56 c2
Event: 5.949 Thread 0x000001d14c3bf260 DEOPT PACKING pc=0x000001d15e4b9534 sp=0x000000717fdfdaa0
Event: 5.949 Thread 0x000001d14c3bf260 DEOPT UNPACKING pc=0x000001d15de746a2 sp=0x000000717fdfd9d0 mode 2
Event: 6.059 Thread 0x000001d14c3bf260 DEOPT PACKING pc=0x000001d156f4a3a0 sp=0x000000717fdfa0b0
Event: 6.059 Thread 0x000001d14c3bf260 DEOPT UNPACKING pc=0x000001d15de74e42 sp=0x000000717fdf9628 mode 0
Event: 6.350 Thread 0x000001d14c3bf260 DEOPT PACKING pc=0x000001d156f4a3a0 sp=0x000000717fdfc080
Event: 6.350 Thread 0x000001d14c3bf260 DEOPT UNPACKING pc=0x000001d15de74e42 sp=0x000000717fdfb5f8 mode 0

Classes loaded (20 events):
Event: 6.346 Loading class org/testng/ConfigurationNotInvokedException
Event: 6.346 Loading class org/testng/ConfigurationNotInvokedException done
Event: 6.349 Loading class org/testng/internal/invokers/TestInvoker
Event: 6.349 Loading class org/testng/internal/invokers/TestInvoker done
Event: 6.357 Loading class org/testng/internal/invokers/IMethodRunner
Event: 6.357 Loading class org/testng/internal/invokers/IMethodRunner done
Event: 6.368 Loading class org/testng/internal/thread/ThreadExecutionException
Event: 6.368 Loading class org/testng/internal/thread/ThreadExecutionException done
Event: 6.369 Loading class org/testng/IExpectedExceptionsHolder
Event: 6.369 Loading class org/testng/IExpectedExceptionsHolder done
Event: 6.387 Loading class org/testng/TestNotInvokedException
Event: 6.387 Loading class org/testng/TestNotInvokedException done
Event: 6.390 Loading class org/testng/TestException
Event: 6.390 Loading class org/testng/TestException done
Event: 6.394 Loading class org/testng/IMethodInstance
Event: 6.394 Loading class org/testng/IMethodInstance done
Event: 6.395 Loading class org/testng/xml/XmlSuite$ParallelMode
Event: 6.395 Loading class org/testng/xml/XmlSuite$ParallelMode done
Event: 6.411 Loading class org/testng/internal/GroupsHelper
Event: 6.411 Loading class org/testng/internal/GroupsHelper done

Classes unloaded (0 events):
No events

Classes redefined (1 events):
Event: 1.457 Thread 0x000001d16d63a530 redefined class name=java.lang.Throwable, count=1

Internal exceptions (20 events):
Event: 1.263 Thread 0x000001d14c3bf260 Exception <a 'java/lang/ArrayIndexOutOfBoundsException'{0x000000070fae4e40}: Index 7 out of bounds for length 7> (0x000000070fae4e40) 
thrown [s\open\src\hotspot\share\interpreter\interpreterRuntime.cpp, line 436]
Event: 1.263 Thread 0x000001d14c3bf260 Exception <a 'java/lang/ArrayIndexOutOfBoundsException'{0x000000070fae5418}: Index 7 out of bounds for length 7> (0x000000070fae5418) 
thrown [s\open\src\hotspot\share\interpreter\interpreterRuntime.cpp, line 436]
Event: 1.484 Thread 0x000001d1452120e0 Exception <a 'java/lang/NoSuchMethodError'{0x0000000710c10f40}: 'void java.lang.invoke.DirectMethodHandle$Holder.invokeStatic(java.lang.Object, java.lang.Object)'> (0x0000000710c10f40) 
thrown [s\open\src\hotspot\share\interpreter\linkResolver.cpp, line 774]
Event: 1.915 Thread 0x000001d14c3bf260 Exception <a 'java/lang/NoSuchMethodError'{0x000000071051c868}: 'java.lang.Object java.lang.invoke.DirectMethodHandle$Holder.invokeVirtual(java.lang.Object, java.lang.Object, java.lang.Object)'> (0x000000071051c868) 
thrown [s\open\src\hotspot\share\interpreter\linkResolver.cpp, line 774]
Event: 2.005 Thread 0x000001d14c3bf260 Exception <a 'java/lang/NoSuchMethodError'{0x0000000710003420}: 'int java.lang.invoke.DirectMethodHandle$Holder.invokeStaticInit(java.lang.Object, java.lang.Object)'> (0x0000000710003420) 
thrown [s\open\src\hotspot\share\interpreter\linkResolver.cpp, line 774]
Event: 2.418 Thread 0x000001d14c3bf260 Exception <a 'java/lang/NoSuchMethodError'{0x000000070f863690}: 'int java.lang.invoke.DirectMethodHandle$Holder.invokeSpecial(java.lang.Object, java.lang.Object, java.lang.Object)'> (0x000000070f863690) 
thrown [s\open\src\hotspot\share\interpreter\linkResolver.cpp, line 774]
Event: 2.422 Thread 0x000001d14c3bf260 Exception <a 'java/lang/NoSuchMethodError'{0x000000070f86dd50}: 'void java.lang.invoke.DelegatingMethodHandle$Holder.reinvoke_L(java.lang.Object, java.lang.Object, int)'> (0x000000070f86dd50) 
thrown [s\open\src\hotspot\share\interpreter\linkResolver.cpp, line 774]
Event: 2.426 Thread 0x000001d14c3bf260 Exception <a 'java/lang/NoSuchMethodError'{0x000000070f8746a0}: 'int java.lang.invoke.Invokers$Holder.invokeExact_MT(java.lang.Object, java.lang.Object, java.lang.Object)'> (0x000000070f8746a0) 
thrown [s\open\src\hotspot\share\interpreter\linkResolver.cpp, line 774]
Event: 2.446 Thread 0x000001d14c3bf260 Exception <a 'java/lang/NoSuchMethodError'{0x000000070f8b7aa8}: 'void java.lang.invoke.Invokers$Holder.invokeExact_MT(java.lang.Object, java.lang.Object, java.lang.Object, java.lang.Object)'> (0x000000070f8b7aa8) 
thrown [s\open\src\hotspot\share\interpreter\linkResolver.cpp, line 774]
Event: 2.459 Thread 0x000001d14c3bf260 Exception <a 'java/lang/NoSuchMethodError'{0x000000070f8ccbd8}: 'void java.lang.invoke.DirectMethodHandle$Holder.invokeVirtual(java.lang.Object, java.lang.Object, int)'> (0x000000070f8ccbd8) 
thrown [s\open\src\hotspot\share\interpreter\linkResolver.cpp, line 774]
Event: 2.464 Thread 0x000001d14c3bf260 Exception <a 'java/lang/NoSuchMethodError'{0x000000070f8d4b28}: 'void java.lang.invoke.DirectMethodHandle$Holder.invokeSpecial(java.lang.Object, java.lang.Object, java.lang.Object)'> (0x000000070f8d4b28) 
thrown [s\open\src\hotspot\share\interpreter\linkResolver.cpp, line 774]
Event: 2.530 Thread 0x000001d14c3bf260 Exception <a 'java/lang/ClassNotFoundException'{0x000000070f6d9460}: com/sun/org/apache/xerces/internal/impl/msg/spi/SAXMessagesProvider> (0x000000070f6d9460) 
thrown [s\open\src\hotspot\share\classfile\systemDictionary.cpp, line 313]
Event: 2.687 Thread 0x000001d14c3bf260 Exception <a 'java/lang/NoSuchMethodError'{0x000000070f071728}: 'java.lang.Object java.lang.invoke.DirectMethodHandle$Holder.invokeStaticInit(java.lang.Object, int, int, int, int)'> (0x000000070f071728) 
thrown [s\open\src\hotspot\share\interpreter\linkResolver.cpp, line 774]
Event: 2.749 Thread 0x000001d14c3bf260 Exception <a 'java/lang/NoSuchMethodError'{0x000000070f0deec8}: 'java.lang.Object java.lang.invoke.DirectMethodHandle$Holder.invokeStaticInit(java.lang.Object, java.lang.Object, int, int, int, int)'> (0x000000070f0deec8) 
thrown [s\open\src\hotspot\share\interpreter\linkResolver.cpp, line 774]
Event: 2.862 Thread 0x000001d14c3bf260 Exception <a 'java/lang/NoSuchMethodError'{0x000000070eeb09e0}: 'void java.lang.invoke.DirectMethodHandle$Holder.invokeVirtual(java.lang.Object, java.lang.Object)'> (0x000000070eeb09e0) 
thrown [s\open\src\hotspot\share\interpreter\linkResolver.cpp, line 774]
Event: 6.017 Thread 0x000001d14c3bf260 Exception <a 'java/lang/NoSuchMethodError'{0x000000070ea59b00}: 'void java.lang.invoke.DirectMethodHandle$Holder.invokeStatic(java.lang.Object, java.lang.Object, java.lang.Object, java.lang.Object)'> (0x000000070ea59b00) 
thrown [s\open\src\hotspot\share\interpreter\linkResolver.cpp, line 774]
Event: 6.111 Thread 0x000001d14c3bf260 Exception <a 'java/lang/NoSuchMethodError'{0x000000070e83c698}: 'int java.lang.invoke.DirectMethodHandle$Holder.invokeVirtual(java.lang.Object, java.lang.Object)'> (0x000000070e83c698) 
thrown [s\open\src\hotspot\share\interpreter\linkResolver.cpp, line 774]
Event: 6.125 Thread 0x000001d14c3bf260 Exception <a 'java/lang/NoSuchMethodError'{0x000000070e845ac0}: 'java.lang.Object java.lang.invoke.Invokers$Holder.invokeExact_MT(java.lang.Object, java.lang.Object, java.lang.Object, java.lang.Object, java.lang.Object, java.lang.Object)'> (0x000000070e845ac0) 
thrown [s\open\src\hotspot\share\interpreter\linkResolver.cpp, line 774]
Event: 6.213 Thread 0x000001d14c3bf260 Exception <a 'java/lang/NoSuchMethodError'{0x000000070e9d8188}: 'java.lang.Object java.lang.invoke.DirectMethodHandle$Holder.invokeSpecial(java.lang.Object, java.lang.Object, java.lang.Object, int, java.lang.Object)'> (0x000000070e9d8188) 
thrown [s\open\src\hotspot\share\interpreter\linkResolver.cpp, line 774]
Event: 6.328 Thread 0x000001d14c3bf260 Exception <a 'java/lang/NoSuchMethodError'{0x000000070e707bf8}: 'int java.lang.invoke.DirectMethodHandle$Holder.invokeStaticInit(java.lang.Object, java.lang.Object, java.lang.Object)'> (0x000000070e707bf8) 
thrown [s\open\src\hotspot\share\interpreter\linkResolver.cpp, line 774]

ZGC Phase Switch (0 events):
No events

VM Operations (20 events):
Event: 4.103 Executing VM operation: HandshakeAllThreads (Deoptimize)
Event: 4.103 Executing VM operation: HandshakeAllThreads (Deoptimize) done
Event: 4.724 Executing VM operation: ICBufferFull
Event: 4.724 Executing VM operation: ICBufferFull done
Event: 4.758 Executing VM operation: G1CollectForAllocation (G1 Evacuation Pause)
Event: 4.771 Executing VM operation: G1CollectForAllocation (G1 Evacuation Pause) done
Event: 5.134 Executing VM operation: HandshakeAllThreads (Deoptimize)
Event: 5.134 Executing VM operation: HandshakeAllThreads (Deoptimize) done
Event: 5.135 Executing VM operation: HandshakeAllThreads (Deoptimize)
Event: 5.135 Executing VM operation: HandshakeAllThreads (Deoptimize) done
Event: 5.273 Executing VM operation: HandshakeAllThreads (Deoptimize)
Event: 5.273 Executing VM operation: HandshakeAllThreads (Deoptimize) done
Event: 5.612 Executing VM operation: ICBufferFull
Event: 5.612 Executing VM operation: ICBufferFull done
Event: 5.924 Executing VM operation: HandshakeAllThreads (Deoptimize)
Event: 5.924 Executing VM operation: HandshakeAllThreads (Deoptimize) done
Event: 5.924 Executing VM operation: HandshakeAllThreads (Deoptimize)
Event: 5.924 Executing VM operation: HandshakeAllThreads (Deoptimize) done
Event: 5.948 Executing VM operation: HandshakeAllThreads (Deoptimize)
Event: 5.948 Executing VM operation: HandshakeAllThreads (Deoptimize) done

Events (20 events):
Event: 0.051 Thread 0x000001d14c3bf260 Thread added: 0x000001d14c3bf260
Event: 0.086 Thread 0x000001d16d654750 Thread added: 0x000001d16d654750
Event: 0.087 Thread 0x000001d16d65ad50 Thread added: 0x000001d16d65ad50
Event: 0.087 Thread 0x000001d16d65f0a0 Thread added: 0x000001d16d65f0a0
Event: 0.087 Thread 0x000001d16d662c20 Thread added: 0x000001d16d662c20
Event: 0.087 Thread 0x000001d16d665770 Thread added: 0x000001d16d665770
Event: 0.088 Thread 0x000001d16d669c00 Thread added: 0x000001d16d669c00
Event: 0.088 Thread 0x000001d16d66b2e0 Thread added: 0x000001d16d66b2e0
Event: 0.088 Thread 0x000001d16d66d210 Thread added: 0x000001d16d66d210
Event: 0.219 Thread 0x000001d145210d30 Thread added: 0x000001d145210d30
Event: 0.246 Thread 0x000001d1452af6d0 Thread added: 0x000001d1452af6d0
Event: 1.215 Thread 0x000001d1452af6d0 Thread exited: 0x000001d1452af6d0
Event: 1.340 Thread 0x000001d145cc9190 Thread added: 0x000001d145cc9190
Event: 1.360 Thread 0x000001d145c22200 Thread added: 0x000001d145c22200
Event: 1.390 Thread 0x000001d1452120e0 Thread added: 0x000001d1452120e0
Event: 1.477 Thread 0x000001d145212e00 Thread added: 0x000001d145212e00
Event: 1.572 Thread 0x000001d145cc9190 Thread exited: 0x000001d145cc9190
Event: 1.572 Thread 0x000001d145c22200 Thread exited: 0x000001d145c22200
Event: 1.575 Thread 0x000001d145cc9190 Thread added: 0x000001d145cc9190
Event: 1.590 Thread 0x000001d145d699e0 Thread added: 0x000001d145d699e0


Dynamic libraries:
0x00007ff7ff8a0000 - 0x00007ff7ff8b0000 	C:\Program Files\Java\jdk-22\bin\java.exe
0x00007ffd99870000 - 0x00007ffd99a87000 	C:\Windows\SYSTEM32\ntdll.dll
0x00007ffd98410000 - 0x00007ffd984d4000 	C:\Windows\System32\KERNEL32.DLL
0x00007ffd96c30000 - 0x00007ffd96fe7000 	C:\Windows\System32\KERNELBASE.dll
0x00007ffd97220000 - 0x00007ffd97331000 	C:\Windows\System32\ucrtbase.dll
0x00007ffd90260000 - 0x00007ffd90277000 	C:\Program Files\Java\jdk-22\bin\jli.dll
0x00007ffd98780000 - 0x00007ffd98832000 	C:\Windows\System32\ADVAPI32.dll
0x00007ffd8cf20000 - 0x00007ffd8cf3b000 	C:\Program Files\Java\jdk-22\bin\VCRUNTIME140.dll
0x00007ffd97f90000 - 0x00007ffd98037000 	C:\Windows\System32\msvcrt.dll
0x00007ffd97ee0000 - 0x00007ffd97f88000 	C:\Windows\System32\sechost.dll
0x00007ffd97340000 - 0x00007ffd97368000 	C:\Windows\System32\bcrypt.dll
0x00007ffd982f0000 - 0x00007ffd98404000 	C:\Windows\System32\RPCRT4.dll
0x00007ffd97770000 - 0x00007ffd9791f000 	C:\Windows\System32\USER32.dll
0x00007ffd96c00000 - 0x00007ffd96c26000 	C:\Windows\System32\win32u.dll
0x00007ffd98570000 - 0x00007ffd98599000 	C:\Windows\System32\GDI32.dll
0x00007ffd85b70000 - 0x00007ffd85e03000 	C:\Windows\WinSxS\amd64_microsoft.windows.common-controls_6595b64144ccf1df_6.0.22621.3672_none_2713b9d173822955\COMCTL32.dll
0x00007ffd97370000 - 0x00007ffd97488000 	C:\Windows\System32\gdi32full.dll
0x00007ffd97490000 - 0x00007ffd9752a000 	C:\Windows\System32\msvcp_win.dll
0x00007ffd8d020000 - 0x00007ffd8d02a000 	C:\Windows\SYSTEM32\VERSION.dll
0x00007ffd985a0000 - 0x00007ffd985d1000 	C:\Windows\System32\IMM32.DLL
0x00007ffd8cf10000 - 0x00007ffd8cf1c000 	C:\Program Files\Java\jdk-22\bin\vcruntime140_1.dll
0x00007ffd861c0000 - 0x00007ffd8624e000 	C:\Program Files\Java\jdk-22\bin\msvcp140.dll
0x00007ffd17120000 - 0x00007ffd17e67000 	C:\Program Files\Java\jdk-22\bin\server\jvm.dll
0x00007ffd98700000 - 0x00007ffd98771000 	C:\Windows\System32\WS2_32.dll
0x00007ffd959f0000 - 0x00007ffd95a3d000 	C:\Windows\SYSTEM32\POWRPROF.dll
0x00007ffd92400000 - 0x00007ffd92434000 	C:\Windows\SYSTEM32\WINMM.dll
0x00007ffd959d0000 - 0x00007ffd959e3000 	C:\Windows\SYSTEM32\UMPDC.dll
0x00007ffd95c80000 - 0x00007ffd95c98000 	C:\Windows\SYSTEM32\kernel.appcore.dll
0x00007ffd8b4b0000 - 0x00007ffd8b4ba000 	C:\Program Files\Java\jdk-22\bin\jimage.dll
0x00007ffd84c80000 - 0x00007ffd84eb2000 	C:\Windows\SYSTEM32\DBGHELP.DLL
0x00007ffd97af0000 - 0x00007ffd97e7e000 	C:\Windows\System32\combase.dll
0x00007ffd99670000 - 0x00007ffd99747000 	C:\Windows\System32\OLEAUT32.dll
0x00007ffd803d0000 - 0x00007ffd80402000 	C:\Windows\SYSTEM32\dbgcore.DLL
0x00007ffd96b80000 - 0x00007ffd96bfb000 	C:\Windows\System32\bcryptPrimitives.dll
0x00007ffd8b490000 - 0x00007ffd8b49f000 	C:\Program Files\Java\jdk-22\bin\instrument.dll
0x00007ffd88700000 - 0x00007ffd8871e000 	C:\Program Files\Java\jdk-22\bin\java.dll
0x00007ffd98e00000 - 0x00007ffd99669000 	C:\Windows\System32\SHELL32.dll
0x00007ffd98040000 - 0x00007ffd981e5000 	C:\Windows\System32\ole32.dll
0x00007ffd861a0000 - 0x00007ffd861b7000 	C:\Program Files\Java\jdk-22\bin\zip.dll
0x00007ffd94ab0000 - 0x00007ffd953af000 	C:\Windows\SYSTEM32\windows.storage.dll
0x00007ffd94970000 - 0x00007ffd94aaf000 	C:\Windows\SYSTEM32\wintypes.dll
0x00007ffd98600000 - 0x00007ffd986f9000 	C:\Windows\System32\SHCORE.dll
0x00007ffd99750000 - 0x00007ffd997ae000 	C:\Windows\System32\shlwapi.dll
0x00007ffd96ab0000 - 0x00007ffd96ad7000 	C:\Windows\SYSTEM32\profapi.dll
0x00007ffd54230000 - 0x00007ffd54307000 	C:\Program Files\Java\jdk-22\bin\jsvml.dll
0x00007ffd88c10000 - 0x00007ffd88c20000 	C:\Program Files\Java\jdk-22\bin\net.dll
0x00007ffd960e0000 - 0x00007ffd96149000 	C:\Windows\system32\mswsock.dll
0x00007ffd86180000 - 0x00007ffd86196000 	C:\Program Files\Java\jdk-22\bin\nio.dll
0x00007ffd886f0000 - 0x00007ffd88700000 	C:\Program Files\Java\jdk-22\bin\verify.dll
0x00007ffd87820000 - 0x00007ffd87829000 	C:\Program Files\Java\jdk-22\bin\extnet.dll
0x00007ffd96430000 - 0x00007ffd9644b000 	C:\Windows\SYSTEM32\CRYPTSP.dll
0x00007ffd95be0000 - 0x00007ffd95c15000 	C:\Windows\system32\rsaenh.dll
0x00007ffd96180000 - 0x00007ffd961a8000 	C:\Windows\SYSTEM32\USERENV.dll
0x00007ffd96410000 - 0x00007ffd9641c000 	C:\Windows\SYSTEM32\CRYPTBASE.dll
0x00007ffd956c0000 - 0x00007ffd956ed000 	C:\Windows\SYSTEM32\IPHLPAPI.DLL
0x00007ffd985e0000 - 0x00007ffd985e9000 	C:\Windows\System32\NSI.dll

dbghelp: loaded successfully - version: 4.0.5 - missing functions: none
symbol engine: initialized successfully - sym options: 0x614 - pdb path: .;C:\Program Files\Java\jdk-22\bin;C:\Windows\SYSTEM32;C:\Windows\WinSxS\amd64_microsoft.windows.common-controls_6595b64144ccf1df_6.0.22621.3672_none_2713b9d173822955;C:\Program Files\Java\jdk-22\bin\server

VM Arguments:
jvm_args: -ea -javaagent:C:\Users\mohamed\.m2\repository/org/aspectj/aspectjweaver/1.9.21.1/aspectjweaver-1.9.21.1.jar -Didea.test.cyclic.buffer.size=1048576 -javaagent:C:\Program Files\JetBrains\IntelliJ IDEA Community Edition 2024.3.4.1\lib\idea_rt.jar=54757 -javaagent:C:\Users\mohamed\AppData\Local\JetBrains\IdeaIC2024.3\captureAgent\debugger-agent.jar -Dkotlinx.coroutines.debug.enable.creation.stack.trace=false -Ddebugger.agent.enable.coroutines=true -Dkotlinx.coroutines.debug.enable.flows.stack.trace=true -Dkotlinx.coroutines.debug.enable.mutable.state.flows.stack.trace=true -Dfile.encoding=UTF-8 -Dsun.stdout.encoding=UTF-8 -Dsun.stderr.encoding=UTF-8 
java_command: com.intellij.rt.testng.RemoteTestNGStarter -usedefaultlisteners false -socket54756 @w@C:\Users\mohamed\AppData\Local\Temp\idea_working_dirs_testng.tmp -temp C:\Users\mohamed\AppData\Local\Temp\idea_testng.tmp
java_class_path (initial): C:\Program Files\JetBrains\IntelliJ IDEA Community Edition 2024.3.4.1\lib\idea_rt.jar;C:\Program Files\JetBrains\IntelliJ IDEA Community Edition 2024.3.4.1\plugins\testng\lib\testng-rt.jar;G:\restAssured\lambda3\test-outputs\target\test-classes;G:\restAssured\lambda3\test-outputs\target\classes;C:\Users\mohamed\.m2\repository\org\seleniumhq\selenium\selenium-java\4.28.1\selenium-java-4.28.1.jar;C:\Users\mohamed\.m2\repository\org\seleniumhq\selenium\selenium-api\4.28.1\selenium-api-4.28.1.jar;C:\Users\mohamed\.m2\repository\org\jspecify\jspecify\1.0.0\jspecify-1.0.0.jar;C:\Users\mohamed\.m2\repository\org\seleniumhq\selenium\selenium-chrome-driver\4.28.1\selenium-chrome-driver-4.28.1.jar;C:\Users\mohamed\.m2\repository\com\google\auto\service\auto-service-annotations\1.1.1\auto-service-annotations-1.1.1.jar;C:\Users\mohamed\.m2\repository\org\seleniumhq\selenium\selenium-chromium-driver\4.28.1\selenium-chromium-driver-4.28.1.jar;C:\Users\mohamed\.m2\repository\org\seleniumhq\selenium\selenium-json\4.28.1\selenium-json-4.28.1.jar;C:\Users\mohamed\.m2\repository\org\seleniumhq\selenium\selenium-manager\4.28.1\selenium-manager-4.28.1.jar;C:\Users\mohamed\.m2\repository\org\seleniumhq\selenium\selenium-devtools-v130\4.28.1\selenium-devtools-v130-4.28.1.jar;C:\Users\mohamed\.m2\repository\org\seleniumhq\selenium\selenium-devtools-v131\4.28.1\selenium-devtools-v131-4.28.1.jar;C:\Users\mohamed\.m2\repository\org\seleniumhq\selenium\selenium-devtools-v132\4.28.1\selenium-devtools-v132-4.28.1.jar;C:\Users\mohamed\.m2\repository\org\seleniumhq\selenium\selenium-devtools-v85\4.28.1\selenium-devtools-v85-4.28.1.jar;C:\Users\mohamed\.m2\repository\org\seleniumhq\selenium\selenium-edge-driver\4.28.1\selenium-edge-driver-4.28.1.jar;C:\Users\mohamed\.m2\repository\org\seleniumhq\selenium\selenium-firefox-driver\4.28.1\selenium-firefox-driver-4.28.1.jar;C:\Users\mohamed\.m2\repository\org\seleniumhq\selenium\selenium-http\4.28.1\selenium-http-4.28.1.jar;C:\Users\mohamed\.m2\repository\org\seleniumhq\selenium\selenium-ie-driver\4.28.1\selenium-ie-driver-4.28.1.jar;C:\Users\mohamed\.m2\repository\org\seleniumhq\selenium\selenium-remote-driver\4.28.1\selenium-remote-driver-4.28.1.jar;C:\Users\mohamed\.m2\repository\com\google\guava\guava\33.4.0-jre\guava-33.4.0-jre.jar;C:\Users\mohamed\.m2\repository\com\google\guava\failureaccess\1.0.2\failureaccess-1.0.2.jar;C:\Users\mohamed\.m2\repository\com\google\guava\listenablefuture\9999.0-empty-to-avoid-conflict-with-guava\listenablefuture-9999.0-empty-to-avoid-conflict-with-guava.jar;C:\Users\mohamed\.m2\repository\com\google\code\findbugs\jsr305\3.0.2\jsr305-3.0.2.jar;C:\Users\mohamed\.m2\repository\org\checkerframework\checker-qual\3.43.0\checker-qual-3.43.0.jar;C:\Users\mohamed\.m2\repository\com\google\j2objc\j2objc-annotations\3.0.0\j2objc-annotations-3.0.0.jar;C:\Users\mohamed\.m2\repository\io\opentelemetry\semconv\opentelemetry-semconv\1.28.0-alpha\opentelemetry-semconv-1.28.0-alpha.jar;C:\Users\mohamed\.m2\repository\io\opentelemetry\opentelemetry-api\1.46.0\opentelemetry-api-1.46.0.jar;C:\Users\mohamed\.m2\repository\io\opentelemetry\opentelemetry-context\1.46.0\opentelemetry-context-1.46.0.jar;C:\Users\mohamed\.m2\repository\io\opentelemetry\opentelemetry-exporter-logging\1.46.0\opentelemetry-exporter-logging-1.46.0.jar;C:\Users\mohamed\.m2\repository\io\opentelemetry\opentelemetry-sdk-common\1.46.0\opentelemetry-sdk-common-1.46.0.jar;C:\Users\mohamed\.m2\repository\io\opentelemetry\opentelemetry-sdk-extension-autoconfigure-spi\1.46.0\opentelemetry-sdk-extension-autoconfigure-spi-1.46.0.jar;C:\Users\mohamed\.m2\repository\io\opentelemetry\opentelemetry-sdk-extension-autoconfigure\1.46.0\opentelemetry-sdk-extension-autoconfigure-1.46.0.jar;C:\Users\mohamed\.m2\repository\io\opentelemetry\opentelemetry-api-incubator\1.46.0-alpha\opentelemetry-api-incubator-1.46.0-alpha.jar;C:\Users\mohamed\.m2\repository\io\opentelemetry\opentelemetry-sdk-trace\1.46.0\opentelemetry-sdk-trace-1.46.0.jar;C:\Users\mohamed\.m2\repository\io\opentelemetry\opentelemetry-sdk\1.46.0\opentelemetry-sdk-1.46.0.jar;C:\Users\mohamed\.m2\repository\io\opentelemetry\opentelemetry-sdk-metrics\1.46.0\opentelemetry-sdk-metrics-1.46.0.jar;C:\Users\mohamed\.m2\repository\io\opentelemetry\opentelemetry-sdk-logs\1.46.0\opentelemetry-sdk-logs-1.46.0.jar;C:\Users\mohamed\.m2\repository\net\bytebuddy\byte-buddy\1.15.11\byte-buddy-1.15.11.jar;C:\Users\mohamed\.m2\repository\org\seleniumhq\selenium\selenium-os\4.28.1\selenium-os-4.28.1.jar;C:\Users\mohamed\.m2\repository\org\apache\commons\commons-exec\1.4.0\commons-exec-1.4.0.jar;C:\Users\mohamed\.m2\repository\org\seleniumhq\selenium\selenium-safari-driver\4.28.1\selenium-safari-driver-4.28.1.jar;C:\Users\mohamed\.m2\repository\org\seleniumhq\selenium\selenium-support\4.28.1\selenium-support-4.28.1.jar;C:\Users\mohamed\.m2\repository\org\testng\testng\7.10.2\testng-7.10.2.jar;C:\Users\mohamed\.m2\repository\com\beust\jcommander\1.82\jcommander-1.82.jar;C:\Users\mohamed\.m2\repository\org\webjars\jquery\3.7.1\jquery-3.7.1.jar;C:\Users\mohamed\.m2\repository\commons-io\commons-io\2.18.0\commons-io-2.18.0.jar;C:\Users\mohamed\.m2\repository\com\google\code\gson\gson\2.12.1\gson-2.12.1.jar;C:\Users\mohamed\.m2\repository\com\google\errorprone\error_prone_annotations\2.36.0\error_prone_annotations-2.36.0.jar;C:\Users\mohamed\.m2\repository\org\slf4j\slf4j-api\2.0.17\slf4j-api-2.0.17.jar;C:\Users\mohamed\.m2\repository\org\slf4j\slf4j-simple\2.0.16\slf4j-simple-2.0.16.jar;C:\Users\mohamed\.m2\repository\io\qameta\allure\allure-testng\2.29.1\allure-testng-2.29.1.jar;C:\Users\mohamed\.m2\repository\io\qameta\allure\allure-java-commons\2.29.1\allure-java-commons-2.29.1.jar;C:\Users\mohamed\.m2\repository\io\qameta\allure\allure-model\2.29.1\allure-model-2.29.1.jar;C:\Users\mohamed\.m2\repository\io\qameta\allure\allure-test-filter\2.29.1\allure-test-filter-2.29.1.jar;C:\Users\mohamed\.m2\repository\org\apache\logging\log4j\log4j-core\2.23.0\log4j-core-2.23.0.jar;C:\Users\mohamed\.m2\repository\org\apache\logging\log4j\log4j-api\2.23.0\log4j-api-2.23.0.jar;C:\Users\mohamed\.m2\repository\com\jayway\jsonpath\json-path\2.9.0\json-path-2.9.0.jar;C:\Users\mohamed\.m2\repository\net\minidev\json-smart\2.5.0\json-smart-2.5.0.jar;C:\Users\mohamed\.m2\repository\net\minidev\accessors-smart\2.5.0\accessors-smart-2.5.0.jar;C:\Users\mohamed\.m2\repository\org\ow2\asm\asm\9.3\asm-9.3.jar;C:\Users\mohamed\.m2\repository\com\github\javafaker\javafaker\1.0.2\javafaker-1.0.2.jar;C:\Users\mohamed\.m2\repository\org\apache\commons\commons-lang3\3.5\commons-lang3-3.5.jar;C:\Users\mohamed\.m2\repository\org\yaml\snakeyaml\1.23\snakeyaml-1.23-android.jar;C:\Users\mohamed\.m2\repository\com\github\mifmif\generex\1.0.2\generex-1.0.2.jar;C:\Users\mohamed\.m2\repository\dk\brics\automaton\automaton\1.11-8\automaton-1.11-8.jar;C:\Users\mohamed\.m2\repository\com\github\stephenc\monte\monte-screen-recorder\0.7.7.0\monte-screen-recorder-0.7.7.0.jar
Launcher Type: SUN_STANDARD

[Global flags]
     intx CICompilerCount                          = 4                                         {product} {ergonomic}
     uint ConcGCThreads                            = 2                                         {product} {ergonomic}
     uint G1ConcRefinementThreads                  = 8                                         {product} {ergonomic}
   size_t G1HeapRegionSize                         = 2097152                                   {product} {ergonomic}
   size_t InitialHeapSize                          = 268435456                                 {product} {ergonomic}
   size_t MarkStackSize                            = 4194304                                   {product} {ergonomic}
   size_t MaxHeapSize                              = 4280287232                                {product} {ergonomic}
   size_t MaxNewSize                               = 2566914048                                {product} {ergonomic}
   size_t MinHeapDeltaBytes                        = 2097152                                   {product} {ergonomic}
   size_t MinHeapSize                              = 8388608                                   {product} {ergonomic}
    uintx NonNMethodCodeHeapSize                   = 5839372                                {pd product} {ergonomic}
    uintx NonProfiledCodeHeapSize                  = 122909434                              {pd product} {ergonomic}
    uintx ProfiledCodeHeapSize                     = 122909434                              {pd product} {ergonomic}
    uintx ReservedCodeCacheSize                    = 251658240                              {pd product} {ergonomic}
     bool SegmentedCodeCache                       = true                                      {product} {ergonomic}
   size_t SoftMaxHeapSize                          = 4280287232                             {manageable} {ergonomic}
     bool UseCompressedOops                        = true                           {product lp64_product} {ergonomic}
     bool UseG1GC                                  = true                                      {product} {ergonomic}
     bool UseLargePagesIndividualAllocation        = false                                  {pd product} {ergonomic}

Logging:
Log output configuration:
 #0: stdout all=warning uptime,level,tags foldmultilines=false
 #1: stderr all=off uptime,level,tags foldmultilines=false

Environment Variables:
JAVA_HOME=C:\Program Files\Eclipse Adoptium\jdk-21.0.3.9-hotspot\
PATH=C:\Program Files\Eclipse Adoptium\jdk-21.0.3.9-hotspot\bin;C:\Program Files\Common Files\Oracle\Java\javapath;C:\Program Files (x86)\VMware\VMware Workstation\bin\;C:\Program Files (x86)\Common Files\Oracle\Java\javapath;C:\Windows\system32;C:\Windows;C:\Windows\System32\Wbem;C:\Windows\System32\WindowsPowerShell\v1.0\;C:\Windows\System32\OpenSSH\;C:\Program Files\Microchip\xc8\v2.41\bin;C:\Program Files\Git\cmd;C:\Program Files\dotnet\;C:\Program Files\Go\bin;C:\Program Files (x86)\PuTTY\;C:\Program Files\nodejs\;C:\Program Files (x86)\Microsoft SQL Server\110\Tools\Binn\;C:\Program Files\Microsoft SQL Server\110\Tools\Binn\;C:\Program Files\Microsoft SQL Server\110\DTS\Binn\;C:\Program Files (x86)\Microsoft SQL Server\110\Tools\Binn\ManagementStudio\;C:\Program Files (x86)\Microsoft SQL Server\110\DTS\Binn\;C:\Program Files\MySQL\MySQL Shell 8.0\bin\;C:\Users\mohamed\scoop\shims;C:\Users\mohamed\anaconda3;C:\Users\mohamed\anaconda3\Library\mingw-w64\bin;C:\Users\mohamed\anaconda3\Library\usr\bin;C:\Users\mohamed\anaconda3\Library\bin;C:\Users\mohamed\anaconda3\Scripts;C:\Users\mohamed\AppData\Local\Microsoft\WindowsApps;C:\Users\mohamed\AppData\Local\Programs\Microsoft VS Code\bin;C:\Users\mohamed\anaconda3\pkgs\protego-0.1.16-py_0\info\test\tests\test_data\ffmpeg.org;C:\MinGW\bin;C:\Program Files\CodeBlocks;C:\Program Files\qemu\qemu-system-arm.exe;C:\Program Files\qemu;C:\xpack-openocd-0.10.0-15\xpack-openocd-0.10.0-15\bin;C:\Program Files\qemu;C:\Users\mohamed\AppData\Local\Programs\Python\Python36\Scripts\pip3.6.exe;C:\Users\mohamed\AppData\Local\Programs\Python\Python36-32\Scripts\pip3.6.exe;C:\Users\mohamed\AppData\Local\Programs\Python\Python36-32\Scripts\pip3.6.exe;C:\Program Files (x86)\Labcenter Electronics\Proteus 8 Professional\Tools\Python\python.exe;C:\Program Files (x86)\Labcenter Electronics\Proteus 8 Demonstration\Tools\Python;C:\Users\mohamed\AppData\Roaming\npm;C:\Users\mohamed\AppData\Local\Programs\Python\Python36-32\Scripts\pip3.6.exe;C:\Users\mohamed\AppData\Local\Programs\Python\Python36-32\python.exe;C:\Users\mohamed\AppData\Local\Programs\Python\Python36-32;C:\Users\mohamed\AppData\Local\Programs\Python\Python36\Scripts\pip3.6.exe;C:\Users\mohamed\Downloads\Cypress;C:\Users\mohamed\Downloads\apache-jmeter-5.6.3\apache-jmeter-5.6.3\bin;C:\apache-maven-3.9.9\bin;C:\apache-maven-3.9.9\bin;C:\Program Files\JetBrains\IntelliJ IDEA 2024.3.1.1\bin;;C:\Program Files\Java\jdk-22\bin;C:\Program Files\JetBrains\IntelliJ IDEA Community Edition 2024.3.4.1\bin;;C:\Users\mohamed\AppData\Local\Programs\Appium Server GUI;C:\Users\mohamed\AppData\Local\Android\Sdk\platform-tools;C:\Users\mohamed\AppData\Local\Android\Sdk\tools\bin;C:\Program Files\Eclipse Adoptium\jdk-21.0.3.9-hotspot\bin\;C:\Program Files\Java\jdk-22\bin\;C:\Users\mohamed\AppData\Local\Muse Hub\lib;C:\ffmpeg\bin;
USERNAME=mohamed
OS=Windows_NT
PROCESSOR_IDENTIFIER=Intel64 Family 6 Model 60 Stepping 3, GenuineIntel
TMP=C:\Users\mohamed\AppData\Local\Temp
TEMP=C:\Users\mohamed\AppData\Local\Temp




Periodic native trim disabled

---------------  S Y S T E M  ---------------

OS:
 Windows 11 , 64 bit Build 22621 (10.0.22621.3958)
OS uptime: 0 days 18:38 hours
Hyper-V role detected

CPU: total 8 (initial active 8) (4 cores per cpu, 2 threads per core) family 6 model 60 stepping 3 microcode 0x28, cx8, cmov, fxsr, ht, mmx, sse, sse2, sse3, ssse3, sse4.1, sse4.2, popcnt, lzcnt, tsc, tscinvbit, avx, avx2, aes, erms, clmul, bmi1, bmi2, fma, vzeroupper, clflush, hv, rdtscp, f16c
Processor Information for all 8 processors :
  Max Mhz: 2501, Current Mhz: 2501, Mhz Limit: 2501

Memory: 4k page, system-wide physical 16321M (3900M free)
TotalPageFile size 34184M (AvailPageFile size 8M)
current process WorkingSet (physical memory assigned to process): 205M, peak: 211M
current process commit charge ("private bytes"): 422M, peak: 429M

vm_info: Java HotSpot(TM) 64-Bit Server VM (22.0.1+8-16) for windows-amd64 JRE (22.0.1+8-16), built on 2024-03-12T10:33:16Z by "mach5one" with MS VC++ 17.6 (VS2022)

END.
