#
# There is insufficient memory for the Java Runtime Environment to continue.
# Native memory allocation (malloc) failed to allocate 1202624 bytes. Error detail: Chunk::new
# Possible reasons:
#   The system is out of physical RAM or swap space
#   This process is running with CompressedOops enabled, and the Java Heap may be blocking the growth of the native heap
# Possible solutions:
#   Reduce memory load on the system
#   Increase physical memory or swap space
#   Check if swap backing store is full
#   Decrease Java heap size (-Xmx/-Xms)
#   Decrease number of Java threads
#   Decrease Java thread stack sizes (-Xss)
#   Set larger code cache with -XX:ReservedCodeCacheSize=
#   JVM is running with Zero Based Compressed Oops mode in which the Java heap is
#     placed in the first 32GB address space. The Java Heap base address is the
#     maximum limit for the native heap growth. Please use -XX:HeapBaseMinAddress
#     to set the Java Heap base and to place the Java Heap above 32GB virtual address.
# This output file may be truncated or incomplete.
#
#  Out of Memory Error (arena.cpp:150), pid=268, tid=6784
#
# JRE version: Java(TM) SE Runtime Environment (22.0.1+8) (build 22.0.1+8-16)
# Java VM: Java HotSpot(TM) 64-Bit Server VM (22.0.1+8-16, mixed mode, sharing, tiered, compressed oops, compressed class ptrs, g1 gc, windows-amd64)
# No core dump will be written. Minidumps are not enabled by default on client versions of Windows
#

---------------  S U M M A R Y ------------

Command Line: -ea -javaagent:C:\Users\mohamed\.m2\repository/org/aspectj/aspectjweaver/1.9.21.1/aspectjweaver-1.9.21.1.jar -Didea.test.cyclic.buffer.size=1048576 -javaagent:C:\Program Files\JetBrains\IntelliJ IDEA Community Edition 2024.3.4.1\lib\idea_rt.jar=55513 -javaagent:C:\Users\mohamed\AppData\Local\JetBrains\IdeaIC2024.3\captureAgent\debugger-agent.jar -Dkotlinx.coroutines.debug.enable.creation.stack.trace=false -Ddebugger.agent.enable.coroutines=true -Dkotlinx.coroutines.debug.enable.flows.stack.trace=true -Dkotlinx.coroutines.debug.enable.mutable.state.flows.stack.trace=true -Dfile.encoding=UTF-8 -Dsun.stdout.encoding=UTF-8 -Dsun.stderr.encoding=UTF-8 com.intellij.rt.testng.RemoteTestNGStarter -usedefaultlisteners false -socket55512 @w@C:\Users\mohamed\AppData\Local\Temp\idea_working_dirs_testng.tmp -temp C:\Users\mohamed\AppData\Local\Temp\idea_testng.tmp

Host: Intel(R) Core(TM) i7-4710MQ CPU @ 2.50GHz, 8 cores, 15G,  Windows 11 , 64 bit Build 22621 (10.0.22621.3958)
Time: Tue Apr 15 18:01:03 2025 Egypt Standard Time elapsed time: 13.821461 seconds (0d 0h 0m 13s)

---------------  T H R E A D  ---------------

Current thread (0x0000018e393408d0):  JavaThread "C2 CompilerThread0" daemon [_thread_in_native, id=6784, stack(0x0000008789000000,0x0000008789100000) (1024K)]


Current CompileTask:
C2:13821 3761 %     4       org.aspectj.util.GenericSignatureParser::tokenize @ 34 (822 bytes)

Stack: [0x0000008789000000,0x0000008789100000]
Native frames: (J=compiled Java code, j=interpreted, Vv=VM code, C=native code)
V  [jvm.dll+0x6e2279]  (no source info available)
V  [jvm.dll+0x874e33]  (no source info available)
V  [jvm.dll+0x87725e]  (no source info available)
V  [jvm.dll+0x877933]  (no source info available)
V  [jvm.dll+0x27fd76]  (no source info available)
V  [jvm.dll+0xc3d0f]  (no source info available)
V  [jvm.dll+0xc3f6b]  (no source info available)
V  [jvm.dll+0x3bb10c]  (no source info available)
V  [jvm.dll+0x1df87e]  (no source info available)
V  [jvm.dll+0x247a5c]  (no source info available)
V  [jvm.dll+0x246fbf]  (no source info available)
V  [jvm.dll+0x1c4e90]  (no source info available)
V  [jvm.dll+0x2569fe]  (no source info available)
V  [jvm.dll+0x254cba]  (no source info available)
V  [jvm.dll+0x3f5336]  (no source info available)
V  [jvm.dll+0x81d44b]  (no source info available)
V  [jvm.dll+0x6e0915]  (no source info available)
C  [ucrtbase.dll+0x29333]  (no source info available)
C  [KERNEL32.DLL+0x1257d]  (no source info available)
C  [ntdll.dll+0x5af08]  (no source info available)


---------------  P R O C E S S  ---------------

Threads class SMR info:
_java_thread_list=0x0000018e7f1d8940, length=31, elements={
0x0000018e1800fce0, 0x0000018e391f8f20, 0x0000018e391feb50, 0x0000018e39201ea0,
0x0000018e39205090, 0x0000018e39205af0, 0x0000018e39206c40, 0x0000018e393408d0,
0x0000018e39341530, 0x0000018e3942e3e0, 0x0000018e7f166420, 0x0000018e7f12cf90,
0x0000018e7ff627c0, 0x0000018e7ff61410, 0x0000018e7f2a2170, 0x0000018e7f29ecf0,
0x0000018e7f2a4f60, 0x0000018e7f29e660, 0x0000018e7f2a2e90, 0x0000018e7f2a3bb0,
0x0000018e7f2a2800, 0x0000018e7f2a3520, 0x0000018e7f2a0dc0, 0x0000018e7f2a1450,
0x0000018e7f2a00a0, 0x0000018e7f2a55f0, 0x0000018e7f2a4240, 0x0000018e7f2a0730,
0x0000018e7f2a1ae0, 0x0000018e7f2a5c80, 0x0000018e037df490
}

Java Threads: ( => current thread )
  0x0000018e1800fce0 JavaThread "main"                              [_thread_in_Java, id=26236, stack(0x0000008788200000,0x0000008788300000) (1024K)]
  0x0000018e391f8f20 JavaThread "Reference Handler"          daemon [_thread_blocked, id=12964, stack(0x0000008788a00000,0x0000008788b00000) (1024K)]
  0x0000018e391feb50 JavaThread "Finalizer"                  daemon [_thread_blocked, id=4768, stack(0x0000008788b00000,0x0000008788c00000) (1024K)]
  0x0000018e39201ea0 JavaThread "Signal Dispatcher"          daemon [_thread_blocked, id=20496, stack(0x0000008788c00000,0x0000008788d00000) (1024K)]
  0x0000018e39205090 JavaThread "Attach Listener"            daemon [_thread_blocked, id=23604, stack(0x0000008788d00000,0x0000008788e00000) (1024K)]
  0x0000018e39205af0 JavaThread "Service Thread"             daemon [_thread_blocked, id=27304, stack(0x0000008788e00000,0x0000008788f00000) (1024K)]
  0x0000018e39206c40 JavaThread "Monitor Deflation Thread"   daemon [_thread_blocked, id=15056, stack(0x0000008788f00000,0x0000008789000000) (1024K)]
=>0x0000018e393408d0 JavaThread "C2 CompilerThread0"         daemon [_thread_in_native, id=6784, stack(0x0000008789000000,0x0000008789100000) (1024K)]
  0x0000018e39341530 JavaThread "C1 CompilerThread0"         daemon [_thread_blocked, id=19224, stack(0x0000008789100000,0x0000008789200000) (1024K)]
  0x0000018e3942e3e0 JavaThread "Common-Cleaner"             daemon [_thread_blocked, id=11096, stack(0x0000008789200000,0x0000008789300000) (1024K)]
  0x0000018e7f166420 JavaThread "Monitor Ctrl-Break"         daemon [_thread_in_native, id=13664, stack(0x0000008789400000,0x0000008789500000) (1024K)]
  0x0000018e7f12cf90 JavaThread "Notification Thread"        daemon [_thread_blocked, id=19136, stack(0x0000008789b00000,0x0000008789c00000) (1024K)]
  0x0000018e7ff627c0 JavaThread "ForkJoinPool.commonPool-worker-1" daemon [_thread_blocked, id=20300, stack(0x0000008789300000,0x0000008789400000) (1024K)]
  0x0000018e7ff61410 JavaThread "HttpClient-1-SelectorManager" daemon [_thread_in_native, id=3384, stack(0x0000008789f00000,0x000000878a000000) (1024K)]
  0x0000018e7f2a2170 JavaThread "External Process Output Forwarder - C:\Users\mohamed\.cache\selenium\msedgedriver\win64\135.0.3179.73\msedgedriver.exe" daemon [_thread_in_native, id=8520, stack(0x000000878a000000,0x000000878a100000) (1024K)]
  0x0000018e7f29ecf0 JavaThread "Driver Service Executor"    daemon [_thread_blocked, id=19844, stack(0x000000878a100000,0x000000878a200000) (1024K)]
  0x0000018e7f2a4f60 JavaThread "Driver Service Executor"    daemon [_thread_in_native, id=14904, stack(0x000000878a200000,0x000000878a300000) (1024K)]
  0x0000018e7f29e660 JavaThread "UrlChecker-2"               daemon [_thread_blocked, id=17268, stack(0x000000878a400000,0x000000878a500000) (1024K)]
  0x0000018e7f2a2e90 JavaThread "Keep-Alive-Timer"           daemon [_thread_blocked, id=5180, stack(0x0000008789c00000,0x0000008789d00000) (1024K)]
  0x0000018e7f2a3bb0 JavaThread "JdkHttpClient-0-0"          daemon [_thread_blocked, id=16560, stack(0x000000878a600000,0x000000878a700000) (1024K)]
  0x0000018e7f2a2800 JavaThread "CompletableFutureDelayScheduler" daemon [_thread_blocked, id=5156, stack(0x000000878a700000,0x000000878a800000) (1024K)]
  0x0000018e7f2a3520 JavaThread "JdkHttpClient-0-1"          daemon [_thread_blocked, id=26532, stack(0x000000878a800000,0x000000878a900000) (1024K)]
  0x0000018e7f2a0dc0 JavaThread "JdkHttpClient-0-2"          daemon [_thread_blocked, id=5676, stack(0x000000878a900000,0x000000878aa00000) (1024K)]
  0x0000018e7f2a1450 JavaThread "JdkHttpClient-0-3"          daemon [_thread_blocked, id=15144, stack(0x000000878aa00000,0x000000878ab00000) (1024K)]
  0x0000018e7f2a00a0 JavaThread "HttpClient-2-SelectorManager" daemon [_thread_in_native, id=20812, stack(0x000000878ab00000,0x000000878ac00000) (1024K)]
  0x0000018e7f2a55f0 JavaThread "JdkHttpClient-1-0"          daemon [_thread_blocked, id=3056, stack(0x000000878ac00000,0x000000878ad00000) (1024K)]
  0x0000018e7f2a4240 JavaThread "JdkHttpClient-1-1"          daemon [_thread_blocked, id=26436, stack(0x000000878ad00000,0x000000878ae00000) (1024K)]
  0x0000018e7f2a0730 JavaThread "JdkHttpClient-1-2"          daemon [_thread_blocked, id=24352, stack(0x000000878ae00000,0x000000878af00000) (1024K)]
  0x0000018e7f2a1ae0 JavaThread "JdkHttpClient-1-3"          daemon [_thread_blocked, id=16372, stack(0x000000878af00000,0x000000878b000000) (1024K)]
  0x0000018e7f2a5c80 JavaThread "Thread-4"                   daemon [_thread_new, id=2888, stack(0x0000000000000000,0x0000000000000000) (0B)]
  0x0000018e037df490 JavaThread "C2 CompilerThread1"         daemon [_thread_new, id=17956, stack(0x0000000000000000,0x0000000000000000) (0B)]
Total: 31

Other Threads:
  0x0000018e391dee60 VMThread "VM Thread"                           [id=2456, stack(0x0000008788900000,0x0000008788a00000) (1024K)]
  0x0000018e391c6440 WatcherThread "VM Periodic Task Thread"        [id=12088, stack(0x0000008788800000,0x0000008788900000) (1024K)]
  0x0000018e1a1d78e0 WorkerThread "GC Thread#0"                     [id=19628, stack(0x0000008788300000,0x0000008788400000) (1024K)]
  0x0000018e7f13f500 WorkerThread "GC Thread#1"                     [id=15952, stack(0x0000008789500000,0x0000008789600000) (1024K)]
  0x0000018e7f13f8b0 WorkerThread "GC Thread#2"                     [id=9436, stack(0x0000008789600000,0x0000008789700000) (1024K)]
  0x0000018e7f13fc60 WorkerThread "GC Thread#3"                     [id=12660, stack(0x0000008789700000,0x0000008789800000) (1024K)]
  0x0000018e7f1aebb0 WorkerThread "GC Thread#4"                     [id=20444, stack(0x0000008789800000,0x0000008789900000) (1024K)]
  0x0000018e7f1aef60 WorkerThread "GC Thread#5"                     [id=716, stack(0x0000008789900000,0x0000008789a00000) (1024K)]
  0x0000018e7f0752b0 WorkerThread "GC Thread#6"                     [id=11816, stack(0x0000008789a00000,0x0000008789b00000) (1024K)]
  0x0000018e7f68f2d0 WorkerThread "GC Thread#7"                     [id=13072, stack(0x0000008789d00000,0x0000008789e00000) (1024K)]
  0x0000018e1a1e8830 ConcurrentGCThread "G1 Main Marker"            [id=18400, stack(0x0000008788400000,0x0000008788500000) (1024K)]
  0x0000018e1a1e9980 WorkerThread "G1 Conc#0"                       [id=13796, stack(0x0000008788500000,0x0000008788600000) (1024K)]
  0x0000018e00696360 WorkerThread "G1 Conc#1"                       [id=26612, stack(0x0000008789e00000,0x0000008789f00000) (1024K)]
  0x0000018e39085200 ConcurrentGCThread "G1 Refine#0"               [id=2568, stack(0x0000008788600000,0x0000008788700000) (1024K)]
  0x0000018e39085c20 ConcurrentGCThread "G1 Service"                [id=9320, stack(0x0000008788700000,0x0000008788800000) (1024K)]
Total: 15

Threads with active compile tasks:
C2 CompilerThread0  13928 3761 %     4       org.aspectj.util.GenericSignatureParser::tokenize @ 34 (822 bytes)
C1 CompilerThread0  13928 3813       3       org.aspectj.apache.bcel.generic.MethodGen::<init> (998 bytes)
Total: 2

VM state: not at safepoint (normal execution)

VM Mutex/Monitor currently owned by a thread: None

Heap address: 0x0000000700e00000, size: 4082 MB, Compressed Oops mode: Zero based, Oop shift amount: 3

CDS archive(s) mapped at: [0x0000018e3a000000-0x0000018e3ac60000-0x0000018e3ac60000), size 12976128, SharedBaseAddress: 0x0000018e3a000000, ArchiveRelocationMode: 1.
Compressed class space mapped at: 0x0000018e3b000000-0x0000018e7b000000, reserved size: 1073741824
Narrow klass base: 0x0000018e3a000000, Narrow klass shift: 0, Narrow klass range: 0x41000000

GC Precious Log:
 CardTable entry size: 512
 Card Set container configuration: InlinePtr #cards 4 size 8 Array Of Cards #cards 16 size 48 Howl #buckets 8 coarsen threshold 3686 Howl Bitmap #cards 512 size 80 coarsen threshold 460 Card regions per heap region 1 cards per card region 4096
 CPUs: 8 total, 8 available
 Memory: 16321M
 Large Page Support: Disabled
 NUMA Support: Disabled
 Compressed Oops: Enabled (Zero based)
 Heap Region Size: 2M
 Heap Min Capacity: 8M
 Heap Initial Capacity: 256M
 Heap Max Capacity: 4082M
 Pre-touch: Disabled
 Parallel Workers: 8
 Concurrent Workers: 2
 Concurrent Refinement Workers: 8
 Periodic GC: Disabled

Heap:
 garbage-first heap   total reserved 4179968K, committed 122880K, used 83237K [0x0000000700e00000, 0x0000000800000000)
  region size 2048K, 30 young (61440K), 5 survivors (10240K)
 Metaspace       used 28062K, committed 28544K, reserved 1114112K
  class space    used 3102K, committed 3328K, reserved 1048576K

Heap Regions: E=young(eden), S=young(survivor), O=old, HS=humongous(starts), HC=humongous(continues), CS=collection set, F=free, TAMS=top-at-mark-start, PB=parsable bottom
|   0|0x0000000700e00000, 0x0000000701000000, 0x0000000701000000|100%| O|  |TAMS 0x0000000700e00000| PB 0x0000000700e00000| Untracked |  0
|   1|0x0000000701000000, 0x0000000701200000, 0x0000000701200000|100%| O|  |TAMS 0x0000000701000000| PB 0x0000000701000000| Untracked |  0
|   2|0x0000000701200000, 0x0000000701400000, 0x0000000701400000|100%| O|  |TAMS 0x0000000701200000| PB 0x0000000701200000| Untracked |  0
|   3|0x0000000701400000, 0x0000000701600000, 0x0000000701600000|100%| O|  |TAMS 0x0000000701400000| PB 0x0000000701400000| Untracked |  0
|   4|0x0000000701600000, 0x0000000701800000, 0x0000000701800000|100%| O|  |TAMS 0x0000000701600000| PB 0x0000000701600000| Untracked |  0
|   5|0x0000000701800000, 0x0000000701a00000, 0x0000000701a00000|100%| O|  |TAMS 0x0000000701800000| PB 0x0000000701800000| Untracked |  0
|   6|0x0000000701a00000, 0x0000000701c00000, 0x0000000701c00000|100%| O|  |TAMS 0x0000000701a00000| PB 0x0000000701a00000| Untracked |  0
|   7|0x0000000701c00000, 0x0000000701e00000, 0x0000000701e00000|100%| O|  |TAMS 0x0000000701c00000| PB 0x0000000701c00000| Untracked |  0
|   8|0x0000000701e00000, 0x0000000702000000, 0x0000000702000000|100%| O|  |TAMS 0x0000000701e00000| PB 0x0000000701e00000| Untracked |  0
|   9|0x0000000702000000, 0x0000000702200000, 0x0000000702200000|100%| O|  |TAMS 0x0000000702000000| PB 0x0000000702000000| Untracked |  0
|  10|0x0000000702200000, 0x0000000702400000, 0x0000000702400000|100%| O|  |TAMS 0x0000000702200000| PB 0x0000000702200000| Untracked |  0
|  11|0x0000000702400000, 0x0000000702600000, 0x0000000702600000|100%| O|  |TAMS 0x0000000702400000| PB 0x0000000702400000| Untracked |  0
|  12|0x0000000702600000, 0x0000000702671e90, 0x0000000702800000| 22%| O|Cm|TAMS 0x0000000702600000| PB 0x0000000702600000| Complete |  0
|  13|0x0000000702800000, 0x0000000702800000, 0x0000000702a00000|  0%| F|  |TAMS 0x0000000702800000| PB 0x0000000702800000| Untracked |  0
|  14|0x0000000702a00000, 0x0000000702a00000, 0x0000000702c00000|  0%| F|  |TAMS 0x0000000702a00000| PB 0x0000000702a00000| Untracked |  0
|  15|0x0000000702c00000, 0x0000000702c00000, 0x0000000702e00000|  0%| F|  |TAMS 0x0000000702c00000| PB 0x0000000702c00000| Untracked |  0
|  16|0x0000000702e00000, 0x0000000702e00000, 0x0000000703000000|  0%| F|  |TAMS 0x0000000702e00000| PB 0x0000000702e00000| Untracked |  0
|  17|0x0000000703000000, 0x0000000703000000, 0x0000000703200000|  0%| F|  |TAMS 0x0000000703000000| PB 0x0000000703000000| Untracked |  0
|  18|0x0000000703200000, 0x0000000703200000, 0x0000000703400000|  0%| F|  |TAMS 0x0000000703200000| PB 0x0000000703200000| Untracked |  0
|  19|0x0000000703400000, 0x0000000703400000, 0x0000000703600000|  0%| F|  |TAMS 0x0000000703400000| PB 0x0000000703400000| Untracked |  0
|  20|0x0000000703600000, 0x0000000703600000, 0x0000000703800000|  0%| F|  |TAMS 0x0000000703600000| PB 0x0000000703600000| Untracked |  0
|  21|0x0000000703800000, 0x0000000703800000, 0x0000000703a00000|  0%| F|  |TAMS 0x0000000703800000| PB 0x0000000703800000| Untracked |  0
|  22|0x0000000703a00000, 0x0000000703a00000, 0x0000000703c00000|  0%| F|  |TAMS 0x0000000703a00000| PB 0x0000000703a00000| Untracked |  0
|  23|0x0000000703c00000, 0x0000000703c00000, 0x0000000703e00000|  0%| F|  |TAMS 0x0000000703c00000| PB 0x0000000703c00000| Untracked |  0
|  24|0x0000000703e00000, 0x0000000703e00000, 0x0000000704000000|  0%| F|  |TAMS 0x0000000703e00000| PB 0x0000000703e00000| Untracked |  0
|  25|0x0000000704000000, 0x0000000704000000, 0x0000000704200000|  0%| F|  |TAMS 0x0000000704000000| PB 0x0000000704000000| Untracked |  0
|  26|0x0000000704200000, 0x0000000704200000, 0x0000000704400000|  0%| F|  |TAMS 0x0000000704200000| PB 0x0000000704200000| Untracked |  0
|  27|0x0000000704400000, 0x0000000704400000, 0x0000000704600000|  0%| F|  |TAMS 0x0000000704400000| PB 0x0000000704400000| Untracked |  0
|  28|0x0000000704600000, 0x0000000704600000, 0x0000000704800000|  0%| F|  |TAMS 0x0000000704600000| PB 0x0000000704600000| Untracked |  0
|  29|0x0000000704800000, 0x0000000704800000, 0x0000000704a00000|  0%| F|  |TAMS 0x0000000704800000| PB 0x0000000704800000| Untracked |  0
|  30|0x0000000704a00000, 0x0000000704b00000, 0x0000000704c00000| 50%| E|  |TAMS 0x0000000704a00000| PB 0x0000000704a00000| Complete |  0
|  31|0x0000000704c00000, 0x0000000704e00000, 0x0000000704e00000|100%| E|CS|TAMS 0x0000000704c00000| PB 0x0000000704c00000| Complete |  0
|  32|0x0000000704e00000, 0x0000000705000000, 0x0000000705000000|100%| E|CS|TAMS 0x0000000704e00000| PB 0x0000000704e00000| Complete |  0
|  33|0x0000000705000000, 0x0000000705200000, 0x0000000705200000|100%| E|CS|TAMS 0x0000000705000000| PB 0x0000000705000000| Complete |  0
|  34|0x0000000705200000, 0x0000000705400000, 0x0000000705400000|100%| E|CS|TAMS 0x0000000705200000| PB 0x0000000705200000| Complete |  0
|  35|0x0000000705400000, 0x0000000705600000, 0x0000000705600000|100%| E|CS|TAMS 0x0000000705400000| PB 0x0000000705400000| Complete |  0
|  36|0x0000000705600000, 0x0000000705800000, 0x0000000705800000|100%| E|CS|TAMS 0x0000000705600000| PB 0x0000000705600000| Complete |  0
|  37|0x0000000705800000, 0x0000000705a00000, 0x0000000705a00000|100%| E|CS|TAMS 0x0000000705800000| PB 0x0000000705800000| Complete |  0
|  38|0x0000000705a00000, 0x0000000705c00000, 0x0000000705c00000|100%| E|CS|TAMS 0x0000000705a00000| PB 0x0000000705a00000| Complete |  0
|  39|0x0000000705c00000, 0x0000000705e00000, 0x0000000705e00000|100%| E|CS|TAMS 0x0000000705c00000| PB 0x0000000705c00000| Complete |  0
|  40|0x0000000705e00000, 0x0000000706000000, 0x0000000706000000|100%| E|CS|TAMS 0x0000000705e00000| PB 0x0000000705e00000| Complete |  0
|  41|0x0000000706000000, 0x0000000706200000, 0x0000000706200000|100%| E|CS|TAMS 0x0000000706000000| PB 0x0000000706000000| Complete |  0
|  42|0x0000000706200000, 0x0000000706400000, 0x0000000706400000|100%| E|CS|TAMS 0x0000000706200000| PB 0x0000000706200000| Complete |  0
|  43|0x0000000706400000, 0x0000000706600000, 0x0000000706600000|100%| E|CS|TAMS 0x0000000706400000| PB 0x0000000706400000| Complete |  0
|  44|0x0000000706600000, 0x0000000706800000, 0x0000000706800000|100%| E|CS|TAMS 0x0000000706600000| PB 0x0000000706600000| Complete |  0
|  45|0x0000000706800000, 0x0000000706a00000, 0x0000000706a00000|100%| E|CS|TAMS 0x0000000706800000| PB 0x0000000706800000| Complete |  0
|  46|0x0000000706a00000, 0x0000000706c00000, 0x0000000706c00000|100%| E|CS|TAMS 0x0000000706a00000| PB 0x0000000706a00000| Complete |  0
|  47|0x0000000706c00000, 0x0000000706e00000, 0x0000000706e00000|100%| E|CS|TAMS 0x0000000706c00000| PB 0x0000000706c00000| Complete |  0
|  48|0x0000000706e00000, 0x0000000707000000, 0x0000000707000000|100%| E|CS|TAMS 0x0000000706e00000| PB 0x0000000706e00000| Complete |  0
|  49|0x0000000707000000, 0x0000000707200000, 0x0000000707200000|100%| E|CS|TAMS 0x0000000707000000| PB 0x0000000707000000| Complete |  0
|  50|0x0000000707200000, 0x0000000707400000, 0x0000000707400000|100%| E|CS|TAMS 0x0000000707200000| PB 0x0000000707200000| Complete |  0
|  51|0x0000000707400000, 0x0000000707600000, 0x0000000707600000|100%| E|CS|TAMS 0x0000000707400000| PB 0x0000000707400000| Complete |  0
|  52|0x0000000707600000, 0x0000000707800000, 0x0000000707800000|100%| E|CS|TAMS 0x0000000707600000| PB 0x0000000707600000| Complete |  0
|  53|0x0000000707800000, 0x0000000707a00000, 0x0000000707a00000|100%| E|CS|TAMS 0x0000000707800000| PB 0x0000000707800000| Complete |  0
| 113|0x000000070f000000, 0x000000070f0d7620, 0x000000070f200000| 42%| S|CS|TAMS 0x000000070f000000| PB 0x000000070f000000| Complete |  0
| 114|0x000000070f200000, 0x000000070f400000, 0x000000070f400000|100%| S|CS|TAMS 0x000000070f200000| PB 0x000000070f200000| Complete |  0
| 115|0x000000070f400000, 0x000000070f600000, 0x000000070f600000|100%| S|CS|TAMS 0x000000070f400000| PB 0x000000070f400000| Complete |  0
| 116|0x000000070f600000, 0x000000070f800000, 0x000000070f800000|100%| S|CS|TAMS 0x000000070f600000| PB 0x000000070f600000| Complete |  0
| 117|0x000000070f800000, 0x000000070fa00000, 0x000000070fa00000|100%| S|CS|TAMS 0x000000070f800000| PB 0x000000070f800000| Complete |  0
| 127|0x0000000710c00000, 0x0000000710e00000, 0x0000000710e00000|100%| E|CS|TAMS 0x0000000710c00000| PB 0x0000000710c00000| Complete |  0

Card table byte_map: [0x0000018e31fd0000,0x0000018e327d0000] _byte_map_base: 0x0000018e2e7c9000

Marking Bits: (CMBitMap*) 0x0000018e1a1d7e90
 Bits: [0x0000018e327d0000, 0x0000018e36798000)

Polling page: 0x0000018e180d0000

Metaspace:

Usage:
  Non-class:     24.38 MB used.
      Class:      3.03 MB used.
       Both:     27.40 MB used.

Virtual space:
  Non-class space:       64.00 MB reserved,      24.62 MB ( 38%) committed,  1 nodes.
      Class space:        1.00 GB reserved,       3.25 MB ( <1%) committed,  1 nodes.
             Both:        1.06 GB reserved,      27.88 MB (  3%) committed. 

Chunk freelists:
   Non-Class:  7.33 MB
       Class:  12.61 MB
        Both:  19.93 MB

MaxMetaspaceSize: unlimited
CompressedClassSpaceSize: 1.00 GB
Initial GC threshold: 21.00 MB
Current GC threshold: 35.56 MB
CDS: on
 - commit_granule_bytes: 65536.
 - commit_granule_words: 8192.
 - virtual_space_node_default_size: 8388608.
 - enlarge_chunks_in_place: 1.
 - use_allocation_guard: 0.


Internal statistics:

num_allocs_failed_limit: 3.
num_arena_births: 518.
num_arena_deaths: 2.
num_vsnodes_births: 2.
num_vsnodes_deaths: 0.
num_space_committed: 446.
num_space_uncommitted: 0.
num_chunks_returned_to_freelist: 5.
num_chunks_taken_from_freelist: 1253.
num_chunk_merges: 0.
num_chunk_splits: 814.
num_chunks_enlarged: 540.
num_inconsistent_stats: 0.

CodeHeap 'non-profiled nmethods': size=120000Kb used=2788Kb max_used=2788Kb free=117212Kb
 bounds [0x0000018e29f70000, 0x0000018e2a230000, 0x0000018e314a0000]
CodeHeap 'profiled nmethods': size=120000Kb used=9091Kb max_used=9091Kb free=110908Kb
 bounds [0x0000018e224a0000, 0x0000018e22d90000, 0x0000018e299d0000]
CodeHeap 'non-nmethods': size=5760Kb used=1569Kb max_used=1603Kb free=4190Kb
 bounds [0x0000018e299d0000, 0x0000018e29c40000, 0x0000018e29f70000]
 total_blobs=4430 nmethods=3799 adapters=534
 compilation: enabled
              stopped_count=0, restarted_count=0
 full_count=0

Compilation events (20 events):
Event: 13.455 Thread 0x0000018e39341530 3791       1       java.util.TreeMap::size (5 bytes)
Event: 13.456 Thread 0x0000018e39341530 nmethod 3791 0x0000018e2a228010 code [0x0000018e2a2281a0, 0x0000018e2a228268]
Event: 13.456 Thread 0x0000018e39341530 3792       3       java.util.stream.AbstractPipeline::copyIntoWithCancel (46 bytes)
Event: 13.456 Thread 0x0000018e39341530 nmethod 3792 0x0000018e22d77410 code [0x0000018e22d77600, 0x0000018e22d77b00]
Event: 13.456 Thread 0x0000018e39341530 3793       3       java.util.concurrent.atomic.AtomicLong::incrementAndGet (14 bytes)
Event: 13.456 Thread 0x0000018e39341530 nmethod 3793 0x0000018e22d77c90 code [0x0000018e22d77e20, 0x0000018e22d77f48]
Event: 13.456 Thread 0x0000018e39341530 3794       1       java.util.concurrent.atomic.AtomicReference::get (5 bytes)
Event: 13.456 Thread 0x0000018e39341530 nmethod 3794 0x0000018e2a228310 code [0x0000018e2a2284a0, 0x0000018e2a228570]
Event: 13.795 Thread 0x0000018e39341530 3795       1       java.net.InetAddress::holder (5 bytes)
Event: 13.795 Thread 0x0000018e39341530 nmethod 3795 0x0000018e2a228610 code [0x0000018e2a2287a0, 0x0000018e2a228870]
Event: 13.795 Thread 0x0000018e39341530 3796       3       java.lang.Math::floorDiv (30 bytes)
Event: 13.796 Thread 0x0000018e39341530 nmethod 3796 0x0000018e22d78010 code [0x0000018e22d781c0, 0x0000018e22d783a0]
Event: 13.797 Thread 0x0000018e39341530 3797       3       org.openqa.selenium.json.StaticInitializerCoercer$$Lambda/0x0000018e3b21a958::test (8 bytes)
Event: 13.797 Thread 0x0000018e39341530 nmethod 3797 0x0000018e22d78490 code [0x0000018e22d78640, 0x0000018e22d78950]
Event: 13.797 Thread 0x0000018e39341530 3798       3       org.openqa.selenium.json.StaticInitializerCoercer::lambda$getMethods$1 (8 bytes)
Event: 13.797 Thread 0x0000018e39341530 nmethod 3798 0x0000018e22d78a90 code [0x0000018e22d78c40, 0x0000018e22d78e00]
Event: 13.798 Thread 0x0000018e39341530 3799       3       java.util.HashMap::put (13 bytes)
Event: 13.798 Thread 0x0000018e39341530 nmethod 3799 0x0000018e22d78f10 code [0x0000018e22d790e0, 0x0000018e22d793e8]
Event: 13.800 Thread 0x0000018e39341530 3800       3       java.util.concurrent.CompletableFuture::<init> (5 bytes)
Event: 13.800 Thread 0x0000018e39341530 nmethod 3800 0x0000018e22d79510 code [0x0000018e22d796a0, 0x0000018e22d79808]

GC Heap History (10 events):
Event: 1.432 GC heap before
{Heap before GC invocations=0 (full 0):
 garbage-first heap   total reserved 4179968K, committed 262144K, used 22528K [0x0000000700e00000, 0x0000000800000000)
  region size 2048K, 12 young (24576K), 0 survivors (0K)
 Metaspace       used 7161K, committed 7360K, reserved 1114112K
  class space    used 671K, committed 768K, reserved 1048576K
}
Event: 1.439 GC heap after
{Heap after GC invocations=1 (full 0):
 garbage-first heap   total reserved 4179968K, committed 262144K, used 5297K [0x0000000700e00000, 0x0000000800000000)
  region size 2048K, 2 young (4096K), 2 survivors (4096K)
 Metaspace       used 7161K, committed 7360K, reserved 1114112K
  class space    used 671K, committed 768K, reserved 1048576K
}
Event: 3.037 GC heap before
{Heap before GC invocations=1 (full 0):
 garbage-first heap   total reserved 4179968K, committed 262144K, used 42161K [0x0000000700e00000, 0x0000000800000000)
  region size 2048K, 20 young (40960K), 2 survivors (4096K)
 Metaspace       used 10985K, committed 11200K, reserved 1114112K
  class space    used 1032K, committed 1152K, reserved 1048576K
}
Event: 3.047 GC heap after
{Heap after GC invocations=2 (full 0):
 garbage-first heap   total reserved 4179968K, committed 262144K, used 13739K [0x0000000700e00000, 0x0000000800000000)
  region size 2048K, 3 young (6144K), 3 survivors (6144K)
 Metaspace       used 10985K, committed 11200K, reserved 1114112K
  class space    used 1032K, committed 1152K, reserved 1048576K
}
Event: 4.051 GC heap before
{Heap before GC invocations=2 (full 0):
 garbage-first heap   total reserved 4179968K, committed 262144K, used 66987K [0x0000000700e00000, 0x0000000800000000)
  region size 2048K, 30 young (61440K), 3 survivors (6144K)
 Metaspace       used 14393K, committed 14528K, reserved 1114112K
  class space    used 1307K, committed 1344K, reserved 1048576K
}
Event: 4.067 GC heap after
{Heap after GC invocations=3 (full 0):
 garbage-first heap   total reserved 4179968K, committed 262144K, used 24232K [0x0000000700e00000, 0x0000000800000000)
  region size 2048K, 4 young (8192K), 4 survivors (8192K)
 Metaspace       used 14393K, committed 14528K, reserved 1114112K
  class space    used 1307K, committed 1344K, reserved 1048576K
}
Event: 6.332 GC heap before
{Heap before GC invocations=3 (full 0):
 garbage-first heap   total reserved 4179968K, committed 262144K, used 87720K [0x0000000700e00000, 0x0000000800000000)
  region size 2048K, 36 young (73728K), 4 survivors (8192K)
 Metaspace       used 18670K, committed 19008K, reserved 1114112K
  class space    used 1895K, committed 2048K, reserved 1048576K
}
Event: 6.360 GC heap after
{Heap after GC invocations=4 (full 0):
 garbage-first heap   total reserved 4179968K, committed 262144K, used 31669K [0x0000000700e00000, 0x0000000800000000)
  region size 2048K, 4 young (8192K), 4 survivors (8192K)
 Metaspace       used 18670K, committed 19008K, reserved 1114112K
  class space    used 1895K, committed 2048K, reserved 1048576K
}
Event: 8.387 GC heap before
{Heap before GC invocations=4 (full 0):
 garbage-first heap   total reserved 4179968K, committed 262144K, used 50101K [0x0000000700e00000, 0x0000000800000000)
  region size 2048K, 14 young (28672K), 4 survivors (8192K)
 Metaspace       used 21102K, committed 21504K, reserved 1114112K
  class space    used 2244K, committed 2432K, reserved 1048576K
}
Event: 8.400 GC heap after
{Heap after GC invocations=5 (full 0):
 garbage-first heap   total reserved 4179968K, committed 262144K, used 34085K [0x0000000700e00000, 0x0000000800000000)
  region size 2048K, 5 young (10240K), 5 survivors (10240K)
 Metaspace       used 21102K, committed 21504K, reserved 1114112K
  class space    used 2244K, committed 2432K, reserved 1048576K
}

Dll operation events (13 events):
Event: 0.018 Loaded shared library C:\Program Files\Java\jdk-22\bin\java.dll
Event: 0.020 Loaded shared library C:\Program Files\Java\jdk-22\bin\zip.dll
Event: 0.069 Loaded shared library C:\Program Files\Java\jdk-22\bin\jsvml.dll
Event: 0.287 Loaded shared library C:\Program Files\Java\jdk-22\bin\instrument.dll
Event: 0.293 Loaded shared library C:\Program Files\Java\jdk-22\bin\net.dll
Event: 0.295 Loaded shared library C:\Program Files\Java\jdk-22\bin\nio.dll
Event: 0.307 Loaded shared library C:\Program Files\Java\jdk-22\bin\zip.dll
Event: 0.519 Loaded shared library C:\Program Files\Java\jdk-22\bin\jimage.dll
Event: 0.562 Loaded shared library C:\Program Files\Java\jdk-22\bin\verify.dll
Event: 1.402 Loaded shared library C:\Program Files\Java\jdk-22\bin\extnet.dll
Event: 6.598 Loaded shared library C:\Program Files\Java\jdk-22\bin\management.dll
Event: 6.603 Loaded shared library C:\Program Files\Java\jdk-22\bin\management_ext.dll
Event: 8.771 Loaded shared library C:\Program Files\Java\jdk-22\bin\sunmscapi.dll

Deoptimization events (20 events):
Event: 8.965 Thread 0x0000018e1800fce0 Uncommon trap: trap_request=0xffffffde fr.pc=0x0000018e2a132340 relative=0x0000000000000440
Event: 8.965 Thread 0x0000018e1800fce0 Uncommon trap: reason=class_check action=maybe_recompile pc=0x0000018e2a132340 method=java.util.regex.Pattern$CharPropertyGreedy.match(Ljava/util/regex/Matcher;ILjava/lang/CharSequence;)Z @ 113 c2
Event: 8.965 Thread 0x0000018e1800fce0 DEOPT PACKING pc=0x0000018e2a132340 sp=0x00000087882fce50
Event: 8.965 Thread 0x0000018e1800fce0 DEOPT UNPACKING pc=0x0000018e29a246a2 sp=0x00000087882fcdc0 mode 2
Event: 11.088 Thread 0x0000018e1800fce0 Uncommon trap: trap_request=0xffffffde fr.pc=0x0000018e2a0d5610 relative=0x0000000000000490
Event: 11.088 Thread 0x0000018e1800fce0 Uncommon trap: reason=class_check action=maybe_recompile pc=0x0000018e2a0d5610 method=org.aspectj.apache.bcel.classfile.FieldOrMethod.getAnnotations()[Lorg/aspectj/apache/bcel/classfile/annotation/AnnotationGen; @ 48 c2
Event: 11.088 Thread 0x0000018e1800fce0 DEOPT PACKING pc=0x0000018e2a0d5610 sp=0x00000087882fa260
Event: 11.088 Thread 0x0000018e1800fce0 DEOPT UNPACKING pc=0x0000018e29a246a2 sp=0x00000087882fa218 mode 2
Event: 11.143 Thread 0x0000018e1800fce0 Uncommon trap: trap_request=0xffffffde fr.pc=0x0000018e2a132340 relative=0x0000000000000440
Event: 11.143 Thread 0x0000018e1800fce0 Uncommon trap: reason=class_check action=maybe_recompile pc=0x0000018e2a132340 method=java.util.regex.Pattern$CharPropertyGreedy.match(Ljava/util/regex/Matcher;ILjava/lang/CharSequence;)Z @ 113 c2
Event: 11.143 Thread 0x0000018e1800fce0 DEOPT PACKING pc=0x0000018e2a132340 sp=0x00000087882fc440
Event: 11.143 Thread 0x0000018e1800fce0 DEOPT UNPACKING pc=0x0000018e29a246a2 sp=0x00000087882fc3b0 mode 2
Event: 13.410 Thread 0x0000018e1800fce0 Uncommon trap: trap_request=0xffffff45 fr.pc=0x0000018e2a10cf14 relative=0x00000000000000f4
Event: 13.410 Thread 0x0000018e1800fce0 Uncommon trap: reason=unstable_if action=reinterpret pc=0x0000018e2a10cf14 method=java.util.HashMap.hash(Ljava/lang/Object;)I @ 1 c2
Event: 13.410 Thread 0x0000018e1800fce0 DEOPT PACKING pc=0x0000018e2a10cf14 sp=0x00000087882fbd40
Event: 13.410 Thread 0x0000018e1800fce0 DEOPT UNPACKING pc=0x0000018e29a246a2 sp=0x00000087882fbc80 mode 2
Event: 13.411 Thread 0x0000018e1800fce0 Uncommon trap: trap_request=0xffffff45 fr.pc=0x0000018e2a038e4c relative=0x00000000000000ac
Event: 13.411 Thread 0x0000018e1800fce0 Uncommon trap: reason=unstable_if action=reinterpret pc=0x0000018e2a038e4c method=java.util.HashMap.hash(Ljava/lang/Object;)I @ 1 c2
Event: 13.411 Thread 0x0000018e1800fce0 DEOPT PACKING pc=0x0000018e2a038e4c sp=0x00000087882fbce0
Event: 13.411 Thread 0x0000018e1800fce0 DEOPT UNPACKING pc=0x0000018e29a246a2 sp=0x00000087882fbc78 mode 2

Classes loaded (20 events):
Event: 13.434 Loading class org/openqa/selenium/ImmutableCapabilities
Event: 13.434 Loading class org/openqa/selenium/ImmutableCapabilities done
Event: 13.437 Loading class org/openqa/selenium/PersistentCapabilities
Event: 13.437 Loading class org/openqa/selenium/PersistentCapabilities done
Event: 13.442 Loading class org/openqa/selenium/PersistentCapabilities
Event: 13.442 Loading class org/openqa/selenium/PersistentCapabilities done
Event: 13.444 Loading class org/openqa/selenium/chromium/AddHasCasting$1
Event: 13.444 Loading class org/openqa/selenium/chromium/AddHasCasting$1 done
Event: 13.445 Loading class org/openqa/selenium/remote/ExecuteMethod
Event: 13.445 Loading class org/openqa/selenium/remote/ExecuteMethod done
Event: 13.445 Loading class org/openqa/selenium/remote/ExecuteMethod
Event: 13.445 Loading class org/openqa/selenium/remote/ExecuteMethod done
Event: 13.446 Loading class org/openqa/selenium/remote/RemoteWebDriver$RemoteWebDriverOptions
Event: 13.446 Loading class org/openqa/selenium/remote/RemoteWebDriver$RemoteWebDriverOptions done
Event: 13.449 Loading class org/openqa/selenium/WebDriver$Timeouts
Event: 13.449 Loading class org/openqa/selenium/WebDriver$Timeouts done
Event: 13.450 Loading class org/openqa/selenium/WebDriver$Window
Event: 13.450 Loading class org/openqa/selenium/WebDriver$Window done
Event: 13.451 Loading class org/openqa/selenium/remote/RemoteWebDriver$RemoteWebDriverOptions$RemoteWindow
Event: 13.451 Loading class org/openqa/selenium/remote/RemoteWebDriver$RemoteWebDriverOptions$RemoteWindow done

Classes unloaded (1 events):
Event: 8.455 Thread 0x0000018e391dee60 Unloading class 0x0000018e3b010000 'org/aspectj/mirror/AccessibleObject'

Classes redefined (1 events):
Event: 1.425 Thread 0x0000018e391dee60 redefined class name=java.lang.Throwable, count=1

Internal exceptions (20 events):
Event: 9.125 Thread 0x0000018e7f29e660 Exception <a 'java/net/ConnectException'{0x0000000706650768}: Connection refused: getsockopt> (0x0000000706650768) 
thrown [s\open\src\hotspot\share\prims\jni.cpp, line 539]
Event: 9.221 Thread 0x0000018e7f29e660 Exception <a 'java/net/ConnectException'{0x00000007066516e8}: Connection refused: getsockopt> (0x00000007066516e8) 
thrown [s\open\src\hotspot\share\prims\jni.cpp, line 539]
Event: 9.387 Thread 0x0000018e7f29e660 Exception <a 'java/net/ConnectException'{0x0000000706652668}: Connection refused: getsockopt> (0x0000000706652668) 
thrown [s\open\src\hotspot\share\prims\jni.cpp, line 539]
Event: 9.718 Thread 0x0000018e7f29e660 Exception <a 'java/net/ConnectException'{0x00000007066535e8}: Connection refused: getsockopt> (0x00000007066535e8) 
thrown [s\open\src\hotspot\share\prims\jni.cpp, line 539]
Event: 10.045 Thread 0x0000018e7f29e660 Exception <a 'java/net/ConnectException'{0x0000000706654568}: Connection refused: getsockopt> (0x0000000706654568) 
thrown [s\open\src\hotspot\share\prims\jni.cpp, line 539]
Event: 10.378 Thread 0x0000018e7f29e660 Exception <a 'java/net/ConnectException'{0x00000007066554e8}: Connection refused: getsockopt> (0x00000007066554e8) 
thrown [s\open\src\hotspot\share\prims\jni.cpp, line 539]
Event: 10.704 Thread 0x0000018e7f29e660 Exception <a 'java/net/ConnectException'{0x0000000706656468}: Connection refused: getsockopt> (0x0000000706656468) 
thrown [s\open\src\hotspot\share\prims\jni.cpp, line 539]
Event: 11.116 Thread 0x0000018e1800fce0 Exception <a 'java/lang/NoSuchMethodError'{0x00000007064bef08}: 'java.lang.Object java.lang.invoke.DirectMethodHandle$Holder.newInvokeSpecial(java.lang.Object, java.lang.Object, int, int)'> (0x00000007064bef08) 
thrown [s\open\src\hotspot\share\interpreter\linkResolver.cpp, line 774]
Event: 11.118 Thread 0x0000018e1800fce0 Exception <a 'java/lang/NoSuchMethodError'{0x00000007064c9410}: 'void java.lang.invoke.DirectMethodHandle$Holder.invokeStatic(java.lang.Object, java.lang.Object, int)'> (0x00000007064c9410) 
thrown [s\open\src\hotspot\share\interpreter\linkResolver.cpp, line 774]
Event: 11.207 Thread 0x0000018e7f2a3bb0 Exception <a 'java/lang/NoSuchMethodError'{0x00000007063d5468}: 'java.lang.Object java.lang.invoke.DirectMethodHandle$Holder.invokeSpecial(java.lang.Object, java.lang.Object, java.lang.Object, java.lang.Object, int)'> (0x00000007063d5468) 
thrown [s\open\src\hotspot\share\interpreter\linkResolver.cpp, line 774]
Event: 11.208 Thread 0x0000018e7f2a3bb0 Exception <a 'java/lang/NoSuchMethodError'{0x00000007063d8e10}: 'java.lang.Object java.lang.invoke.Invokers$Holder.linkToTargetMethod(java.lang.Object, java.lang.Object, int, java.lang.Object)'> (0x00000007063d8e10) 
thrown [s\open\src\hotspot\share\interpreter\linkResolver.cpp, line 774]
Event: 11.241 Thread 0x0000018e7f2a3bb0 Exception <a 'java/lang/NoSuchMethodError'{0x00000007060830f0}: 'void java.lang.invoke.DirectMethodHandle$Holder.invokeSpecial(java.lang.Object, java.lang.Object, java.lang.Object, java.lang.Object, java.lang.Object)'> (0x00000007060830f0) 
thrown [s\open\src\hotspot\share\interpreter\linkResolver.cpp, line 774]
Event: 11.265 Thread 0x0000018e7f2a3520 Exception <a 'java/lang/NoSuchMethodError'{0x0000000706176bf0}: 'int java.lang.invoke.DirectMethodHandle$Holder.invokeSpecialIFC(java.lang.Object, java.lang.Object, java.lang.Object, java.lang.Object, java.lang.Object)'> (0x0000000706176bf0) 
thrown [s\open\src\hotspot\share\interpreter\linkResolver.cpp, line 774]
Event: 12.879 Thread 0x0000018e7f2a3520 Exception <a 'java/lang/NoSuchMethodError'{0x0000000705f6e6a0}: 'java.lang.Object java.lang.invoke.DirectMethodHandle$Holder.newInvokeSpecial(java.lang.Object, java.lang.Object, long, java.lang.Object, java.lang.Object, java.lang.Object)'> (0x0000000705f6e6a0) 
thrown [s\open\src\hotspot\share\interpreter\linkResolver.cpp, line 774]
Event: 12.885 Thread 0x0000018e7f2a3520 Exception <a 'java/lang/NoSuchMethodError'{0x0000000705f8a1b0}: 'void java.lang.invoke.DirectMethodHandle$Holder.invokeSpecial(java.lang.Object, java.lang.Object, java.lang.Object, java.lang.Object, java.lang.Object, java.lang.Object, java.lang.Object)'> (0x0000000705f8a1b0) 
thrown [s\open\src\hotspot\share\interpreter\linkResolver.cpp, line 774]
Event: 12.915 Thread 0x0000018e1800fce0 Exception <a 'java/lang/NoSuchMethodError'{0x00000007065f87f0}: 'java.lang.Object java.lang.invoke.DirectMethodHandle$Holder.invokeSpecialIFC(java.lang.Object, java.lang.Object, java.lang.Object)'> (0x00000007065f87f0) 
thrown [s\open\src\hotspot\share\interpreter\linkResolver.cpp, line 774]
Event: 13.410 Thread 0x0000018e1800fce0 Implicit null exception at 0x0000018e2a10ce66 to 0x0000018e2a10cf0a
Event: 13.411 Thread 0x0000018e1800fce0 Implicit null exception at 0x0000018e2a038dbd to 0x0000018e2a038e3d
Event: 13.414 Thread 0x0000018e1800fce0 Exception <a 'java/lang/NoSuchMethodError'{0x0000000704f3de50}: 'java.lang.Object java.lang.invoke.DirectMethodHandle$Holder.invokeStatic(java.lang.Object, int, java.lang.Object)'> (0x0000000704f3de50) 
thrown [s\open\src\hotspot\share\interpreter\linkResolver.cpp, line 774]
Event: 13.422 Thread 0x0000018e1800fce0 Exception <a 'java/lang/ClassNotFoundException'{0x0000000704f60200}: sun/util/logging/resources/spi/loggingProvider> (0x0000000704f60200) 
thrown [s\open\src\hotspot\share\classfile\systemDictionary.cpp, line 313]

ZGC Phase Switch (0 events):
No events

VM Operations (20 events):
Event: 8.455 Executing VM operation: G1PauseRemark
Event: 8.463 Executing VM operation: G1PauseRemark done
Event: 8.474 Executing VM operation: G1PauseCleanup
Event: 8.475 Executing VM operation: G1PauseCleanup done
Event: 8.580 Executing VM operation: HandshakeAllThreads (Deoptimize)
Event: 8.580 Executing VM operation: HandshakeAllThreads (Deoptimize) done
Event: 9.589 Executing VM operation: Cleanup
Event: 9.589 Executing VM operation: Cleanup done
Event: 11.056 Executing VM operation: HandshakeAllThreads (Deoptimize)
Event: 11.057 Executing VM operation: HandshakeAllThreads (Deoptimize) done
Event: 11.057 Executing VM operation: Cleanup
Event: 11.057 Executing VM operation: Cleanup done
Event: 11.060 Executing VM operation: HandshakeAllThreads (Deoptimize)
Event: 11.060 Executing VM operation: HandshakeAllThreads (Deoptimize) done
Event: 12.066 Executing VM operation: Cleanup
Event: 12.066 Executing VM operation: Cleanup done
Event: 12.864 Executing VM operation: HandshakeAllThreads (Deoptimize)
Event: 12.865 Executing VM operation: HandshakeAllThreads (Deoptimize) done
Event: 12.868 Executing VM operation: HandshakeAllThreads (Deoptimize)
Event: 12.868 Executing VM operation: HandshakeAllThreads (Deoptimize) done

Events (20 events):
Event: 8.989 Thread 0x0000018e7f2a4f60 Thread added: 0x0000018e7f2a4f60
Event: 8.999 Thread 0x0000018e037de6f0 Thread added: 0x0000018e037de6f0
Event: 9.000 Thread 0x0000018e7f29e660 Thread added: 0x0000018e7f29e660
Event: 9.717 Thread 0x0000018e037de6f0 Thread exited: 0x0000018e037de6f0
Event: 9.717 Thread 0x0000018e019df450 Thread exited: 0x0000018e019df450
Event: 11.059 Thread 0x0000018e7f2a2e90 Thread added: 0x0000018e7f2a2e90
Event: 11.130 Thread 0x0000018e037de6f0 Thread added: 0x0000018e037de6f0
Event: 11.147 Thread 0x0000018e7f2a3bb0 Thread added: 0x0000018e7f2a3bb0
Event: 11.152 Thread 0x0000018e7f2a2800 Thread added: 0x0000018e7f2a2800
Event: 11.259 Thread 0x0000018e7f2a3520 Thread added: 0x0000018e7f2a3520
Event: 11.264 Thread 0x0000018e7f2a0dc0 Thread added: 0x0000018e7f2a0dc0
Event: 11.265 Thread 0x0000018e7f2a1450 Thread added: 0x0000018e7f2a1450
Event: 12.863 Thread 0x0000018e037de6f0 Thread exited: 0x0000018e037de6f0
Event: 13.007 Thread 0x0000018e037df490 Thread added: 0x0000018e037df490
Event: 13.071 Thread 0x0000018e7f2a00a0 Thread added: 0x0000018e7f2a00a0
Event: 13.072 Thread 0x0000018e7f2a55f0 Thread added: 0x0000018e7f2a55f0
Event: 13.163 Thread 0x0000018e7f2a4240 Thread added: 0x0000018e7f2a4240
Event: 13.164 Thread 0x0000018e7f2a0730 Thread added: 0x0000018e7f2a0730
Event: 13.164 Thread 0x0000018e7f2a1ae0 Thread added: 0x0000018e7f2a1ae0
Event: 13.204 Thread 0x0000018e037df490 Thread exited: 0x0000018e037df490


Dynamic libraries:
0x00007ff7ff8a0000 - 0x00007ff7ff8b0000 	C:\Program Files\Java\jdk-22\bin\java.exe
0x00007ffd99870000 - 0x00007ffd99a87000 	C:\Windows\SYSTEM32\ntdll.dll
0x00007ffd98410000 - 0x00007ffd984d4000 	C:\Windows\System32\KERNEL32.DLL
0x00007ffd96c30000 - 0x00007ffd96fe7000 	C:\Windows\System32\KERNELBASE.dll
0x00007ffd97220000 - 0x00007ffd97331000 	C:\Windows\System32\ucrtbase.dll
0x00007ffd90260000 - 0x00007ffd90277000 	C:\Program Files\Java\jdk-22\bin\jli.dll
0x00007ffd98780000 - 0x00007ffd98832000 	C:\Windows\System32\ADVAPI32.dll
0x00007ffd97f90000 - 0x00007ffd98037000 	C:\Windows\System32\msvcrt.dll
0x00007ffd97ee0000 - 0x00007ffd97f88000 	C:\Windows\System32\sechost.dll
0x00007ffd97340000 - 0x00007ffd97368000 	C:\Windows\System32\bcrypt.dll
0x00007ffd982f0000 - 0x00007ffd98404000 	C:\Windows\System32\RPCRT4.dll
0x00007ffd97770000 - 0x00007ffd9791f000 	C:\Windows\System32\USER32.dll
0x00007ffd96c00000 - 0x00007ffd96c26000 	C:\Windows\System32\win32u.dll
0x00007ffd98570000 - 0x00007ffd98599000 	C:\Windows\System32\GDI32.dll
0x00007ffd8cf20000 - 0x00007ffd8cf3b000 	C:\Program Files\Java\jdk-22\bin\VCRUNTIME140.dll
0x00007ffd97370000 - 0x00007ffd97488000 	C:\Windows\System32\gdi32full.dll
0x00007ffd85b70000 - 0x00007ffd85e03000 	C:\Windows\WinSxS\amd64_microsoft.windows.common-controls_6595b64144ccf1df_6.0.22621.3672_none_2713b9d173822955\COMCTL32.dll
0x00007ffd97490000 - 0x00007ffd9752a000 	C:\Windows\System32\msvcp_win.dll
0x00007ffd8d020000 - 0x00007ffd8d02a000 	C:\Windows\SYSTEM32\VERSION.dll
0x00007ffd985a0000 - 0x00007ffd985d1000 	C:\Windows\System32\IMM32.DLL
0x00007ffd8cf10000 - 0x00007ffd8cf1c000 	C:\Program Files\Java\jdk-22\bin\vcruntime140_1.dll
0x00007ffd86210000 - 0x00007ffd8629e000 	C:\Program Files\Java\jdk-22\bin\msvcp140.dll
0x00007ffd32db0000 - 0x00007ffd33af7000 	C:\Program Files\Java\jdk-22\bin\server\jvm.dll
0x00007ffd98700000 - 0x00007ffd98771000 	C:\Windows\System32\WS2_32.dll
0x00007ffd959f0000 - 0x00007ffd95a3d000 	C:\Windows\SYSTEM32\POWRPROF.dll
0x00007ffd92400000 - 0x00007ffd92434000 	C:\Windows\SYSTEM32\WINMM.dll
0x00007ffd959d0000 - 0x00007ffd959e3000 	C:\Windows\SYSTEM32\UMPDC.dll
0x00007ffd95c80000 - 0x00007ffd95c98000 	C:\Windows\SYSTEM32\kernel.appcore.dll
0x00007ffd8b4b0000 - 0x00007ffd8b4ba000 	C:\Program Files\Java\jdk-22\bin\jimage.dll
0x00007ffd84c80000 - 0x00007ffd84eb2000 	C:\Windows\SYSTEM32\DBGHELP.DLL
0x00007ffd97af0000 - 0x00007ffd97e7e000 	C:\Windows\System32\combase.dll
0x00007ffd99670000 - 0x00007ffd99747000 	C:\Windows\System32\OLEAUT32.dll
0x00007ffd803d0000 - 0x00007ffd80402000 	C:\Windows\SYSTEM32\dbgcore.DLL
0x00007ffd96b80000 - 0x00007ffd96bfb000 	C:\Windows\System32\bcryptPrimitives.dll
0x00007ffd8b490000 - 0x00007ffd8b49f000 	C:\Program Files\Java\jdk-22\bin\instrument.dll
0x00007ffd88700000 - 0x00007ffd8871e000 	C:\Program Files\Java\jdk-22\bin\java.dll
0x00007ffd98e00000 - 0x00007ffd99669000 	C:\Windows\System32\SHELL32.dll
0x00007ffd98040000 - 0x00007ffd981e5000 	C:\Windows\System32\ole32.dll
0x00007ffd861f0000 - 0x00007ffd86207000 	C:\Program Files\Java\jdk-22\bin\zip.dll
0x00007ffd94ab0000 - 0x00007ffd953af000 	C:\Windows\SYSTEM32\windows.storage.dll
0x00007ffd94970000 - 0x00007ffd94aaf000 	C:\Windows\SYSTEM32\wintypes.dll
0x00007ffd98600000 - 0x00007ffd986f9000 	C:\Windows\System32\SHCORE.dll
0x00007ffd99750000 - 0x00007ffd997ae000 	C:\Windows\System32\shlwapi.dll
0x00007ffd96ab0000 - 0x00007ffd96ad7000 	C:\Windows\SYSTEM32\profapi.dll
0x00007ffd543b0000 - 0x00007ffd54487000 	C:\Program Files\Java\jdk-22\bin\jsvml.dll
0x00007ffd88c10000 - 0x00007ffd88c20000 	C:\Program Files\Java\jdk-22\bin\net.dll
0x00007ffd960e0000 - 0x00007ffd96149000 	C:\Windows\system32\mswsock.dll
0x00007ffd861d0000 - 0x00007ffd861e6000 	C:\Program Files\Java\jdk-22\bin\nio.dll
0x00007ffd886f0000 - 0x00007ffd88700000 	C:\Program Files\Java\jdk-22\bin\verify.dll
0x00007ffd87820000 - 0x00007ffd87829000 	C:\Program Files\Java\jdk-22\bin\extnet.dll
0x00007ffd96430000 - 0x00007ffd9644b000 	C:\Windows\SYSTEM32\CRYPTSP.dll
0x00007ffd95be0000 - 0x00007ffd95c15000 	C:\Windows\system32\rsaenh.dll
0x00007ffd96180000 - 0x00007ffd961a8000 	C:\Windows\SYSTEM32\USERENV.dll
0x00007ffd96410000 - 0x00007ffd9641c000 	C:\Windows\SYSTEM32\CRYPTBASE.dll
0x00007ffd956c0000 - 0x00007ffd956ed000 	C:\Windows\SYSTEM32\IPHLPAPI.DLL
0x00007ffd985e0000 - 0x00007ffd985e9000 	C:\Windows\System32\NSI.dll
0x00007ffd956f0000 - 0x00007ffd957f2000 	C:\Windows\SYSTEM32\DNSAPI.dll
0x000000005fcd0000 - 0x000000005fcf6000 	C:\Program Files\Bonjour\mdnsNSP.dll
0x00007ffd8cd10000 - 0x00007ffd8cd1a000 	C:\Windows\System32\rasadhlp.dll
0x00007ffd901a0000 - 0x00007ffd90223000 	C:\Windows\System32\fwpuclnt.dll
0x00007ffd861b0000 - 0x00007ffd861ba000 	C:\Program Files\Java\jdk-22\bin\management.dll
0x00007ffd861a0000 - 0x00007ffd861ab000 	C:\Program Files\Java\jdk-22\bin\management_ext.dll
0x00007ffd975a0000 - 0x00007ffd975a8000 	C:\Windows\System32\PSAPI.DLL
0x00007ffd861c0000 - 0x00007ffd861ce000 	C:\Program Files\Java\jdk-22\bin\sunmscapi.dll
0x00007ffd970b0000 - 0x00007ffd97216000 	C:\Windows\System32\CRYPT32.dll
0x00007ffd96540000 - 0x00007ffd9656d000 	C:\Windows\SYSTEM32\ncrypt.dll
0x00007ffd96500000 - 0x00007ffd96537000 	C:\Windows\SYSTEM32\NTASN1.dll
0x00007ffd92600000 - 0x00007ffd92608000 	C:\Windows\system32\wshunix.dll

dbghelp: loaded successfully - version: 4.0.5 - missing functions: none
symbol engine: initialized successfully - sym options: 0x614 - pdb path: .;C:\Program Files\Java\jdk-22\bin;C:\Windows\SYSTEM32;C:\Windows\WinSxS\amd64_microsoft.windows.common-controls_6595b64144ccf1df_6.0.22621.3672_none_2713b9d173822955;C:\Program Files\Java\jdk-22\bin\server;C:\Program Files\Bonjour

VM Arguments:
jvm_args: -ea -javaagent:C:\Users\mohamed\.m2\repository/org/aspectj/aspectjweaver/1.9.21.1/aspectjweaver-1.9.21.1.jar -Didea.test.cyclic.buffer.size=1048576 -javaagent:C:\Program Files\JetBrains\IntelliJ IDEA Community Edition 2024.3.4.1\lib\idea_rt.jar=55513 -javaagent:C:\Users\mohamed\AppData\Local\JetBrains\IdeaIC2024.3\captureAgent\debugger-agent.jar -Dkotlinx.coroutines.debug.enable.creation.stack.trace=false -Ddebugger.agent.enable.coroutines=true -Dkotlinx.coroutines.debug.enable.flows.stack.trace=true -Dkotlinx.coroutines.debug.enable.mutable.state.flows.stack.trace=true -Dfile.encoding=UTF-8 -Dsun.stdout.encoding=UTF-8 -Dsun.stderr.encoding=UTF-8 
java_command: com.intellij.rt.testng.RemoteTestNGStarter -usedefaultlisteners false -socket55512 @w@C:\Users\mohamed\AppData\Local\Temp\idea_working_dirs_testng.tmp -temp C:\Users\mohamed\AppData\Local\Temp\idea_testng.tmp
java_class_path (initial): C:\Program Files\JetBrains\IntelliJ IDEA Community Edition 2024.3.4.1\lib\idea_rt.jar;C:\Program Files\JetBrains\IntelliJ IDEA Community Edition 2024.3.4.1\plugins\testng\lib\testng-rt.jar;G:\restAssured\lambda3\test-outputs\target\test-classes;G:\restAssured\lambda3\test-outputs\target\classes;C:\Users\mohamed\.m2\repository\org\seleniumhq\selenium\selenium-java\4.28.1\selenium-java-4.28.1.jar;C:\Users\mohamed\.m2\repository\org\seleniumhq\selenium\selenium-api\4.28.1\selenium-api-4.28.1.jar;C:\Users\mohamed\.m2\repository\org\jspecify\jspecify\1.0.0\jspecify-1.0.0.jar;C:\Users\mohamed\.m2\repository\org\seleniumhq\selenium\selenium-chrome-driver\4.28.1\selenium-chrome-driver-4.28.1.jar;C:\Users\mohamed\.m2\repository\com\google\auto\service\auto-service-annotations\1.1.1\auto-service-annotations-1.1.1.jar;C:\Users\mohamed\.m2\repository\org\seleniumhq\selenium\selenium-chromium-driver\4.28.1\selenium-chromium-driver-4.28.1.jar;C:\Users\mohamed\.m2\repository\org\seleniumhq\selenium\selenium-json\4.28.1\selenium-json-4.28.1.jar;C:\Users\mohamed\.m2\repository\org\seleniumhq\selenium\selenium-manager\4.28.1\selenium-manager-4.28.1.jar;C:\Users\mohamed\.m2\repository\org\seleniumhq\selenium\selenium-devtools-v130\4.28.1\selenium-devtools-v130-4.28.1.jar;C:\Users\mohamed\.m2\repository\org\seleniumhq\selenium\selenium-devtools-v131\4.28.1\selenium-devtools-v131-4.28.1.jar;C:\Users\mohamed\.m2\repository\org\seleniumhq\selenium\selenium-devtools-v132\4.28.1\selenium-devtools-v132-4.28.1.jar;C:\Users\mohamed\.m2\repository\org\seleniumhq\selenium\selenium-devtools-v85\4.28.1\selenium-devtools-v85-4.28.1.jar;C:\Users\mohamed\.m2\repository\org\seleniumhq\selenium\selenium-edge-driver\4.28.1\selenium-edge-driver-4.28.1.jar;C:\Users\mohamed\.m2\repository\org\seleniumhq\selenium\selenium-firefox-driver\4.28.1\selenium-firefox-driver-4.28.1.jar;C:\Users\mohamed\.m2\repository\org\seleniumhq\selenium\selenium-http\4.28.1\selenium-http-4.28.1.jar;C:\Users\mohamed\.m2\repository\org\seleniumhq\selenium\selenium-ie-driver\4.28.1\selenium-ie-driver-4.28.1.jar;C:\Users\mohamed\.m2\repository\org\seleniumhq\selenium\selenium-remote-driver\4.28.1\selenium-remote-driver-4.28.1.jar;C:\Users\mohamed\.m2\repository\com\google\guava\guava\33.4.0-jre\guava-33.4.0-jre.jar;C:\Users\mohamed\.m2\repository\com\google\guava\failureaccess\1.0.2\failureaccess-1.0.2.jar;C:\Users\mohamed\.m2\repository\com\google\guava\listenablefuture\9999.0-empty-to-avoid-conflict-with-guava\listenablefuture-9999.0-empty-to-avoid-conflict-with-guava.jar;C:\Users\mohamed\.m2\repository\com\google\code\findbugs\jsr305\3.0.2\jsr305-3.0.2.jar;C:\Users\mohamed\.m2\repository\org\checkerframework\checker-qual\3.43.0\checker-qual-3.43.0.jar;C:\Users\mohamed\.m2\repository\com\google\j2objc\j2objc-annotations\3.0.0\j2objc-annotations-3.0.0.jar;C:\Users\mohamed\.m2\repository\io\opentelemetry\semconv\opentelemetry-semconv\1.28.0-alpha\opentelemetry-semconv-1.28.0-alpha.jar;C:\Users\mohamed\.m2\repository\io\opentelemetry\opentelemetry-api\1.46.0\opentelemetry-api-1.46.0.jar;C:\Users\mohamed\.m2\repository\io\opentelemetry\opentelemetry-context\1.46.0\opentelemetry-context-1.46.0.jar;C:\Users\mohamed\.m2\repository\io\opentelemetry\opentelemetry-exporter-logging\1.46.0\opentelemetry-exporter-logging-1.46.0.jar;C:\Users\mohamed\.m2\repository\io\opentelemetry\opentelemetry-sdk-common\1.46.0\opentelemetry-sdk-common-1.46.0.jar;C:\Users\mohamed\.m2\repository\io\opentelemetry\opentelemetry-sdk-extension-autoconfigure-spi\1.46.0\opentelemetry-sdk-extension-autoconfigure-spi-1.46.0.jar;C:\Users\mohamed\.m2\repository\io\opentelemetry\opentelemetry-sdk-extension-autoconfigure\1.46.0\opentelemetry-sdk-extension-autoconfigure-1.46.0.jar;C:\Users\mohamed\.m2\repository\io\opentelemetry\opentelemetry-api-incubator\1.46.0-alpha\opentelemetry-api-incubator-1.46.0-alpha.jar;C:\Users\mohamed\.m2\repository\io\opentelemetry\opentelemetry-sdk-trace\1.46.0\opentelemetry-sdk-trace-1.46.0.jar;C:\Users\mohamed\.m2\repository\io\opentelemetry\opentelemetry-sdk\1.46.0\opentelemetry-sdk-1.46.0.jar;C:\Users\mohamed\.m2\repository\io\opentelemetry\opentelemetry-sdk-metrics\1.46.0\opentelemetry-sdk-metrics-1.46.0.jar;C:\Users\mohamed\.m2\repository\io\opentelemetry\opentelemetry-sdk-logs\1.46.0\opentelemetry-sdk-logs-1.46.0.jar;C:\Users\mohamed\.m2\repository\net\bytebuddy\byte-buddy\1.15.11\byte-buddy-1.15.11.jar;C:\Users\mohamed\.m2\repository\org\seleniumhq\selenium\selenium-os\4.28.1\selenium-os-4.28.1.jar;C:\Users\mohamed\.m2\repository\org\apache\commons\commons-exec\1.4.0\commons-exec-1.4.0.jar;C:\Users\mohamed\.m2\repository\org\seleniumhq\selenium\selenium-safari-driver\4.28.1\selenium-safari-driver-4.28.1.jar;C:\Users\mohamed\.m2\repository\org\seleniumhq\selenium\selenium-support\4.28.1\selenium-support-4.28.1.jar;C:\Users\mohamed\.m2\repository\org\testng\testng\7.10.2\testng-7.10.2.jar;C:\Users\mohamed\.m2\repository\com\beust\jcommander\1.82\jcommander-1.82.jar;C:\Users\mohamed\.m2\repository\org\webjars\jquery\3.7.1\jquery-3.7.1.jar;C:\Users\mohamed\.m2\repository\commons-io\commons-io\2.18.0\commons-io-2.18.0.jar;C:\Users\mohamed\.m2\repository\com\google\code\gson\gson\2.12.1\gson-2.12.1.jar;C:\Users\mohamed\.m2\repository\com\google\errorprone\error_prone_annotations\2.36.0\error_prone_annotations-2.36.0.jar;C:\Users\mohamed\.m2\repository\org\slf4j\slf4j-api\2.0.17\slf4j-api-2.0.17.jar;C:\Users\mohamed\.m2\repository\org\slf4j\slf4j-simple\2.0.16\slf4j-simple-2.0.16.jar;C:\Users\mohamed\.m2\repository\io\qameta\allure\allure-testng\2.29.1\allure-testng-2.29.1.jar;C:\Users\mohamed\.m2\repository\io\qameta\allure\allure-java-commons\2.29.1\allure-java-commons-2.29.1.jar;C:\Users\mohamed\.m2\repository\io\qameta\allure\allure-model\2.29.1\allure-model-2.29.1.jar;C:\Users\mohamed\.m2\repository\io\qameta\allure\allure-test-filter\2.29.1\allure-test-filter-2.29.1.jar;C:\Users\mohamed\.m2\repository\org\apache\logging\log4j\log4j-core\2.23.0\log4j-core-2.23.0.jar;C:\Users\mohamed\.m2\repository\org\apache\logging\log4j\log4j-api\2.23.0\log4j-api-2.23.0.jar;C:\Users\mohamed\.m2\repository\com\jayway\jsonpath\json-path\2.9.0\json-path-2.9.0.jar;C:\Users\mohamed\.m2\repository\net\minidev\json-smart\2.5.0\json-smart-2.5.0.jar;C:\Users\mohamed\.m2\repository\net\minidev\accessors-smart\2.5.0\accessors-smart-2.5.0.jar;C:\Users\mohamed\.m2\repository\org\ow2\asm\asm\9.3\asm-9.3.jar;C:\Users\mohamed\.m2\repository\com\github\javafaker\javafaker\1.0.2\javafaker-1.0.2.jar;C:\Users\mohamed\.m2\repository\org\apache\commons\commons-lang3\3.5\commons-lang3-3.5.jar;C:\Users\mohamed\.m2\repository\org\yaml\snakeyaml\1.23\snakeyaml-1.23-android.jar;C:\Users\mohamed\.m2\repository\com\github\mifmif\generex\1.0.2\generex-1.0.2.jar;C:\Users\mohamed\.m2\repository\dk\brics\automaton\automaton\1.11-8\automaton-1.11-8.jar;C:\Users\mohamed\.m2\repository\com\github\stephenc\monte\monte-screen-recorder\0.7.7.0\monte-screen-recorder-0.7.7.0.jar
Launcher Type: SUN_STANDARD

[Global flags]
     intx CICompilerCount                          = 4                                         {product} {ergonomic}
     uint ConcGCThreads                            = 2                                         {product} {ergonomic}
     uint G1ConcRefinementThreads                  = 8                                         {product} {ergonomic}
   size_t G1HeapRegionSize                         = 2097152                                   {product} {ergonomic}
   size_t InitialHeapSize                          = 268435456                                 {product} {ergonomic}
   size_t MarkStackSize                            = 4194304                                   {product} {ergonomic}
   size_t MaxHeapSize                              = 4280287232                                {product} {ergonomic}
   size_t MaxNewSize                               = 2566914048                                {product} {ergonomic}
   size_t MinHeapDeltaBytes                        = 2097152                                   {product} {ergonomic}
   size_t MinHeapSize                              = 8388608                                   {product} {ergonomic}
    uintx NonNMethodCodeHeapSize                   = 5839372                                {pd product} {ergonomic}
    uintx NonProfiledCodeHeapSize                  = 122909434                              {pd product} {ergonomic}
    uintx ProfiledCodeHeapSize                     = 122909434                              {pd product} {ergonomic}
    uintx ReservedCodeCacheSize                    = 251658240                              {pd product} {ergonomic}
     bool SegmentedCodeCache                       = true                                      {product} {ergonomic}
   size_t SoftMaxHeapSize                          = 4280287232                             {manageable} {ergonomic}
     bool UseCompressedOops                        = true                           {product lp64_product} {ergonomic}
     bool UseG1GC                                  = true                                      {product} {ergonomic}
     bool UseLargePagesIndividualAllocation        = false                                  {pd product} {ergonomic}

Logging:
Log output configuration:
 #0: stdout all=warning uptime,level,tags foldmultilines=false
 #1: stderr all=off uptime,level,tags foldmultilines=false

Environment Variables:
JAVA_HOME=C:\Program Files\Eclipse Adoptium\jdk-21.0.3.9-hotspot\
PATH=C:\Program Files\Eclipse Adoptium\jdk-21.0.3.9-hotspot\bin;C:\Program Files\Common Files\Oracle\Java\javapath;C:\Program Files (x86)\VMware\VMware Workstation\bin\;C:\Program Files (x86)\Common Files\Oracle\Java\javapath;C:\Windows\system32;C:\Windows;C:\Windows\System32\Wbem;C:\Windows\System32\WindowsPowerShell\v1.0\;C:\Windows\System32\OpenSSH\;C:\Program Files\Microchip\xc8\v2.41\bin;C:\Program Files\Git\cmd;C:\Program Files\dotnet\;C:\Program Files\Go\bin;C:\Program Files (x86)\PuTTY\;C:\Program Files\nodejs\;C:\Program Files (x86)\Microsoft SQL Server\110\Tools\Binn\;C:\Program Files\Microsoft SQL Server\110\Tools\Binn\;C:\Program Files\Microsoft SQL Server\110\DTS\Binn\;C:\Program Files (x86)\Microsoft SQL Server\110\Tools\Binn\ManagementStudio\;C:\Program Files (x86)\Microsoft SQL Server\110\DTS\Binn\;C:\Program Files\MySQL\MySQL Shell 8.0\bin\;C:\Users\mohamed\scoop\shims;C:\Users\mohamed\anaconda3;C:\Users\mohamed\anaconda3\Library\mingw-w64\bin;C:\Users\mohamed\anaconda3\Library\usr\bin;C:\Users\mohamed\anaconda3\Library\bin;C:\Users\mohamed\anaconda3\Scripts;C:\Users\mohamed\AppData\Local\Microsoft\WindowsApps;C:\Users\mohamed\AppData\Local\Programs\Microsoft VS Code\bin;C:\Users\mohamed\anaconda3\pkgs\protego-0.1.16-py_0\info\test\tests\test_data\ffmpeg.org;C:\MinGW\bin;C:\Program Files\CodeBlocks;C:\Program Files\qemu\qemu-system-arm.exe;C:\Program Files\qemu;C:\xpack-openocd-0.10.0-15\xpack-openocd-0.10.0-15\bin;C:\Program Files\qemu;C:\Users\mohamed\AppData\Local\Programs\Python\Python36\Scripts\pip3.6.exe;C:\Users\mohamed\AppData\Local\Programs\Python\Python36-32\Scripts\pip3.6.exe;C:\Users\mohamed\AppData\Local\Programs\Python\Python36-32\Scripts\pip3.6.exe;C:\Program Files (x86)\Labcenter Electronics\Proteus 8 Professional\Tools\Python\python.exe;C:\Program Files (x86)\Labcenter Electronics\Proteus 8 Demonstration\Tools\Python;C:\Users\mohamed\AppData\Roaming\npm;C:\Users\mohamed\AppData\Local\Programs\Python\Python36-32\Scripts\pip3.6.exe;C:\Users\mohamed\AppData\Local\Programs\Python\Python36-32\python.exe;C:\Users\mohamed\AppData\Local\Programs\Python\Python36-32;C:\Users\mohamed\AppData\Local\Programs\Python\Python36\Scripts\pip3.6.exe;C:\Users\mohamed\Downloads\Cypress;C:\Users\mohamed\Downloads\apache-jmeter-5.6.3\apache-jmeter-5.6.3\bin;C:\apache-maven-3.9.9\bin;C:\apache-maven-3.9.9\bin;C:\Program Files\JetBrains\IntelliJ IDEA 2024.3.1.1\bin;;C:\Program Files\Java\jdk-22\bin;C:\Program Files\JetBrains\IntelliJ IDEA Community Edition 2024.3.4.1\bin;;C:\Users\mohamed\AppData\Local\Programs\Appium Server GUI;C:\Users\mohamed\AppData\Local\Android\Sdk\platform-tools;C:\Users\mohamed\AppData\Local\Android\Sdk\tools\bin;C:\Program Files\Eclipse Adoptium\jdk-21.0.3.9-hotspot\bin\;C:\Program Files\Java\jdk-22\bin\;C:\Users\mohamed\AppData\Local\Muse Hub\lib;C:\ffmpeg\bin;
USERNAME=mohamed
OS=Windows_NT
PROCESSOR_IDENTIFIER=Intel64 Family 6 Model 60 Stepping 3, GenuineIntel
TMP=C:\Users\mohamed\AppData\Local\Temp
TEMP=C:\Users\mohamed\AppData\Local\Temp




Periodic native trim disabled

---------------  S Y S T E M  ---------------

OS:
 Windows 11 , 64 bit Build 22621 (10.0.22621.3958)
OS uptime: 0 days 18:43 hours
Hyper-V role detected

CPU: total 8 (initial active 8) (4 cores per cpu, 2 threads per core) family 6 model 60 stepping 3 microcode 0x28, cx8, cmov, fxsr, ht, mmx, sse, sse2, sse3, ssse3, sse4.1, sse4.2, popcnt, lzcnt, tsc, tscinvbit, avx, avx2, aes, erms, clmul, bmi1, bmi2, fma, vzeroupper, clflush, hv, rdtscp, f16c
Processor Information for all 8 processors :
  Max Mhz: 2501, Current Mhz: 2501, Mhz Limit: 2501

Memory: 4k page, system-wide physical 16321M (3656M free)
TotalPageFile size 34184M (AvailPageFile size 20M)
current process WorkingSet (physical memory assigned to process): 212M, peak: 244M
current process commit charge ("private bytes"): 294M, peak: 440M

vm_info: Java HotSpot(TM) 64-Bit Server VM (22.0.1+8-16) for windows-amd64 JRE (22.0.1+8-16), built on 2024-03-12T10:33:16Z by "mach5one" with MS VC++ 17.6 (VS2022)

END.
