#
# There is insufficient memory for the Java Runtime Environment to continue.
# Native memory allocation (malloc) failed to allocate 2121168 bytes. Error detail: Chunk::new
# Possible reasons:
#   The system is out of physical RAM or swap space
#   This process is running with CompressedOops enabled, and the Java Heap may be blocking the growth of the native heap
# Possible solutions:
#   Reduce memory load on the system
#   Increase physical memory or swap space
#   Check if swap backing store is full
#   Decrease Java heap size (-Xmx/-Xms)
#   Decrease number of Java threads
#   Decrease Java thread stack sizes (-Xss)
#   Set larger code cache with -XX:ReservedCodeCacheSize=
#   JVM is running with Zero Based Compressed Oops mode in which the Java heap is
#     placed in the first 32GB address space. The Java Heap base address is the
#     maximum limit for the native heap growth. Please use -XX:HeapBaseMinAddress
#     to set the Java Heap base and to place the Java Heap above 32GB virtual address.
# This output file may be truncated or incomplete.
#
#  Out of Memory Error (arena.cpp:150), pid=26528, tid=18800
#
# JRE version: Java(TM) SE Runtime Environment (22.0.1+8) (build 22.0.1+8-16)
# Java VM: Java HotSpot(TM) 64-Bit Server VM (22.0.1+8-16, mixed mode, sharing, tiered, compressed oops, compressed class ptrs, g1 gc, windows-amd64)
# No core dump will be written. Minidumps are not enabled by default on client versions of Windows
#

---------------  S U M M A R Y ------------

Command Line: -ea -javaagent:C:\Users\mohamed\.m2\repository/org/aspectj/aspectjweaver/1.9.21.1/aspectjweaver-1.9.21.1.jar -Didea.test.cyclic.buffer.size=1048576 -javaagent:C:\Program Files\JetBrains\IntelliJ IDEA Community Edition 2024.3.4.1\lib\idea_rt.jar=54913 -javaagent:C:\Users\mohamed\AppData\Local\JetBrains\IdeaIC2024.3\captureAgent\debugger-agent.jar -Dkotlinx.coroutines.debug.enable.creation.stack.trace=false -Ddebugger.agent.enable.coroutines=true -Dkotlinx.coroutines.debug.enable.flows.stack.trace=true -Dkotlinx.coroutines.debug.enable.mutable.state.flows.stack.trace=true -Dfile.encoding=UTF-8 -Dsun.stdout.encoding=UTF-8 -Dsun.stderr.encoding=UTF-8 com.intellij.rt.testng.RemoteTestNGStarter -usedefaultlisteners false -socket54912 @w@C:\Users\mohamed\AppData\Local\Temp\idea_working_dirs_testng.tmp -temp C:\Users\mohamed\AppData\Local\Temp\idea_testng.tmp

Host: Intel(R) Core(TM) i7-4710MQ CPU @ 2.50GHz, 8 cores, 15G,  Windows 11 , 64 bit Build 22621 (10.0.22621.3958)
Time: Tue Apr 15 17:56:57 2025 Egypt Standard Time elapsed time: 4.888632 seconds (0d 0h 0m 4s)

---------------  T H R E A D  ---------------

Current thread (0x000001af1699d260):  JavaThread "C2 CompilerThread1" daemon [_thread_in_native, id=18800, stack(0x0000005ff9b00000,0x0000005ff9c00000) (1024K)]


Current CompileTask:
C2:4888 2133   !   4       org.aspectj.weaver.ReferenceType::getSuperclass (170 bytes)

Stack: [0x0000005ff9b00000,0x0000005ff9c00000]
Native frames: (J=compiled Java code, j=interpreted, Vv=VM code, C=native code)
V  [jvm.dll+0x6e2279]  (no source info available)
V  [jvm.dll+0x874e33]  (no source info available)
V  [jvm.dll+0x87725e]  (no source info available)
V  [jvm.dll+0x877933]  (no source info available)
V  [jvm.dll+0x27fd76]  (no source info available)
V  [jvm.dll+0xc3d0f]  (no source info available)
V  [jvm.dll+0xc3f6b]  (no source info available)
V  [jvm.dll+0x3bb10c]  (no source info available)
V  [jvm.dll+0x387b6b]  (no source info available)
V  [jvm.dll+0x386fda]  (no source info available)
V  [jvm.dll+0x247918]  (no source info available)
V  [jvm.dll+0x246fbf]  (no source info available)
V  [jvm.dll+0x1c4e90]  (no source info available)
V  [jvm.dll+0x2569fe]  (no source info available)
V  [jvm.dll+0x254cba]  (no source info available)
V  [jvm.dll+0x3f5336]  (no source info available)
V  [jvm.dll+0x81d44b]  (no source info available)
V  [jvm.dll+0x6e0915]  (no source info available)
C  [ucrtbase.dll+0x29333]  (no source info available)
C  [KERNEL32.DLL+0x1257d]  (no source info available)
C  [ntdll.dll+0x5af08]  (no source info available)


---------------  P R O C E S S  ---------------

Threads class SMR info:
_java_thread_list=0x000001af16b9ad30, length=13, elements={
0x000001aeaf2a01a0, 0x000001aed03197a0, 0x000001aed031f420, 0x000001aed0322fe0,
0x000001aed0325b50, 0x000001aed0327770, 0x000001aed03281d0, 0x000001aed032af70,
0x000001aed032c2f0, 0x000001aed02e7570, 0x000001af1699d260, 0x000001af1640c410,
0x000001af16906170
}

Java Threads: ( => current thread )
  0x000001aeaf2a01a0 JavaThread "main"                              [_thread_in_Java, id=25608, stack(0x0000005ff8a00000,0x0000005ff8b00000) (1024K)]
  0x000001aed03197a0 JavaThread "Reference Handler"          daemon [_thread_blocked, id=26788, stack(0x0000005ff9200000,0x0000005ff9300000) (1024K)]
  0x000001aed031f420 JavaThread "Finalizer"                  daemon [_thread_blocked, id=1868, stack(0x0000005ff9300000,0x0000005ff9400000) (1024K)]
  0x000001aed0322fe0 JavaThread "Signal Dispatcher"          daemon [_thread_blocked, id=12800, stack(0x0000005ff9400000,0x0000005ff9500000) (1024K)]
  0x000001aed0325b50 JavaThread "Attach Listener"            daemon [_thread_blocked, id=11344, stack(0x0000005ff9500000,0x0000005ff9600000) (1024K)]
  0x000001aed0327770 JavaThread "Service Thread"             daemon [_thread_blocked, id=7976, stack(0x0000005ff9600000,0x0000005ff9700000) (1024K)]
  0x000001aed03281d0 JavaThread "Monitor Deflation Thread"   daemon [_thread_blocked, id=15352, stack(0x0000005ff9700000,0x0000005ff9800000) (1024K)]
  0x000001aed032af70 JavaThread "C2 CompilerThread0"         daemon [_thread_blocked, id=26620, stack(0x0000005ff9800000,0x0000005ff9900000) (1024K)]
  0x000001aed032c2f0 JavaThread "C1 CompilerThread0"         daemon [_thread_blocked, id=21976, stack(0x0000005ff9900000,0x0000005ff9a00000) (1024K)]
  0x000001aed02e7570 JavaThread "Common-Cleaner"             daemon [_thread_blocked, id=12060, stack(0x0000005ff9a00000,0x0000005ff9b00000) (1024K)]
=>0x000001af1699d260 JavaThread "C2 CompilerThread1"         daemon [_thread_in_native, id=18800, stack(0x0000005ff9b00000,0x0000005ff9c00000) (1024K)]
  0x000001af1640c410 JavaThread "Monitor Ctrl-Break"         daemon [_thread_in_native, id=10900, stack(0x0000005ff9c00000,0x0000005ff9d00000) (1024K)]
  0x000001af16906170 JavaThread "Notification Thread"        daemon [_thread_blocked, id=16312, stack(0x0000005ffa300000,0x0000005ffa400000) (1024K)]
Total: 13

Other Threads:
  0x000001aed02fbe60 VMThread "VM Thread"                           [id=20108, stack(0x0000005ff9100000,0x0000005ff9200000) (1024K)]
  0x000001aed02e4070 WatcherThread "VM Periodic Task Thread"        [id=21380, stack(0x0000005ff9000000,0x0000005ff9100000) (1024K)]
  0x000001aeaf309440 WorkerThread "GC Thread#0"                     [id=11592, stack(0x0000005ff8b00000,0x0000005ff8c00000) (1024K)]
  0x000001af1680d910 WorkerThread "GC Thread#1"                     [id=20824, stack(0x0000005ff9d00000,0x0000005ff9e00000) (1024K)]
  0x000001af1680dcc0 WorkerThread "GC Thread#2"                     [id=24884, stack(0x0000005ff9e00000,0x0000005ff9f00000) (1024K)]
  0x000001af168f3ce0 WorkerThread "GC Thread#3"                     [id=2152, stack(0x0000005ff9f00000,0x0000005ffa000000) (1024K)]
  0x000001af168f4090 WorkerThread "GC Thread#4"                     [id=21704, stack(0x0000005ffa000000,0x0000005ffa100000) (1024K)]
  0x000001af168f4440 WorkerThread "GC Thread#5"                     [id=17488, stack(0x0000005ffa100000,0x0000005ffa200000) (1024K)]
  0x000001af168f47f0 WorkerThread "GC Thread#6"                     [id=9620, stack(0x0000005ffa200000,0x0000005ffa300000) (1024K)]
  0x000001af172093f0 WorkerThread "GC Thread#7"                     [id=20156, stack(0x0000005ffa400000,0x0000005ffa500000) (1024K)]
  0x000001aeaf31a0f0 ConcurrentGCThread "G1 Main Marker"            [id=1372, stack(0x0000005ff8c00000,0x0000005ff8d00000) (1024K)]
  0x000001aeaf31a9b0 WorkerThread "G1 Conc#0"                       [id=11836, stack(0x0000005ff8d00000,0x0000005ff8e00000) (1024K)]
  0x000001aed01a5600 ConcurrentGCThread "G1 Refine#0"               [id=23732, stack(0x0000005ff8e00000,0x0000005ff8f00000) (1024K)]
  0x000001aed01a5f30 ConcurrentGCThread "G1 Service"                [id=27224, stack(0x0000005ff8f00000,0x0000005ff9000000) (1024K)]
Total: 14

Threads with active compile tasks:
C1 CompilerThread0  4972 2192       1       java.nio.DirectByteBuffer::attachment (5 bytes)
C2 CompilerThread1  4972 2133   !   4       org.aspectj.weaver.ReferenceType::getSuperclass (170 bytes)
Total: 2

VM state: not at safepoint (normal execution)

VM Mutex/Monitor currently owned by a thread: None

Heap address: 0x0000000700e00000, size: 4082 MB, Compressed Oops mode: Zero based, Oop shift amount: 3

CDS archive(s) mapped at: [0x000001aed1000000-0x000001aed1c60000-0x000001aed1c60000), size 12976128, SharedBaseAddress: 0x000001aed1000000, ArchiveRelocationMode: 1.
Compressed class space mapped at: 0x000001aed2000000-0x000001af12000000, reserved size: 1073741824
Narrow klass base: 0x000001aed1000000, Narrow klass shift: 0, Narrow klass range: 0x41000000

GC Precious Log:
 CardTable entry size: 512
 Card Set container configuration: InlinePtr #cards 4 size 8 Array Of Cards #cards 16 size 48 Howl #buckets 8 coarsen threshold 3686 Howl Bitmap #cards 512 size 80 coarsen threshold 460 Card regions per heap region 1 cards per card region 4096
 CPUs: 8 total, 8 available
 Memory: 16321M
 Large Page Support: Disabled
 NUMA Support: Disabled
 Compressed Oops: Enabled (Zero based)
 Heap Region Size: 2M
 Heap Min Capacity: 8M
 Heap Initial Capacity: 256M
 Heap Max Capacity: 4082M
 Pre-touch: Disabled
 Parallel Workers: 8
 Concurrent Workers: 2
 Concurrent Refinement Workers: 8
 Periodic GC: Disabled

Heap:
 garbage-first heap   total reserved 4179968K, committed 262144K, used 44240K [0x0000000700e00000, 0x0000000800000000)
  region size 2048K, 19 young (38912K), 3 survivors (6144K)
 Metaspace       used 12339K, committed 12544K, reserved 1114112K
  class space    used 1128K, committed 1216K, reserved 1048576K

Heap Regions: E=young(eden), S=young(survivor), O=old, HS=humongous(starts), HC=humongous(continues), CS=collection set, F=free, TAMS=top-at-mark-start, PB=parsable bottom
|   0|0x0000000700e00000, 0x0000000701000000, 0x0000000701000000|100%| O|  |TAMS 0x0000000700e00000| PB 0x0000000700e00000| Untracked |  0
|   1|0x0000000701000000, 0x0000000701200000, 0x0000000701200000|100%| O|  |TAMS 0x0000000701000000| PB 0x0000000701000000| Untracked |  0
|   2|0x0000000701200000, 0x0000000701400000, 0x0000000701400000|100%| O|  |TAMS 0x0000000701200000| PB 0x0000000701200000| Untracked |  0
|   3|0x0000000701400000, 0x00000007015341c0, 0x0000000701600000| 60%| O|  |TAMS 0x0000000701400000| PB 0x0000000701400000| Untracked |  0
|   4|0x0000000701600000, 0x0000000701600000, 0x0000000701800000|  0%| F|  |TAMS 0x0000000701600000| PB 0x0000000701600000| Untracked |  0
|   5|0x0000000701800000, 0x0000000701800000, 0x0000000701a00000|  0%| F|  |TAMS 0x0000000701800000| PB 0x0000000701800000| Untracked |  0
|   6|0x0000000701a00000, 0x0000000701a00000, 0x0000000701c00000|  0%| F|  |TAMS 0x0000000701a00000| PB 0x0000000701a00000| Untracked |  0
|   7|0x0000000701c00000, 0x0000000701c00000, 0x0000000701e00000|  0%| F|  |TAMS 0x0000000701c00000| PB 0x0000000701c00000| Untracked |  0
|   8|0x0000000701e00000, 0x0000000701e00000, 0x0000000702000000|  0%| F|  |TAMS 0x0000000701e00000| PB 0x0000000701e00000| Untracked |  0
|   9|0x0000000702000000, 0x0000000702000000, 0x0000000702200000|  0%| F|  |TAMS 0x0000000702000000| PB 0x0000000702000000| Untracked |  0
|  10|0x0000000702200000, 0x0000000702200000, 0x0000000702400000|  0%| F|  |TAMS 0x0000000702200000| PB 0x0000000702200000| Untracked |  0
|  11|0x0000000702400000, 0x0000000702400000, 0x0000000702600000|  0%| F|  |TAMS 0x0000000702400000| PB 0x0000000702400000| Untracked |  0
|  12|0x0000000702600000, 0x0000000702600000, 0x0000000702800000|  0%| F|  |TAMS 0x0000000702600000| PB 0x0000000702600000| Untracked |  0
|  13|0x0000000702800000, 0x0000000702800000, 0x0000000702a00000|  0%| F|  |TAMS 0x0000000702800000| PB 0x0000000702800000| Untracked |  0
|  14|0x0000000702a00000, 0x0000000702a00000, 0x0000000702c00000|  0%| F|  |TAMS 0x0000000702a00000| PB 0x0000000702a00000| Untracked |  0
|  15|0x0000000702c00000, 0x0000000702c00000, 0x0000000702e00000|  0%| F|  |TAMS 0x0000000702c00000| PB 0x0000000702c00000| Untracked |  0
|  16|0x0000000702e00000, 0x0000000702e00000, 0x0000000703000000|  0%| F|  |TAMS 0x0000000702e00000| PB 0x0000000702e00000| Untracked |  0
|  17|0x0000000703000000, 0x0000000703000000, 0x0000000703200000|  0%| F|  |TAMS 0x0000000703000000| PB 0x0000000703000000| Untracked |  0
|  18|0x0000000703200000, 0x0000000703200000, 0x0000000703400000|  0%| F|  |TAMS 0x0000000703200000| PB 0x0000000703200000| Untracked |  0
|  19|0x0000000703400000, 0x0000000703400000, 0x0000000703600000|  0%| F|  |TAMS 0x0000000703400000| PB 0x0000000703400000| Untracked |  0
|  20|0x0000000703600000, 0x0000000703600000, 0x0000000703800000|  0%| F|  |TAMS 0x0000000703600000| PB 0x0000000703600000| Untracked |  0
|  21|0x0000000703800000, 0x0000000703800000, 0x0000000703a00000|  0%| F|  |TAMS 0x0000000703800000| PB 0x0000000703800000| Untracked |  0
|  22|0x0000000703a00000, 0x0000000703a00000, 0x0000000703c00000|  0%| F|  |TAMS 0x0000000703a00000| PB 0x0000000703a00000| Untracked |  0
|  23|0x0000000703c00000, 0x0000000703c00000, 0x0000000703e00000|  0%| F|  |TAMS 0x0000000703c00000| PB 0x0000000703c00000| Untracked |  0
|  24|0x0000000703e00000, 0x0000000703e00000, 0x0000000704000000|  0%| F|  |TAMS 0x0000000703e00000| PB 0x0000000703e00000| Untracked |  0
|  25|0x0000000704000000, 0x0000000704000000, 0x0000000704200000|  0%| F|  |TAMS 0x0000000704000000| PB 0x0000000704000000| Untracked |  0
|  26|0x0000000704200000, 0x0000000704200000, 0x0000000704400000|  0%| F|  |TAMS 0x0000000704200000| PB 0x0000000704200000| Untracked |  0
|  27|0x0000000704400000, 0x0000000704400000, 0x0000000704600000|  0%| F|  |TAMS 0x0000000704400000| PB 0x0000000704400000| Untracked |  0
|  28|0x0000000704600000, 0x0000000704600000, 0x0000000704800000|  0%| F|  |TAMS 0x0000000704600000| PB 0x0000000704600000| Untracked |  0
|  29|0x0000000704800000, 0x0000000704800000, 0x0000000704a00000|  0%| F|  |TAMS 0x0000000704800000| PB 0x0000000704800000| Untracked |  0
|  30|0x0000000704a00000, 0x0000000704a00000, 0x0000000704c00000|  0%| F|  |TAMS 0x0000000704a00000| PB 0x0000000704a00000| Untracked |  0
|  31|0x0000000704c00000, 0x0000000704c00000, 0x0000000704e00000|  0%| F|  |TAMS 0x0000000704c00000| PB 0x0000000704c00000| Untracked |  0
|  32|0x0000000704e00000, 0x0000000704e00000, 0x0000000705000000|  0%| F|  |TAMS 0x0000000704e00000| PB 0x0000000704e00000| Untracked |  0
|  33|0x0000000705000000, 0x0000000705000000, 0x0000000705200000|  0%| F|  |TAMS 0x0000000705000000| PB 0x0000000705000000| Untracked |  0
|  34|0x0000000705200000, 0x0000000705200000, 0x0000000705400000|  0%| F|  |TAMS 0x0000000705200000| PB 0x0000000705200000| Untracked |  0
|  35|0x0000000705400000, 0x0000000705400000, 0x0000000705600000|  0%| F|  |TAMS 0x0000000705400000| PB 0x0000000705400000| Untracked |  0
|  36|0x0000000705600000, 0x0000000705600000, 0x0000000705800000|  0%| F|  |TAMS 0x0000000705600000| PB 0x0000000705600000| Untracked |  0
|  37|0x0000000705800000, 0x0000000705800000, 0x0000000705a00000|  0%| F|  |TAMS 0x0000000705800000| PB 0x0000000705800000| Untracked |  0
|  38|0x0000000705a00000, 0x0000000705a00000, 0x0000000705c00000|  0%| F|  |TAMS 0x0000000705a00000| PB 0x0000000705a00000| Untracked |  0
|  39|0x0000000705c00000, 0x0000000705c00000, 0x0000000705e00000|  0%| F|  |TAMS 0x0000000705c00000| PB 0x0000000705c00000| Untracked |  0
|  40|0x0000000705e00000, 0x0000000705e00000, 0x0000000706000000|  0%| F|  |TAMS 0x0000000705e00000| PB 0x0000000705e00000| Untracked |  0
|  41|0x0000000706000000, 0x0000000706000000, 0x0000000706200000|  0%| F|  |TAMS 0x0000000706000000| PB 0x0000000706000000| Untracked |  0
|  42|0x0000000706200000, 0x0000000706200000, 0x0000000706400000|  0%| F|  |TAMS 0x0000000706200000| PB 0x0000000706200000| Untracked |  0
|  43|0x0000000706400000, 0x0000000706400000, 0x0000000706600000|  0%| F|  |TAMS 0x0000000706400000| PB 0x0000000706400000| Untracked |  0
|  44|0x0000000706600000, 0x0000000706600000, 0x0000000706800000|  0%| F|  |TAMS 0x0000000706600000| PB 0x0000000706600000| Untracked |  0
|  45|0x0000000706800000, 0x0000000706800000, 0x0000000706a00000|  0%| F|  |TAMS 0x0000000706800000| PB 0x0000000706800000| Untracked |  0
|  46|0x0000000706a00000, 0x0000000706a00000, 0x0000000706c00000|  0%| F|  |TAMS 0x0000000706a00000| PB 0x0000000706a00000| Untracked |  0
|  47|0x0000000706c00000, 0x0000000706c00000, 0x0000000706e00000|  0%| F|  |TAMS 0x0000000706c00000| PB 0x0000000706c00000| Untracked |  0
|  48|0x0000000706e00000, 0x0000000706e00000, 0x0000000707000000|  0%| F|  |TAMS 0x0000000706e00000| PB 0x0000000706e00000| Untracked |  0
|  49|0x0000000707000000, 0x0000000707000000, 0x0000000707200000|  0%| F|  |TAMS 0x0000000707000000| PB 0x0000000707000000| Untracked |  0
|  50|0x0000000707200000, 0x0000000707200000, 0x0000000707400000|  0%| F|  |TAMS 0x0000000707200000| PB 0x0000000707200000| Untracked |  0
|  51|0x0000000707400000, 0x0000000707400000, 0x0000000707600000|  0%| F|  |TAMS 0x0000000707400000| PB 0x0000000707400000| Untracked |  0
|  52|0x0000000707600000, 0x0000000707600000, 0x0000000707800000|  0%| F|  |TAMS 0x0000000707600000| PB 0x0000000707600000| Untracked |  0
|  53|0x0000000707800000, 0x0000000707800000, 0x0000000707a00000|  0%| F|  |TAMS 0x0000000707800000| PB 0x0000000707800000| Untracked |  0
|  54|0x0000000707a00000, 0x0000000707a00000, 0x0000000707c00000|  0%| F|  |TAMS 0x0000000707a00000| PB 0x0000000707a00000| Untracked |  0
|  55|0x0000000707c00000, 0x0000000707c00000, 0x0000000707e00000|  0%| F|  |TAMS 0x0000000707c00000| PB 0x0000000707c00000| Untracked |  0
|  56|0x0000000707e00000, 0x0000000707e00000, 0x0000000708000000|  0%| F|  |TAMS 0x0000000707e00000| PB 0x0000000707e00000| Untracked |  0
|  57|0x0000000708000000, 0x0000000708000000, 0x0000000708200000|  0%| F|  |TAMS 0x0000000708000000| PB 0x0000000708000000| Untracked |  0
|  58|0x0000000708200000, 0x0000000708200000, 0x0000000708400000|  0%| F|  |TAMS 0x0000000708200000| PB 0x0000000708200000| Untracked |  0
|  59|0x0000000708400000, 0x0000000708400000, 0x0000000708600000|  0%| F|  |TAMS 0x0000000708400000| PB 0x0000000708400000| Untracked |  0
|  60|0x0000000708600000, 0x0000000708600000, 0x0000000708800000|  0%| F|  |TAMS 0x0000000708600000| PB 0x0000000708600000| Untracked |  0
|  61|0x0000000708800000, 0x0000000708800000, 0x0000000708a00000|  0%| F|  |TAMS 0x0000000708800000| PB 0x0000000708800000| Untracked |  0
|  62|0x0000000708a00000, 0x0000000708a00000, 0x0000000708c00000|  0%| F|  |TAMS 0x0000000708a00000| PB 0x0000000708a00000| Untracked |  0
|  63|0x0000000708c00000, 0x0000000708c00000, 0x0000000708e00000|  0%| F|  |TAMS 0x0000000708c00000| PB 0x0000000708c00000| Untracked |  0
|  64|0x0000000708e00000, 0x0000000708e00000, 0x0000000709000000|  0%| F|  |TAMS 0x0000000708e00000| PB 0x0000000708e00000| Untracked |  0
|  65|0x0000000709000000, 0x0000000709000000, 0x0000000709200000|  0%| F|  |TAMS 0x0000000709000000| PB 0x0000000709000000| Untracked |  0
|  66|0x0000000709200000, 0x0000000709200000, 0x0000000709400000|  0%| F|  |TAMS 0x0000000709200000| PB 0x0000000709200000| Untracked |  0
|  67|0x0000000709400000, 0x0000000709400000, 0x0000000709600000|  0%| F|  |TAMS 0x0000000709400000| PB 0x0000000709400000| Untracked |  0
|  68|0x0000000709600000, 0x0000000709600000, 0x0000000709800000|  0%| F|  |TAMS 0x0000000709600000| PB 0x0000000709600000| Untracked |  0
|  69|0x0000000709800000, 0x0000000709800000, 0x0000000709a00000|  0%| F|  |TAMS 0x0000000709800000| PB 0x0000000709800000| Untracked |  0
|  70|0x0000000709a00000, 0x0000000709a00000, 0x0000000709c00000|  0%| F|  |TAMS 0x0000000709a00000| PB 0x0000000709a00000| Untracked |  0
|  71|0x0000000709c00000, 0x0000000709c00000, 0x0000000709e00000|  0%| F|  |TAMS 0x0000000709c00000| PB 0x0000000709c00000| Untracked |  0
|  72|0x0000000709e00000, 0x0000000709e00000, 0x000000070a000000|  0%| F|  |TAMS 0x0000000709e00000| PB 0x0000000709e00000| Untracked |  0
|  73|0x000000070a000000, 0x000000070a000000, 0x000000070a200000|  0%| F|  |TAMS 0x000000070a000000| PB 0x000000070a000000| Untracked |  0
|  74|0x000000070a200000, 0x000000070a200000, 0x000000070a400000|  0%| F|  |TAMS 0x000000070a200000| PB 0x000000070a200000| Untracked |  0
|  75|0x000000070a400000, 0x000000070a400000, 0x000000070a600000|  0%| F|  |TAMS 0x000000070a400000| PB 0x000000070a400000| Untracked |  0
|  76|0x000000070a600000, 0x000000070a600000, 0x000000070a800000|  0%| F|  |TAMS 0x000000070a600000| PB 0x000000070a600000| Untracked |  0
|  77|0x000000070a800000, 0x000000070a800000, 0x000000070aa00000|  0%| F|  |TAMS 0x000000070a800000| PB 0x000000070a800000| Untracked |  0
|  78|0x000000070aa00000, 0x000000070aa00000, 0x000000070ac00000|  0%| F|  |TAMS 0x000000070aa00000| PB 0x000000070aa00000| Untracked |  0
|  79|0x000000070ac00000, 0x000000070ac00000, 0x000000070ae00000|  0%| F|  |TAMS 0x000000070ac00000| PB 0x000000070ac00000| Untracked |  0
|  80|0x000000070ae00000, 0x000000070ae00000, 0x000000070b000000|  0%| F|  |TAMS 0x000000070ae00000| PB 0x000000070ae00000| Untracked |  0
|  81|0x000000070b000000, 0x000000070b000000, 0x000000070b200000|  0%| F|  |TAMS 0x000000070b000000| PB 0x000000070b000000| Untracked |  0
|  82|0x000000070b200000, 0x000000070b200000, 0x000000070b400000|  0%| F|  |TAMS 0x000000070b200000| PB 0x000000070b200000| Untracked |  0
|  83|0x000000070b400000, 0x000000070b400000, 0x000000070b600000|  0%| F|  |TAMS 0x000000070b400000| PB 0x000000070b400000| Untracked |  0
|  84|0x000000070b600000, 0x000000070b600000, 0x000000070b800000|  0%| F|  |TAMS 0x000000070b600000| PB 0x000000070b600000| Untracked |  0
|  85|0x000000070b800000, 0x000000070b800000, 0x000000070ba00000|  0%| F|  |TAMS 0x000000070b800000| PB 0x000000070b800000| Untracked |  0
|  86|0x000000070ba00000, 0x000000070ba00000, 0x000000070bc00000|  0%| F|  |TAMS 0x000000070ba00000| PB 0x000000070ba00000| Untracked |  0
|  87|0x000000070bc00000, 0x000000070bc00000, 0x000000070be00000|  0%| F|  |TAMS 0x000000070bc00000| PB 0x000000070bc00000| Untracked |  0
|  88|0x000000070be00000, 0x000000070be00000, 0x000000070c000000|  0%| F|  |TAMS 0x000000070be00000| PB 0x000000070be00000| Untracked |  0
|  89|0x000000070c000000, 0x000000070c000000, 0x000000070c200000|  0%| F|  |TAMS 0x000000070c000000| PB 0x000000070c000000| Untracked |  0
|  90|0x000000070c200000, 0x000000070c200000, 0x000000070c400000|  0%| F|  |TAMS 0x000000070c200000| PB 0x000000070c200000| Untracked |  0
|  91|0x000000070c400000, 0x000000070c400000, 0x000000070c600000|  0%| F|  |TAMS 0x000000070c400000| PB 0x000000070c400000| Untracked |  0
|  92|0x000000070c600000, 0x000000070c600000, 0x000000070c800000|  0%| F|  |TAMS 0x000000070c600000| PB 0x000000070c600000| Untracked |  0
|  93|0x000000070c800000, 0x000000070c800000, 0x000000070ca00000|  0%| F|  |TAMS 0x000000070c800000| PB 0x000000070c800000| Untracked |  0
|  94|0x000000070ca00000, 0x000000070ca00000, 0x000000070cc00000|  0%| F|  |TAMS 0x000000070ca00000| PB 0x000000070ca00000| Untracked |  0
|  95|0x000000070cc00000, 0x000000070cc00000, 0x000000070ce00000|  0%| F|  |TAMS 0x000000070cc00000| PB 0x000000070cc00000| Untracked |  0
|  96|0x000000070ce00000, 0x000000070ce00000, 0x000000070d000000|  0%| F|  |TAMS 0x000000070ce00000| PB 0x000000070ce00000| Untracked |  0
|  97|0x000000070d000000, 0x000000070d000000, 0x000000070d200000|  0%| F|  |TAMS 0x000000070d000000| PB 0x000000070d000000| Untracked |  0
|  98|0x000000070d200000, 0x000000070d200000, 0x000000070d400000|  0%| F|  |TAMS 0x000000070d200000| PB 0x000000070d200000| Untracked |  0
|  99|0x000000070d400000, 0x000000070d400000, 0x000000070d600000|  0%| F|  |TAMS 0x000000070d400000| PB 0x000000070d400000| Untracked |  0
| 100|0x000000070d600000, 0x000000070d600000, 0x000000070d800000|  0%| F|  |TAMS 0x000000070d600000| PB 0x000000070d600000| Untracked |  0
| 101|0x000000070d800000, 0x000000070d800000, 0x000000070da00000|  0%| F|  |TAMS 0x000000070d800000| PB 0x000000070d800000| Untracked |  0
| 102|0x000000070da00000, 0x000000070da00000, 0x000000070dc00000|  0%| F|  |TAMS 0x000000070da00000| PB 0x000000070da00000| Untracked |  0
| 103|0x000000070dc00000, 0x000000070dc00000, 0x000000070de00000|  0%| F|  |TAMS 0x000000070dc00000| PB 0x000000070dc00000| Untracked |  0
| 104|0x000000070de00000, 0x000000070de00000, 0x000000070e000000|  0%| F|  |TAMS 0x000000070de00000| PB 0x000000070de00000| Untracked |  0
| 105|0x000000070e000000, 0x000000070e200000, 0x000000070e200000|100%| S|CS|TAMS 0x000000070e000000| PB 0x000000070e000000| Complete |  0
| 106|0x000000070e200000, 0x000000070e400000, 0x000000070e400000|100%| S|CS|TAMS 0x000000070e200000| PB 0x000000070e200000| Complete |  0
| 107|0x000000070e400000, 0x000000070e600000, 0x000000070e600000|100%| S|CS|TAMS 0x000000070e400000| PB 0x000000070e400000| Complete |  0
| 108|0x000000070e600000, 0x000000070e600000, 0x000000070e800000|  0%| F|  |TAMS 0x000000070e600000| PB 0x000000070e600000| Untracked |  0
| 109|0x000000070e800000, 0x000000070e800000, 0x000000070ea00000|  0%| F|  |TAMS 0x000000070e800000| PB 0x000000070e800000| Untracked |  0
| 110|0x000000070ea00000, 0x000000070ea00000, 0x000000070ec00000|  0%| F|  |TAMS 0x000000070ea00000| PB 0x000000070ea00000| Untracked |  0
| 111|0x000000070ec00000, 0x000000070ec00000, 0x000000070ee00000|  0%| F|  |TAMS 0x000000070ec00000| PB 0x000000070ec00000| Untracked |  0
| 112|0x000000070ee00000, 0x000000070ef4a440, 0x000000070f000000| 64%| E|  |TAMS 0x000000070ee00000| PB 0x000000070ee00000| Complete |  0
| 113|0x000000070f000000, 0x000000070f200000, 0x000000070f200000|100%| E|CS|TAMS 0x000000070f000000| PB 0x000000070f000000| Complete |  0
| 114|0x000000070f200000, 0x000000070f400000, 0x000000070f400000|100%| E|CS|TAMS 0x000000070f200000| PB 0x000000070f200000| Complete |  0
| 115|0x000000070f400000, 0x000000070f600000, 0x000000070f600000|100%| E|CS|TAMS 0x000000070f400000| PB 0x000000070f400000| Complete |  0
| 116|0x000000070f600000, 0x000000070f800000, 0x000000070f800000|100%| E|CS|TAMS 0x000000070f600000| PB 0x000000070f600000| Complete |  0
| 117|0x000000070f800000, 0x000000070fa00000, 0x000000070fa00000|100%| E|CS|TAMS 0x000000070f800000| PB 0x000000070f800000| Complete |  0
| 118|0x000000070fa00000, 0x000000070fc00000, 0x000000070fc00000|100%| E|CS|TAMS 0x000000070fa00000| PB 0x000000070fa00000| Complete |  0
| 119|0x000000070fc00000, 0x000000070fe00000, 0x000000070fe00000|100%| E|CS|TAMS 0x000000070fc00000| PB 0x000000070fc00000| Complete |  0
| 120|0x000000070fe00000, 0x0000000710000000, 0x0000000710000000|100%| E|CS|TAMS 0x000000070fe00000| PB 0x000000070fe00000| Complete |  0
| 121|0x0000000710000000, 0x0000000710200000, 0x0000000710200000|100%| E|CS|TAMS 0x0000000710000000| PB 0x0000000710000000| Complete |  0
| 122|0x0000000710200000, 0x0000000710400000, 0x0000000710400000|100%| E|CS|TAMS 0x0000000710200000| PB 0x0000000710200000| Complete |  0
| 123|0x0000000710400000, 0x0000000710600000, 0x0000000710600000|100%| E|CS|TAMS 0x0000000710400000| PB 0x0000000710400000| Complete |  0
| 124|0x0000000710600000, 0x0000000710800000, 0x0000000710800000|100%| E|CS|TAMS 0x0000000710600000| PB 0x0000000710600000| Complete |  0
| 125|0x0000000710800000, 0x0000000710a00000, 0x0000000710a00000|100%| E|CS|TAMS 0x0000000710800000| PB 0x0000000710800000| Complete |  0
| 126|0x0000000710a00000, 0x0000000710c00000, 0x0000000710c00000|100%| E|CS|TAMS 0x0000000710a00000| PB 0x0000000710a00000| Complete |  0
| 127|0x0000000710c00000, 0x0000000710e00000, 0x0000000710e00000|100%| E|CS|TAMS 0x0000000710c00000| PB 0x0000000710c00000| Complete |  0

Card table byte_map: [0x000001aec9060000,0x000001aec9860000] _byte_map_base: 0x000001aec5859000

Marking Bits: (CMBitMap*) 0x000001aeaf309900
 Bits: [0x000001aec9860000, 0x000001aecd828000)

Polling page: 0x000001aeaf350000

Metaspace:

Usage:
  Non-class:     10.97 MB used.
      Class:      1.10 MB used.
       Both:     12.07 MB used.

Virtual space:
  Non-class space:       64.00 MB reserved,      11.06 MB ( 17%) committed,  1 nodes.
      Class space:        1.00 GB reserved,       1.19 MB ( <1%) committed,  1 nodes.
             Both:        1.06 GB reserved,      12.25 MB (  1%) committed. 

Chunk freelists:
   Non-Class:  4.77 MB
       Class:  14.84 MB
        Both:  19.61 MB

MaxMetaspaceSize: unlimited
CompressedClassSpaceSize: 1.00 GB
Initial GC threshold: 21.00 MB
Current GC threshold: 21.00 MB
CDS: on
 - commit_granule_bytes: 65536.
 - commit_granule_words: 8192.
 - virtual_space_node_default_size: 8388608.
 - enlarge_chunks_in_place: 1.
 - use_allocation_guard: 0.


Internal statistics:

num_allocs_failed_limit: 0.
num_arena_births: 88.
num_arena_deaths: 0.
num_vsnodes_births: 2.
num_vsnodes_deaths: 0.
num_space_committed: 196.
num_space_uncommitted: 0.
num_chunks_returned_to_freelist: 0.
num_chunks_taken_from_freelist: 357.
num_chunk_merges: 0.
num_chunk_splits: 281.
num_chunks_enlarged: 242.
num_inconsistent_stats: 0.

CodeHeap 'non-profiled nmethods': size=120000Kb used=1245Kb max_used=1245Kb free=118754Kb
 bounds [0x000001aec08c0000, 0x000001aec0b30000, 0x000001aec7df0000]
CodeHeap 'profiled nmethods': size=120000Kb used=5395Kb max_used=5395Kb free=114604Kb
 bounds [0x000001aeb8df0000, 0x000001aeb9340000, 0x000001aec0320000]
CodeHeap 'non-nmethods': size=5760Kb used=1397Kb max_used=1438Kb free=4362Kb
 bounds [0x000001aec0320000, 0x000001aec0590000, 0x000001aec08c0000]
 total_blobs=2681 nmethods=2190 adapters=395
 compilation: enabled
              stopped_count=0, restarted_count=0
 full_count=0

Compilation events (20 events):
Event: 4.795 Thread 0x000001aed032c2f0 2153       3       java.util.regex.Pattern::compile (10 bytes)
Event: 4.795 Thread 0x000001aed032c2f0 nmethod 2153 0x000001aeb9300310 code [0x000001aeb93004c0, 0x000001aeb9300658]
Event: 4.795 Thread 0x000001aed032c2f0 2157   !   3       org.aspectj.apache.bcel.classfile.LineNumberTable::unpack (106 bytes)
Event: 4.799 Thread 0x000001aed032c2f0 nmethod 2157 0x000001aeb9300710 code [0x000001aeb9300b00, 0x000001aeb9302b88]
Event: 4.799 Thread 0x000001aed032c2f0 2154   !   3       java.util.regex.Pattern::<init> (144 bytes)
Event: 4.800 Thread 0x000001aed032c2f0 nmethod 2154 0x000001aeb9303910 code [0x000001aeb9303c20, 0x000001aeb9304cb0]
Event: 4.800 Thread 0x000001aed032c2f0 2155       3       org.aspectj.weaver.UnresolvedType::getDimensions (15 bytes)
Event: 4.801 Thread 0x000001aed032c2f0 nmethod 2155 0x000001aeb9305290 code [0x000001aeb9305480, 0x000001aeb93058a0]
Event: 4.801 Thread 0x000001aed032c2f0 2156       3       java.lang.String::replaceAll (13 bytes)
Event: 4.801 Thread 0x000001aed032c2f0 nmethod 2156 0x000001aeb9305b10 code [0x000001aeb9305ce0, 0x000001aeb9305f78]
Event: 4.805 Thread 0x000001aed032c2f0 2158       3       java.util.jar.JavaUtilJarAccessImpl::getTrustedAttributes (6 bytes)
Event: 4.806 Thread 0x000001aed032c2f0 nmethod 2158 0x000001aeb9306110 code [0x000001aeb93062c0, 0x000001aeb9306410]
Event: 4.815 Thread 0x000001aed032af70 nmethod 2117 0x000001aec09ed290 code [0x000001aec09ed560, 0x000001aec09ee920]
Event: 4.815 Thread 0x000001aed032af70 2152       4       org.aspectj.weaver.TypeFactory::createTypeFromSignature (985 bytes)
Event: 4.820 Thread 0x000001aed032c2f0 2159       3       org.aspectj.weaver.bcel.BcelWeaver::weave (1242 bytes)
Event: 4.841 Thread 0x000001aed032c2f0 nmethod 2159 0x000001aeb9306510 code [0x000001aeb9307940, 0x000001aeb93153d0]
Event: 4.874 Thread 0x000001aed032c2f0 2161       1       org.aspectj.apache.bcel.generic.Type::getSignature (5 bytes)
Event: 4.874 Thread 0x000001aed032c2f0 nmethod 2161 0x000001aec09ef610 code [0x000001aec09ef7a0, 0x000001aec09ef870]
Event: 4.875 Thread 0x000001aed032c2f0 2162       3       org.aspectj.weaver.ArrayReferenceType::isPrimitiveType (16 bytes)
Event: 4.875 Thread 0x000001aed032c2f0 nmethod 2162 0x000001aeb931a110 code [0x000001aeb931a2a0, 0x000001aeb931a410]

GC Heap History (4 events):
Event: 1.861 GC heap before
{Heap before GC invocations=0 (full 0):
 garbage-first heap   total reserved 4179968K, committed 262144K, used 22528K [0x0000000700e00000, 0x0000000800000000)
  region size 2048K, 12 young (24576K), 0 survivors (0K)
 Metaspace       used 7190K, committed 7424K, reserved 1114112K
  class space    used 673K, committed 768K, reserved 1048576K
}
Event: 1.870 GC heap after
{Heap after GC invocations=1 (full 0):
 garbage-first heap   total reserved 4179968K, committed 262144K, used 5300K [0x0000000700e00000, 0x0000000800000000)
  region size 2048K, 2 young (4096K), 2 survivors (4096K)
 Metaspace       used 7190K, committed 7424K, reserved 1114112K
  class space    used 673K, committed 768K, reserved 1048576K
}
Event: 4.158 GC heap before
{Heap before GC invocations=1 (full 0):
 garbage-first heap   total reserved 4179968K, committed 262144K, used 40116K [0x0000000700e00000, 0x0000000800000000)
  region size 2048K, 20 young (40960K), 2 survivors (4096K)
 Metaspace       used 11087K, committed 11328K, reserved 1114112K
  class space    used 1038K, committed 1152K, reserved 1048576K
}
Event: 4.170 GC heap after
{Heap after GC invocations=2 (full 0):
 garbage-first heap   total reserved 4179968K, committed 262144K, used 13520K [0x0000000700e00000, 0x0000000800000000)
  region size 2048K, 3 young (6144K), 3 survivors (6144K)
 Metaspace       used 11087K, committed 11328K, reserved 1114112K
  class space    used 1038K, committed 1152K, reserved 1048576K
}

Dll operation events (10 events):
Event: 0.048 Loaded shared library C:\Program Files\Java\jdk-22\bin\java.dll
Event: 0.050 Loaded shared library C:\Program Files\Java\jdk-22\bin\zip.dll
Event: 0.197 Loaded shared library C:\Program Files\Java\jdk-22\bin\jsvml.dll
Event: 0.479 Loaded shared library C:\Program Files\Java\jdk-22\bin\instrument.dll
Event: 0.487 Loaded shared library C:\Program Files\Java\jdk-22\bin\net.dll
Event: 0.490 Loaded shared library C:\Program Files\Java\jdk-22\bin\nio.dll
Event: 0.537 Loaded shared library C:\Program Files\Java\jdk-22\bin\zip.dll
Event: 0.884 Loaded shared library C:\Program Files\Java\jdk-22\bin\jimage.dll
Event: 0.940 Loaded shared library C:\Program Files\Java\jdk-22\bin\verify.dll
Event: 1.839 Loaded shared library C:\Program Files\Java\jdk-22\bin\extnet.dll

Deoptimization events (20 events):
Event: 4.375 Thread 0x000001aeaf2a01a0 Uncommon trap: trap_request=0xffffffd6 fr.pc=0x000001aec09d59f4 relative=0x0000000000001914
Event: 4.375 Thread 0x000001aeaf2a01a0 Uncommon trap: reason=array_check action=maybe_recompile pc=0x000001aec09d59f4 method=org.aspectj.weaver.bcel.BcelMethod.ensureAnnotationsRetrieved()V @ 114 c2
Event: 4.375 Thread 0x000001aeaf2a01a0 DEOPT PACKING pc=0x000001aec09d59f4 sp=0x0000005ff8af7ea0
Event: 4.376 Thread 0x000001aeaf2a01a0 DEOPT UNPACKING pc=0x000001aec03746a2 sp=0x0000005ff8af7d58 mode 2
Event: 4.385 Thread 0x000001aeaf2a01a0 Uncommon trap: trap_request=0xffffffd6 fr.pc=0x000001aec09d59f4 relative=0x0000000000001914
Event: 4.385 Thread 0x000001aeaf2a01a0 Uncommon trap: reason=array_check action=maybe_recompile pc=0x000001aec09d59f4 method=org.aspectj.weaver.bcel.BcelMethod.ensureAnnotationsRetrieved()V @ 114 c2
Event: 4.385 Thread 0x000001aeaf2a01a0 DEOPT PACKING pc=0x000001aec09d59f4 sp=0x0000005ff8af66d0
Event: 4.385 Thread 0x000001aeaf2a01a0 DEOPT UNPACKING pc=0x000001aec03746a2 sp=0x0000005ff8af6588 mode 2
Event: 4.385 Thread 0x000001aeaf2a01a0 Uncommon trap: trap_request=0xffffffd6 fr.pc=0x000001aec09d59f4 relative=0x0000000000001914
Event: 4.385 Thread 0x000001aeaf2a01a0 Uncommon trap: reason=array_check action=maybe_recompile pc=0x000001aec09d59f4 method=org.aspectj.weaver.bcel.BcelMethod.ensureAnnotationsRetrieved()V @ 114 c2
Event: 4.385 Thread 0x000001aeaf2a01a0 DEOPT PACKING pc=0x000001aec09d59f4 sp=0x0000005ff8af66d0
Event: 4.385 Thread 0x000001aeaf2a01a0 DEOPT UNPACKING pc=0x000001aec03746a2 sp=0x0000005ff8af6588 mode 2
Event: 4.414 Thread 0x000001aeaf2a01a0 Uncommon trap: trap_request=0xffffffd6 fr.pc=0x000001aec09d59f4 relative=0x0000000000001914
Event: 4.414 Thread 0x000001aeaf2a01a0 Uncommon trap: reason=array_check action=maybe_recompile pc=0x000001aec09d59f4 method=org.aspectj.weaver.bcel.BcelMethod.ensureAnnotationsRetrieved()V @ 114 c2
Event: 4.414 Thread 0x000001aeaf2a01a0 DEOPT PACKING pc=0x000001aec09d59f4 sp=0x0000005ff8af7f50
Event: 4.414 Thread 0x000001aeaf2a01a0 DEOPT UNPACKING pc=0x000001aec03746a2 sp=0x0000005ff8af7e08 mode 2
Event: 4.561 Thread 0x000001aeaf2a01a0 Uncommon trap: trap_request=0xffffffcc fr.pc=0x000001aec09e1efc relative=0x000000000000033c
Event: 4.561 Thread 0x000001aeaf2a01a0 Uncommon trap: reason=intrinsic_or_type_checked_inlining action=make_not_entrant pc=0x000001aec09e1efc method=java.util.Arrays.copyOf([Ljava/lang/Object;ILjava/lang/Class;)[Ljava/lang/Object; @ 35 c2
Event: 4.561 Thread 0x000001aeaf2a01a0 DEOPT PACKING pc=0x000001aec09e1efc sp=0x0000005ff8af7fc0
Event: 4.561 Thread 0x000001aeaf2a01a0 DEOPT UNPACKING pc=0x000001aec03746a2 sp=0x0000005ff8af7f50 mode 2

Classes loaded (20 events):
Event: 4.818 Loading class io/qameta/allure/internal/shadowed/jackson/databind/jsontype/TypeResolverBuilder
Event: 4.818 Loading class io/qameta/allure/internal/shadowed/jackson/databind/jsontype/TypeResolverBuilder done
Event: 4.833 Loading class io/qameta/allure/internal/shadowed/jackson/databind/introspect/AnnotationIntrospectorPair
Event: 4.833 Loading class io/qameta/allure/internal/shadowed/jackson/databind/introspect/AnnotationIntrospectorPair done
Event: 4.838 Loading class io/qameta/allure/internal/shadowed/jackson/databind/introspect/NopAnnotationIntrospector
Event: 4.838 Loading class io/qameta/allure/internal/shadowed/jackson/databind/introspect/NopAnnotationIntrospector done
Event: 4.843 Loading class io/qameta/allure/internal/shadowed/jackson/databind/introspect/Annotated
Event: 4.843 Loading class io/qameta/allure/internal/shadowed/jackson/databind/introspect/Annotated done
Event: 4.846 Loading class io/qameta/allure/internal/shadowed/jackson/databind/introspect/AnnotatedClass
Event: 4.846 Loading class io/qameta/allure/internal/shadowed/jackson/databind/introspect/AnnotatedClass done
Event: 4.857 Loading class io/qameta/allure/internal/shadowed/jackson/databind/introspect/TypeResolutionContext
Event: 4.857 Loading class io/qameta/allure/internal/shadowed/jackson/databind/introspect/TypeResolutionContext done
Event: 4.859 Loading class io/qameta/allure/internal/shadowed/jackson/databind/introspect/AnnotatedMember
Event: 4.859 Loading class io/qameta/allure/internal/shadowed/jackson/databind/introspect/AnnotatedMember done
Event: 4.872 Loading class io/qameta/allure/internal/shadowed/jackson/databind/introspect/AnnotatedMethod
Event: 4.872 Loading class io/qameta/allure/internal/shadowed/jackson/databind/introspect/AnnotatedMethod done
Event: 4.875 Loading class io/qameta/allure/internal/shadowed/jackson/databind/introspect/AnnotatedWithParams
Event: 4.875 Loading class io/qameta/allure/internal/shadowed/jackson/databind/introspect/AnnotatedWithParams done
Event: 4.883 Loading class io/qameta/allure/internal/shadowed/jackson/databind/introspect/VirtualAnnotatedMember
Event: 4.883 Loading class io/qameta/allure/internal/shadowed/jackson/databind/introspect/VirtualAnnotatedMember done

Classes unloaded (0 events):
No events

Classes redefined (1 events):
Event: 1.854 Thread 0x000001aed02fbe60 redefined class name=java.lang.Throwable, count=1

Internal exceptions (20 events):
Event: 1.688 Thread 0x000001aeaf2a01a0 Exception <a 'java/lang/ArrayIndexOutOfBoundsException'{0x000000070fad9b08}: Index 9 out of bounds for length 9> (0x000000070fad9b08) 
thrown [s\open\src\hotspot\share\interpreter\interpreterRuntime.cpp, line 436]
Event: 1.688 Thread 0x000001aeaf2a01a0 Exception <a 'java/lang/ArrayIndexOutOfBoundsException'{0x000000070fada0e0}: Index 9 out of bounds for length 9> (0x000000070fada0e0) 
thrown [s\open\src\hotspot\share\interpreter\interpreterRuntime.cpp, line 436]
Event: 1.689 Thread 0x000001aeaf2a01a0 Exception <a 'java/lang/ArrayIndexOutOfBoundsException'{0x000000070fae02c0}: Index 7 out of bounds for length 7> (0x000000070fae02c0) 
thrown [s\open\src\hotspot\share\interpreter\interpreterRuntime.cpp, line 436]
Event: 1.689 Thread 0x000001aeaf2a01a0 Exception <a 'java/lang/ArrayIndexOutOfBoundsException'{0x000000070fae0898}: Index 7 out of bounds for length 7> (0x000000070fae0898) 
thrown [s\open\src\hotspot\share\interpreter\interpreterRuntime.cpp, line 436]
Event: 1.689 Thread 0x000001aeaf2a01a0 Exception <a 'java/lang/ArrayIndexOutOfBoundsException'{0x000000070fae0e70}: Index 7 out of bounds for length 7> (0x000000070fae0e70) 
thrown [s\open\src\hotspot\share\interpreter\interpreterRuntime.cpp, line 436]
Event: 1.842 Thread 0x000001af1640c410 Exception <a 'java/lang/NoSuchMethodError'{0x000000070f77b9f0}: 'void java.lang.invoke.DirectMethodHandle$Holder.invokeStatic(java.lang.Object, java.lang.Object)'> (0x000000070f77b9f0) 
thrown [s\open\src\hotspot\share\interpreter\linkResolver.cpp, line 774]
Event: 2.253 Thread 0x000001aeaf2a01a0 Exception <a 'java/lang/NoSuchMethodError'{0x000000071050a1a0}: 'java.lang.Object java.lang.invoke.DirectMethodHandle$Holder.invokeVirtual(java.lang.Object, java.lang.Object, java.lang.Object)'> (0x000000071050a1a0) 
thrown [s\open\src\hotspot\share\interpreter\linkResolver.cpp, line 774]
Event: 2.345 Thread 0x000001aeaf2a01a0 Exception <a 'java/lang/NoSuchMethodError'{0x00000007103f2480}: 'int java.lang.invoke.DirectMethodHandle$Holder.invokeStaticInit(java.lang.Object, java.lang.Object)'> (0x00000007103f2480) 
thrown [s\open\src\hotspot\share\interpreter\linkResolver.cpp, line 774]
Event: 3.061 Thread 0x000001aeaf2a01a0 Exception <a 'java/lang/NoSuchMethodError'{0x000000070f85a118}: 'int java.lang.invoke.DirectMethodHandle$Holder.invokeSpecial(java.lang.Object, java.lang.Object, java.lang.Object)'> (0x000000070f85a118) 
thrown [s\open\src\hotspot\share\interpreter\linkResolver.cpp, line 774]
Event: 3.064 Thread 0x000001aeaf2a01a0 Exception <a 'java/lang/NoSuchMethodError'{0x000000070f864c98}: 'void java.lang.invoke.DelegatingMethodHandle$Holder.reinvoke_L(java.lang.Object, java.lang.Object, int)'> (0x000000070f864c98) 
thrown [s\open\src\hotspot\share\interpreter\linkResolver.cpp, line 774]
Event: 3.065 Thread 0x000001aeaf2a01a0 Exception <a 'java/lang/NoSuchMethodError'{0x000000070f86b5e8}: 'int java.lang.invoke.Invokers$Holder.invokeExact_MT(java.lang.Object, java.lang.Object, java.lang.Object)'> (0x000000070f86b5e8) 
thrown [s\open\src\hotspot\share\interpreter\linkResolver.cpp, line 774]
Event: 3.089 Thread 0x000001aeaf2a01a0 Exception <a 'java/lang/NoSuchMethodError'{0x000000070f8ae950}: 'void java.lang.invoke.Invokers$Holder.invokeExact_MT(java.lang.Object, java.lang.Object, java.lang.Object, java.lang.Object)'> (0x000000070f8ae950) 
thrown [s\open\src\hotspot\share\interpreter\linkResolver.cpp, line 774]
Event: 3.118 Thread 0x000001aeaf2a01a0 Exception <a 'java/lang/NoSuchMethodError'{0x000000070f8c3de8}: 'void java.lang.invoke.DirectMethodHandle$Holder.invokeVirtual(java.lang.Object, java.lang.Object, int)'> (0x000000070f8c3de8) 
thrown [s\open\src\hotspot\share\interpreter\linkResolver.cpp, line 774]
Event: 3.121 Thread 0x000001aeaf2a01a0 Exception <a 'java/lang/NoSuchMethodError'{0x000000070f8cbd58}: 'void java.lang.invoke.DirectMethodHandle$Holder.invokeSpecial(java.lang.Object, java.lang.Object, java.lang.Object)'> (0x000000070f8cbd58) 
thrown [s\open\src\hotspot\share\interpreter\linkResolver.cpp, line 774]
Event: 3.309 Thread 0x000001aeaf2a01a0 Exception <a 'java/lang/ClassNotFoundException'{0x000000070f6d1248}: com/sun/org/apache/xerces/internal/impl/msg/spi/SAXMessagesProvider> (0x000000070f6d1248) 
thrown [s\open\src\hotspot\share\classfile\systemDictionary.cpp, line 313]
Event: 3.512 Thread 0x000001aeaf2a01a0 Exception <a 'java/lang/NoSuchMethodError'{0x000000070f0687d0}: 'java.lang.Object java.lang.invoke.DirectMethodHandle$Holder.invokeStaticInit(java.lang.Object, int, int, int, int)'> (0x000000070f0687d0) 
thrown [s\open\src\hotspot\share\interpreter\linkResolver.cpp, line 774]
Event: 3.608 Thread 0x000001aeaf2a01a0 Exception <a 'java/lang/NoSuchMethodError'{0x000000070f0d6678}: 'java.lang.Object java.lang.invoke.DirectMethodHandle$Holder.invokeStaticInit(java.lang.Object, java.lang.Object, int, int, int, int)'> (0x000000070f0d6678) 
thrown [s\open\src\hotspot\share\interpreter\linkResolver.cpp, line 774]
Event: 3.741 Thread 0x000001aeaf2a01a0 Exception <a 'java/lang/NoSuchMethodError'{0x000000070eea8078}: 'void java.lang.invoke.DirectMethodHandle$Holder.invokeVirtual(java.lang.Object, java.lang.Object)'> (0x000000070eea8078) 
thrown [s\open\src\hotspot\share\interpreter\linkResolver.cpp, line 774]
Event: 4.176 Thread 0x000001aeaf2a01a0 Implicit null exception at 0x000001aec096cd89 to 0x000001aec0971f00
Event: 4.176 Thread 0x000001aeaf2a01a0 Implicit null exception at 0x000001aec0978d1e to 0x000001aec0979da4

ZGC Phase Switch (0 events):
No events

VM Operations (20 events):
Event: 2.143 Executing VM operation: HandshakeAllThreads (Deoptimize)
Event: 2.143 Executing VM operation: HandshakeAllThreads (Deoptimize) done
Event: 2.149 Executing VM operation: HandshakeAllThreads (Deoptimize)
Event: 2.149 Executing VM operation: HandshakeAllThreads (Deoptimize) done
Event: 2.245 Executing VM operation: ICBufferFull
Event: 2.245 Executing VM operation: ICBufferFull done
Event: 2.313 Executing VM operation: HandshakeAllThreads (Deoptimize)
Event: 2.313 Executing VM operation: HandshakeAllThreads (Deoptimize) done
Event: 3.301 Executing VM operation: HandshakeAllThreads (Deoptimize)
Event: 3.301 Executing VM operation: HandshakeAllThreads (Deoptimize) done
Event: 3.301 Executing VM operation: Cleanup
Event: 3.301 Executing VM operation: Cleanup done
Event: 3.364 Executing VM operation: HandshakeAllThreads (Deoptimize)
Event: 3.364 Executing VM operation: HandshakeAllThreads (Deoptimize) done
Event: 3.368 Executing VM operation: HandshakeAllThreads (Deoptimize)
Event: 3.368 Executing VM operation: HandshakeAllThreads (Deoptimize) done
Event: 3.395 Executing VM operation: HandshakeAllThreads (Deoptimize)
Event: 3.395 Executing VM operation: HandshakeAllThreads (Deoptimize) done
Event: 4.157 Executing VM operation: G1CollectForAllocation (G1 Evacuation Pause)
Event: 4.170 Executing VM operation: G1CollectForAllocation (G1 Evacuation Pause) done

Events (17 events):
Event: 0.152 Thread 0x000001aeaf2a01a0 Thread added: 0x000001aeaf2a01a0
Event: 0.191 Thread 0x000001aed03197a0 Thread added: 0x000001aed03197a0
Event: 0.191 Thread 0x000001aed031f420 Thread added: 0x000001aed031f420
Event: 0.192 Thread 0x000001aed0322fe0 Thread added: 0x000001aed0322fe0
Event: 0.192 Thread 0x000001aed0325b50 Thread added: 0x000001aed0325b50
Event: 0.193 Thread 0x000001aed0327770 Thread added: 0x000001aed0327770
Event: 0.193 Thread 0x000001aed03281d0 Thread added: 0x000001aed03281d0
Event: 0.193 Thread 0x000001aed032af70 Thread added: 0x000001aed032af70
Event: 0.193 Thread 0x000001aed032c2f0 Thread added: 0x000001aed032c2f0
Event: 0.421 Thread 0x000001aed02e7570 Thread added: 0x000001aed02e7570
Event: 0.714 Thread 0x000001aed06a9d90 Thread added: 0x000001aed06a9d90
Event: 1.467 Thread 0x000001aed06a9d90 Thread exited: 0x000001aed06a9d90
Event: 1.765 Thread 0x000001af1699d260 Thread added: 0x000001af1699d260
Event: 1.802 Thread 0x000001af1640c410 Thread added: 0x000001af1640c410
Event: 1.873 Thread 0x000001af16906170 Thread added: 0x000001af16906170
Event: 1.923 Thread 0x000001af1686c0d0 Thread added: 0x000001af1686c0d0
Event: 3.434 Thread 0x000001af1686c0d0 Thread exited: 0x000001af1686c0d0


Dynamic libraries:
0x00007ff7ff8a0000 - 0x00007ff7ff8b0000 	C:\Program Files\Java\jdk-22\bin\java.exe
0x00007ffd99870000 - 0x00007ffd99a87000 	C:\Windows\SYSTEM32\ntdll.dll
0x00007ffd98410000 - 0x00007ffd984d4000 	C:\Windows\System32\KERNEL32.DLL
0x00007ffd96c30000 - 0x00007ffd96fe7000 	C:\Windows\System32\KERNELBASE.dll
0x00007ffd97220000 - 0x00007ffd97331000 	C:\Windows\System32\ucrtbase.dll
0x00007ffd90260000 - 0x00007ffd90277000 	C:\Program Files\Java\jdk-22\bin\jli.dll
0x00007ffd98780000 - 0x00007ffd98832000 	C:\Windows\System32\ADVAPI32.dll
0x00007ffd97f90000 - 0x00007ffd98037000 	C:\Windows\System32\msvcrt.dll
0x00007ffd97ee0000 - 0x00007ffd97f88000 	C:\Windows\System32\sechost.dll
0x00007ffd97340000 - 0x00007ffd97368000 	C:\Windows\System32\bcrypt.dll
0x00007ffd982f0000 - 0x00007ffd98404000 	C:\Windows\System32\RPCRT4.dll
0x00007ffd8cf20000 - 0x00007ffd8cf3b000 	C:\Program Files\Java\jdk-22\bin\VCRUNTIME140.dll
0x00007ffd97770000 - 0x00007ffd9791f000 	C:\Windows\System32\USER32.dll
0x00007ffd96c00000 - 0x00007ffd96c26000 	C:\Windows\System32\win32u.dll
0x00007ffd98570000 - 0x00007ffd98599000 	C:\Windows\System32\GDI32.dll
0x00007ffd97370000 - 0x00007ffd97488000 	C:\Windows\System32\gdi32full.dll
0x00007ffd85b70000 - 0x00007ffd85e03000 	C:\Windows\WinSxS\amd64_microsoft.windows.common-controls_6595b64144ccf1df_6.0.22621.3672_none_2713b9d173822955\COMCTL32.dll
0x00007ffd97490000 - 0x00007ffd9752a000 	C:\Windows\System32\msvcp_win.dll
0x00007ffd8d020000 - 0x00007ffd8d02a000 	C:\Windows\SYSTEM32\VERSION.dll
0x00007ffd985a0000 - 0x00007ffd985d1000 	C:\Windows\System32\IMM32.DLL
0x00007ffd8cf10000 - 0x00007ffd8cf1c000 	C:\Program Files\Java\jdk-22\bin\vcruntime140_1.dll
0x00007ffd861c0000 - 0x00007ffd8624e000 	C:\Program Files\Java\jdk-22\bin\msvcp140.dll
0x00007ffd32db0000 - 0x00007ffd33af7000 	C:\Program Files\Java\jdk-22\bin\server\jvm.dll
0x00007ffd98700000 - 0x00007ffd98771000 	C:\Windows\System32\WS2_32.dll
0x00007ffd959f0000 - 0x00007ffd95a3d000 	C:\Windows\SYSTEM32\POWRPROF.dll
0x00007ffd92400000 - 0x00007ffd92434000 	C:\Windows\SYSTEM32\WINMM.dll
0x00007ffd959d0000 - 0x00007ffd959e3000 	C:\Windows\SYSTEM32\UMPDC.dll
0x00007ffd95c80000 - 0x00007ffd95c98000 	C:\Windows\SYSTEM32\kernel.appcore.dll
0x00007ffd8b4b0000 - 0x00007ffd8b4ba000 	C:\Program Files\Java\jdk-22\bin\jimage.dll
0x00007ffd84c80000 - 0x00007ffd84eb2000 	C:\Windows\SYSTEM32\DBGHELP.DLL
0x00007ffd97af0000 - 0x00007ffd97e7e000 	C:\Windows\System32\combase.dll
0x00007ffd99670000 - 0x00007ffd99747000 	C:\Windows\System32\OLEAUT32.dll
0x00007ffd803d0000 - 0x00007ffd80402000 	C:\Windows\SYSTEM32\dbgcore.DLL
0x00007ffd96b80000 - 0x00007ffd96bfb000 	C:\Windows\System32\bcryptPrimitives.dll
0x00007ffd8b490000 - 0x00007ffd8b49f000 	C:\Program Files\Java\jdk-22\bin\instrument.dll
0x00007ffd88700000 - 0x00007ffd8871e000 	C:\Program Files\Java\jdk-22\bin\java.dll
0x00007ffd98e00000 - 0x00007ffd99669000 	C:\Windows\System32\SHELL32.dll
0x00007ffd98040000 - 0x00007ffd981e5000 	C:\Windows\System32\ole32.dll
0x00007ffd861a0000 - 0x00007ffd861b7000 	C:\Program Files\Java\jdk-22\bin\zip.dll
0x00007ffd94ab0000 - 0x00007ffd953af000 	C:\Windows\SYSTEM32\windows.storage.dll
0x00007ffd94970000 - 0x00007ffd94aaf000 	C:\Windows\SYSTEM32\wintypes.dll
0x00007ffd98600000 - 0x00007ffd986f9000 	C:\Windows\System32\SHCORE.dll
0x00007ffd99750000 - 0x00007ffd997ae000 	C:\Windows\System32\shlwapi.dll
0x00007ffd96ab0000 - 0x00007ffd96ad7000 	C:\Windows\SYSTEM32\profapi.dll
0x00007ffd543b0000 - 0x00007ffd54487000 	C:\Program Files\Java\jdk-22\bin\jsvml.dll
0x00007ffd88c10000 - 0x00007ffd88c20000 	C:\Program Files\Java\jdk-22\bin\net.dll
0x00007ffd960e0000 - 0x00007ffd96149000 	C:\Windows\system32\mswsock.dll
0x00007ffd86180000 - 0x00007ffd86196000 	C:\Program Files\Java\jdk-22\bin\nio.dll
0x00007ffd886f0000 - 0x00007ffd88700000 	C:\Program Files\Java\jdk-22\bin\verify.dll
0x00007ffd87820000 - 0x00007ffd87829000 	C:\Program Files\Java\jdk-22\bin\extnet.dll
0x00007ffd96430000 - 0x00007ffd9644b000 	C:\Windows\SYSTEM32\CRYPTSP.dll
0x00007ffd95be0000 - 0x00007ffd95c15000 	C:\Windows\system32\rsaenh.dll
0x00007ffd96180000 - 0x00007ffd961a8000 	C:\Windows\SYSTEM32\USERENV.dll
0x00007ffd96410000 - 0x00007ffd9641c000 	C:\Windows\SYSTEM32\CRYPTBASE.dll
0x00007ffd956c0000 - 0x00007ffd956ed000 	C:\Windows\SYSTEM32\IPHLPAPI.DLL
0x00007ffd985e0000 - 0x00007ffd985e9000 	C:\Windows\System32\NSI.dll

dbghelp: loaded successfully - version: 4.0.5 - missing functions: none
symbol engine: initialized successfully - sym options: 0x614 - pdb path: .;C:\Program Files\Java\jdk-22\bin;C:\Windows\SYSTEM32;C:\Windows\WinSxS\amd64_microsoft.windows.common-controls_6595b64144ccf1df_6.0.22621.3672_none_2713b9d173822955;C:\Program Files\Java\jdk-22\bin\server

VM Arguments:
jvm_args: -ea -javaagent:C:\Users\mohamed\.m2\repository/org/aspectj/aspectjweaver/1.9.21.1/aspectjweaver-1.9.21.1.jar -Didea.test.cyclic.buffer.size=1048576 -javaagent:C:\Program Files\JetBrains\IntelliJ IDEA Community Edition 2024.3.4.1\lib\idea_rt.jar=54913 -javaagent:C:\Users\mohamed\AppData\Local\JetBrains\IdeaIC2024.3\captureAgent\debugger-agent.jar -Dkotlinx.coroutines.debug.enable.creation.stack.trace=false -Ddebugger.agent.enable.coroutines=true -Dkotlinx.coroutines.debug.enable.flows.stack.trace=true -Dkotlinx.coroutines.debug.enable.mutable.state.flows.stack.trace=true -Dfile.encoding=UTF-8 -Dsun.stdout.encoding=UTF-8 -Dsun.stderr.encoding=UTF-8 
java_command: com.intellij.rt.testng.RemoteTestNGStarter -usedefaultlisteners false -socket54912 @w@C:\Users\mohamed\AppData\Local\Temp\idea_working_dirs_testng.tmp -temp C:\Users\mohamed\AppData\Local\Temp\idea_testng.tmp
java_class_path (initial): C:\Program Files\JetBrains\IntelliJ IDEA Community Edition 2024.3.4.1\lib\idea_rt.jar;C:\Program Files\JetBrains\IntelliJ IDEA Community Edition 2024.3.4.1\plugins\testng\lib\testng-rt.jar;G:\restAssured\lambda3\test-outputs\target\test-classes;G:\restAssured\lambda3\test-outputs\target\classes;C:\Users\mohamed\.m2\repository\org\seleniumhq\selenium\selenium-java\4.28.1\selenium-java-4.28.1.jar;C:\Users\mohamed\.m2\repository\org\seleniumhq\selenium\selenium-api\4.28.1\selenium-api-4.28.1.jar;C:\Users\mohamed\.m2\repository\org\jspecify\jspecify\1.0.0\jspecify-1.0.0.jar;C:\Users\mohamed\.m2\repository\org\seleniumhq\selenium\selenium-chrome-driver\4.28.1\selenium-chrome-driver-4.28.1.jar;C:\Users\mohamed\.m2\repository\com\google\auto\service\auto-service-annotations\1.1.1\auto-service-annotations-1.1.1.jar;C:\Users\mohamed\.m2\repository\org\seleniumhq\selenium\selenium-chromium-driver\4.28.1\selenium-chromium-driver-4.28.1.jar;C:\Users\mohamed\.m2\repository\org\seleniumhq\selenium\selenium-json\4.28.1\selenium-json-4.28.1.jar;C:\Users\mohamed\.m2\repository\org\seleniumhq\selenium\selenium-manager\4.28.1\selenium-manager-4.28.1.jar;C:\Users\mohamed\.m2\repository\org\seleniumhq\selenium\selenium-devtools-v130\4.28.1\selenium-devtools-v130-4.28.1.jar;C:\Users\mohamed\.m2\repository\org\seleniumhq\selenium\selenium-devtools-v131\4.28.1\selenium-devtools-v131-4.28.1.jar;C:\Users\mohamed\.m2\repository\org\seleniumhq\selenium\selenium-devtools-v132\4.28.1\selenium-devtools-v132-4.28.1.jar;C:\Users\mohamed\.m2\repository\org\seleniumhq\selenium\selenium-devtools-v85\4.28.1\selenium-devtools-v85-4.28.1.jar;C:\Users\mohamed\.m2\repository\org\seleniumhq\selenium\selenium-edge-driver\4.28.1\selenium-edge-driver-4.28.1.jar;C:\Users\mohamed\.m2\repository\org\seleniumhq\selenium\selenium-firefox-driver\4.28.1\selenium-firefox-driver-4.28.1.jar;C:\Users\mohamed\.m2\repository\org\seleniumhq\selenium\selenium-http\4.28.1\selenium-http-4.28.1.jar;C:\Users\mohamed\.m2\repository\org\seleniumhq\selenium\selenium-ie-driver\4.28.1\selenium-ie-driver-4.28.1.jar;C:\Users\mohamed\.m2\repository\org\seleniumhq\selenium\selenium-remote-driver\4.28.1\selenium-remote-driver-4.28.1.jar;C:\Users\mohamed\.m2\repository\com\google\guava\guava\33.4.0-jre\guava-33.4.0-jre.jar;C:\Users\mohamed\.m2\repository\com\google\guava\failureaccess\1.0.2\failureaccess-1.0.2.jar;C:\Users\mohamed\.m2\repository\com\google\guava\listenablefuture\9999.0-empty-to-avoid-conflict-with-guava\listenablefuture-9999.0-empty-to-avoid-conflict-with-guava.jar;C:\Users\mohamed\.m2\repository\com\google\code\findbugs\jsr305\3.0.2\jsr305-3.0.2.jar;C:\Users\mohamed\.m2\repository\org\checkerframework\checker-qual\3.43.0\checker-qual-3.43.0.jar;C:\Users\mohamed\.m2\repository\com\google\j2objc\j2objc-annotations\3.0.0\j2objc-annotations-3.0.0.jar;C:\Users\mohamed\.m2\repository\io\opentelemetry\semconv\opentelemetry-semconv\1.28.0-alpha\opentelemetry-semconv-1.28.0-alpha.jar;C:\Users\mohamed\.m2\repository\io\opentelemetry\opentelemetry-api\1.46.0\opentelemetry-api-1.46.0.jar;C:\Users\mohamed\.m2\repository\io\opentelemetry\opentelemetry-context\1.46.0\opentelemetry-context-1.46.0.jar;C:\Users\mohamed\.m2\repository\io\opentelemetry\opentelemetry-exporter-logging\1.46.0\opentelemetry-exporter-logging-1.46.0.jar;C:\Users\mohamed\.m2\repository\io\opentelemetry\opentelemetry-sdk-common\1.46.0\opentelemetry-sdk-common-1.46.0.jar;C:\Users\mohamed\.m2\repository\io\opentelemetry\opentelemetry-sdk-extension-autoconfigure-spi\1.46.0\opentelemetry-sdk-extension-autoconfigure-spi-1.46.0.jar;C:\Users\mohamed\.m2\repository\io\opentelemetry\opentelemetry-sdk-extension-autoconfigure\1.46.0\opentelemetry-sdk-extension-autoconfigure-1.46.0.jar;C:\Users\mohamed\.m2\repository\io\opentelemetry\opentelemetry-api-incubator\1.46.0-alpha\opentelemetry-api-incubator-1.46.0-alpha.jar;C:\Users\mohamed\.m2\repository\io\opentelemetry\opentelemetry-sdk-trace\1.46.0\opentelemetry-sdk-trace-1.46.0.jar;C:\Users\mohamed\.m2\repository\io\opentelemetry\opentelemetry-sdk\1.46.0\opentelemetry-sdk-1.46.0.jar;C:\Users\mohamed\.m2\repository\io\opentelemetry\opentelemetry-sdk-metrics\1.46.0\opentelemetry-sdk-metrics-1.46.0.jar;C:\Users\mohamed\.m2\repository\io\opentelemetry\opentelemetry-sdk-logs\1.46.0\opentelemetry-sdk-logs-1.46.0.jar;C:\Users\mohamed\.m2\repository\net\bytebuddy\byte-buddy\1.15.11\byte-buddy-1.15.11.jar;C:\Users\mohamed\.m2\repository\org\seleniumhq\selenium\selenium-os\4.28.1\selenium-os-4.28.1.jar;C:\Users\mohamed\.m2\repository\org\apache\commons\commons-exec\1.4.0\commons-exec-1.4.0.jar;C:\Users\mohamed\.m2\repository\org\seleniumhq\selenium\selenium-safari-driver\4.28.1\selenium-safari-driver-4.28.1.jar;C:\Users\mohamed\.m2\repository\org\seleniumhq\selenium\selenium-support\4.28.1\selenium-support-4.28.1.jar;C:\Users\mohamed\.m2\repository\org\testng\testng\7.10.2\testng-7.10.2.jar;C:\Users\mohamed\.m2\repository\com\beust\jcommander\1.82\jcommander-1.82.jar;C:\Users\mohamed\.m2\repository\org\webjars\jquery\3.7.1\jquery-3.7.1.jar;C:\Users\mohamed\.m2\repository\commons-io\commons-io\2.18.0\commons-io-2.18.0.jar;C:\Users\mohamed\.m2\repository\com\google\code\gson\gson\2.12.1\gson-2.12.1.jar;C:\Users\mohamed\.m2\repository\com\google\errorprone\error_prone_annotations\2.36.0\error_prone_annotations-2.36.0.jar;C:\Users\mohamed\.m2\repository\org\slf4j\slf4j-api\2.0.17\slf4j-api-2.0.17.jar;C:\Users\mohamed\.m2\repository\org\slf4j\slf4j-simple\2.0.16\slf4j-simple-2.0.16.jar;C:\Users\mohamed\.m2\repository\io\qameta\allure\allure-testng\2.29.1\allure-testng-2.29.1.jar;C:\Users\mohamed\.m2\repository\io\qameta\allure\allure-java-commons\2.29.1\allure-java-commons-2.29.1.jar;C:\Users\mohamed\.m2\repository\io\qameta\allure\allure-model\2.29.1\allure-model-2.29.1.jar;C:\Users\mohamed\.m2\repository\io\qameta\allure\allure-test-filter\2.29.1\allure-test-filter-2.29.1.jar;C:\Users\mohamed\.m2\repository\org\apache\logging\log4j\log4j-core\2.23.0\log4j-core-2.23.0.jar;C:\Users\mohamed\.m2\repository\org\apache\logging\log4j\log4j-api\2.23.0\log4j-api-2.23.0.jar;C:\Users\mohamed\.m2\repository\com\jayway\jsonpath\json-path\2.9.0\json-path-2.9.0.jar;C:\Users\mohamed\.m2\repository\net\minidev\json-smart\2.5.0\json-smart-2.5.0.jar;C:\Users\mohamed\.m2\repository\net\minidev\accessors-smart\2.5.0\accessors-smart-2.5.0.jar;C:\Users\mohamed\.m2\repository\org\ow2\asm\asm\9.3\asm-9.3.jar;C:\Users\mohamed\.m2\repository\com\github\javafaker\javafaker\1.0.2\javafaker-1.0.2.jar;C:\Users\mohamed\.m2\repository\org\apache\commons\commons-lang3\3.5\commons-lang3-3.5.jar;C:\Users\mohamed\.m2\repository\org\yaml\snakeyaml\1.23\snakeyaml-1.23-android.jar;C:\Users\mohamed\.m2\repository\com\github\mifmif\generex\1.0.2\generex-1.0.2.jar;C:\Users\mohamed\.m2\repository\dk\brics\automaton\automaton\1.11-8\automaton-1.11-8.jar;C:\Users\mohamed\.m2\repository\com\github\stephenc\monte\monte-screen-recorder\0.7.7.0\monte-screen-recorder-0.7.7.0.jar
Launcher Type: SUN_STANDARD

[Global flags]
     intx CICompilerCount                          = 4                                         {product} {ergonomic}
     uint ConcGCThreads                            = 2                                         {product} {ergonomic}
     uint G1ConcRefinementThreads                  = 8                                         {product} {ergonomic}
   size_t G1HeapRegionSize                         = 2097152                                   {product} {ergonomic}
   size_t InitialHeapSize                          = 268435456                                 {product} {ergonomic}
   size_t MarkStackSize                            = 4194304                                   {product} {ergonomic}
   size_t MaxHeapSize                              = 4280287232                                {product} {ergonomic}
   size_t MaxNewSize                               = 2566914048                                {product} {ergonomic}
   size_t MinHeapDeltaBytes                        = 2097152                                   {product} {ergonomic}
   size_t MinHeapSize                              = 8388608                                   {product} {ergonomic}
    uintx NonNMethodCodeHeapSize                   = 5839372                                {pd product} {ergonomic}
    uintx NonProfiledCodeHeapSize                  = 122909434                              {pd product} {ergonomic}
    uintx ProfiledCodeHeapSize                     = 122909434                              {pd product} {ergonomic}
    uintx ReservedCodeCacheSize                    = 251658240                              {pd product} {ergonomic}
     bool SegmentedCodeCache                       = true                                      {product} {ergonomic}
   size_t SoftMaxHeapSize                          = 4280287232                             {manageable} {ergonomic}
     bool UseCompressedOops                        = true                           {product lp64_product} {ergonomic}
     bool UseG1GC                                  = true                                      {product} {ergonomic}
     bool UseLargePagesIndividualAllocation        = false                                  {pd product} {ergonomic}

Logging:
Log output configuration:
 #0: stdout all=warning uptime,level,tags foldmultilines=false
 #1: stderr all=off uptime,level,tags foldmultilines=false

Environment Variables:
JAVA_HOME=C:\Program Files\Eclipse Adoptium\jdk-21.0.3.9-hotspot\
PATH=C:\Program Files\Eclipse Adoptium\jdk-21.0.3.9-hotspot\bin;C:\Program Files\Common Files\Oracle\Java\javapath;C:\Program Files (x86)\VMware\VMware Workstation\bin\;C:\Program Files (x86)\Common Files\Oracle\Java\javapath;C:\Windows\system32;C:\Windows;C:\Windows\System32\Wbem;C:\Windows\System32\WindowsPowerShell\v1.0\;C:\Windows\System32\OpenSSH\;C:\Program Files\Microchip\xc8\v2.41\bin;C:\Program Files\Git\cmd;C:\Program Files\dotnet\;C:\Program Files\Go\bin;C:\Program Files (x86)\PuTTY\;C:\Program Files\nodejs\;C:\Program Files (x86)\Microsoft SQL Server\110\Tools\Binn\;C:\Program Files\Microsoft SQL Server\110\Tools\Binn\;C:\Program Files\Microsoft SQL Server\110\DTS\Binn\;C:\Program Files (x86)\Microsoft SQL Server\110\Tools\Binn\ManagementStudio\;C:\Program Files (x86)\Microsoft SQL Server\110\DTS\Binn\;C:\Program Files\MySQL\MySQL Shell 8.0\bin\;C:\Users\mohamed\scoop\shims;C:\Users\mohamed\anaconda3;C:\Users\mohamed\anaconda3\Library\mingw-w64\bin;C:\Users\mohamed\anaconda3\Library\usr\bin;C:\Users\mohamed\anaconda3\Library\bin;C:\Users\mohamed\anaconda3\Scripts;C:\Users\mohamed\AppData\Local\Microsoft\WindowsApps;C:\Users\mohamed\AppData\Local\Programs\Microsoft VS Code\bin;C:\Users\mohamed\anaconda3\pkgs\protego-0.1.16-py_0\info\test\tests\test_data\ffmpeg.org;C:\MinGW\bin;C:\Program Files\CodeBlocks;C:\Program Files\qemu\qemu-system-arm.exe;C:\Program Files\qemu;C:\xpack-openocd-0.10.0-15\xpack-openocd-0.10.0-15\bin;C:\Program Files\qemu;C:\Users\mohamed\AppData\Local\Programs\Python\Python36\Scripts\pip3.6.exe;C:\Users\mohamed\AppData\Local\Programs\Python\Python36-32\Scripts\pip3.6.exe;C:\Users\mohamed\AppData\Local\Programs\Python\Python36-32\Scripts\pip3.6.exe;C:\Program Files (x86)\Labcenter Electronics\Proteus 8 Professional\Tools\Python\python.exe;C:\Program Files (x86)\Labcenter Electronics\Proteus 8 Demonstration\Tools\Python;C:\Users\mohamed\AppData\Roaming\npm;C:\Users\mohamed\AppData\Local\Programs\Python\Python36-32\Scripts\pip3.6.exe;C:\Users\mohamed\AppData\Local\Programs\Python\Python36-32\python.exe;C:\Users\mohamed\AppData\Local\Programs\Python\Python36-32;C:\Users\mohamed\AppData\Local\Programs\Python\Python36\Scripts\pip3.6.exe;C:\Users\mohamed\Downloads\Cypress;C:\Users\mohamed\Downloads\apache-jmeter-5.6.3\apache-jmeter-5.6.3\bin;C:\apache-maven-3.9.9\bin;C:\apache-maven-3.9.9\bin;C:\Program Files\JetBrains\IntelliJ IDEA 2024.3.1.1\bin;;C:\Program Files\Java\jdk-22\bin;C:\Program Files\JetBrains\IntelliJ IDEA Community Edition 2024.3.4.1\bin;;C:\Users\mohamed\AppData\Local\Programs\Appium Server GUI;C:\Users\mohamed\AppData\Local\Android\Sdk\platform-tools;C:\Users\mohamed\AppData\Local\Android\Sdk\tools\bin;C:\Program Files\Eclipse Adoptium\jdk-21.0.3.9-hotspot\bin\;C:\Program Files\Java\jdk-22\bin\;C:\Users\mohamed\AppData\Local\Muse Hub\lib;C:\ffmpeg\bin;
USERNAME=mohamed
OS=Windows_NT
PROCESSOR_IDENTIFIER=Intel64 Family 6 Model 60 Stepping 3, GenuineIntel
TMP=C:\Users\mohamed\AppData\Local\Temp
TEMP=C:\Users\mohamed\AppData\Local\Temp




Periodic native trim disabled

---------------  S Y S T E M  ---------------

OS:
 Windows 11 , 64 bit Build 22621 (10.0.22621.3958)
OS uptime: 0 days 18:39 hours
Hyper-V role detected

CPU: total 8 (initial active 8) (4 cores per cpu, 2 threads per core) family 6 model 60 stepping 3 microcode 0x28, cx8, cmov, fxsr, ht, mmx, sse, sse2, sse3, ssse3, sse4.1, sse4.2, popcnt, lzcnt, tsc, tscinvbit, avx, avx2, aes, erms, clmul, bmi1, bmi2, fma, vzeroupper, clflush, hv, rdtscp, f16c
Processor Information for all 8 processors :
  Max Mhz: 2501, Current Mhz: 2501, Mhz Limit: 2501

Memory: 4k page, system-wide physical 16321M (3983M free)
TotalPageFile size 34184M (AvailPageFile size 5M)
current process WorkingSet (physical memory assigned to process): 157M, peak: 157M
current process commit charge ("private bytes"): 403M, peak: 403M

vm_info: Java HotSpot(TM) 64-Bit Server VM (22.0.1+8-16) for windows-amd64 JRE (22.0.1+8-16), built on 2024-03-12T10:33:16Z by "mach5one" with MS VC++ 17.6 (VS2022)

END.
